#
# There is insufficient memory for the Java Runtime Environment to continue.
# Native memory allocation (malloc) failed to allocate 1569296 bytes for Chunk::new
# Possible reasons:
#   The system is out of physical RAM or swap space
#   The process is running with CompressedOops enabled, and the Java Heap may be blocking the growth of the native heap
# Possible solutions:
#   Reduce memory load on the system
#   Increase physical memory or swap space
#   Check if swap backing store is full
#   Decrease Java heap size (-Xmx/-Xms)
#   Decrease number of Java threads
#   Decrease Java thread stack sizes (-Xss)
#   Set larger code cache with -XX:ReservedCodeCacheSize=
#   JVM is running with Unscaled Compressed Oops mode in which the Java heap is
#     placed in the first 4GB address space. The Java Heap base address is the
#     maximum limit for the native heap growth. Please use -XX:HeapBaseMinAddress
#     to set the Java Heap base and to place the Java Heap above 4GB virtual address.
# This output file may be truncated or incomplete.
#
#  Out of Memory Error (arena.cpp:184), pid=67364, tid=89156
#
# JRE version: OpenJDK Runtime Environment (19.0.1+10) (build 19.0.1+10-21)
# Java VM: OpenJDK 64-Bit Server VM (19.0.1+10-21, mixed mode, sharing, tiered, compressed oops, compressed class ptrs, g1 gc, windows-amd64)
# No core dump will be written. Minidumps are not enabled by default on client versions of Windows
#

---------------  S U M M A R Y ------------

Command Line: --add-opens=java.base/java.util=ALL-UNNAMED --add-opens=java.base/java.lang=ALL-UNNAMED --add-opens=java.base/java.lang.invoke=ALL-UNNAMED --add-opens=java.prefs/java.util.prefs=ALL-UNNAMED --add-opens=java.base/java.nio.charset=ALL-UNNAMED --add-opens=java.base/java.net=ALL-UNNAMED --add-opens=java.base/java.util.concurrent.atomic=ALL-UNNAMED -Xmx2048m -Dfile.encoding=UTF-8 -Duser.country=US -Duser.language=en -Duser.variant org.gradle.launcher.daemon.bootstrap.GradleDaemon 7.6

Host: AMD Ryzen 5 3400G with Radeon Vega Graphics    , 8 cores, 13G,  Windows 10 , 64 bit Build 19041 (10.0.19041.2913)
Time: Thu Jun  1 00:51:37 2023 GTB Daylight Time elapsed time: 2.052604 seconds (0d 0h 0m 2s)

---------------  T H R E A D  ---------------

Current thread (0x0000021d06979030):  JavaThread "C2 CompilerThread0" daemon [_thread_in_native, id=89156, stack(0x0000007609100000,0x0000007609200000)]


Current CompileTask:
C2:   2052 2275   !   4       java.lang.ClassLoader::loadClass (121 bytes)

Stack: [0x0000007609100000,0x0000007609200000]
Native frames: (J=compiled Java code, j=interpreted, Vv=VM code, C=native code)
V  [jvm.dll+0x6ee8fa]
V  [jvm.dll+0x857a1e]
V  [jvm.dll+0x85940e]
V  [jvm.dll+0x859ac3]
V  [jvm.dll+0x28291f]
V  [jvm.dll+0xc9b5f]
V  [jvm.dll+0xc9ee5]
V  [jvm.dll+0x3bcb72]
V  [jvm.dll+0x1ee12a]
V  [jvm.dll+0x24c41b]
V  [jvm.dll+0x24b671]
V  [jvm.dll+0x1d6d61]
V  [jvm.dll+0x25b0fa]
V  [jvm.dll+0x259588]
V  [jvm.dll+0x807928]
V  [jvm.dll+0x8015fa]
V  [jvm.dll+0x6ed5eb]
C  [ucrtbase.dll+0x21bb2]
C  [KERNEL32.DLL+0x17614]
C  [ntdll.dll+0x526a1]


---------------  P R O C E S S  ---------------

Threads class SMR info:
_java_thread_list=0x0000021d0c9a04e0, length=26, elements={
0x0000021d65fdcfb0, 0x0000021d0696ca70, 0x0000021d0696d860, 0x0000021d0696fda0,
0x0000021d069708d0, 0x0000021d06973450, 0x0000021d06973d80, 0x0000021d06979030,
0x0000021d0ac08090, 0x0000021d0ac10de0, 0x0000021d0ad3ea10, 0x0000021d0ad421c0,
0x0000021d0aeb1530, 0x0000021d0c39cbf0, 0x0000021d0c7b67a0, 0x0000021d0c508110,
0x0000021d0c696450, 0x0000021d0c6a9270, 0x0000021d0c67ea50, 0x0000021d0c7542d0,
0x0000021d0c76f890, 0x0000021d0c76fde0, 0x0000021d0c76e8a0, 0x0000021d0c76e350,
0x0000021d0c76d360, 0x0000021d0c770330
}

Java Threads: ( => current thread )
  0x0000021d65fdcfb0 JavaThread "main" [_thread_blocked, id=76012, stack(0x0000007608400000,0x0000007608500000)]
  0x0000021d0696ca70 JavaThread "Reference Handler" daemon [_thread_blocked, id=80624, stack(0x0000007608b00000,0x0000007608c00000)]
  0x0000021d0696d860 JavaThread "Finalizer" daemon [_thread_blocked, id=28948, stack(0x0000007608c00000,0x0000007608d00000)]
  0x0000021d0696fda0 JavaThread "Signal Dispatcher" daemon [_thread_blocked, id=63944, stack(0x0000007608d00000,0x0000007608e00000)]
  0x0000021d069708d0 JavaThread "Attach Listener" daemon [_thread_blocked, id=84248, stack(0x0000007608e00000,0x0000007608f00000)]
  0x0000021d06973450 JavaThread "Service Thread" daemon [_thread_blocked, id=76468, stack(0x0000007608f00000,0x0000007609000000)]
  0x0000021d06973d80 JavaThread "Monitor Deflation Thread" daemon [_thread_blocked, id=85284, stack(0x0000007609000000,0x0000007609100000)]
=>0x0000021d06979030 JavaThread "C2 CompilerThread0" daemon [_thread_in_native, id=89156, stack(0x0000007609100000,0x0000007609200000)]
  0x0000021d0ac08090 JavaThread "C1 CompilerThread0" daemon [_thread_blocked, id=83848, stack(0x0000007609200000,0x0000007609300000)]
  0x0000021d0ac10de0 JavaThread "Sweeper thread" daemon [_thread_blocked, id=88884, stack(0x0000007609300000,0x0000007609400000)]
  0x0000021d0ad3ea10 JavaThread "Common-Cleaner" daemon [_thread_blocked, id=57816, stack(0x0000007609400000,0x0000007609500000)]
  0x0000021d0ad421c0 JavaThread "Notification Thread" daemon [_thread_blocked, id=80924, stack(0x0000007609500000,0x0000007609600000)]
  0x0000021d0aeb1530 JavaThread "C2 CompilerThread1" daemon [_thread_in_native, id=88048, stack(0x0000007609700000,0x0000007609800000)]
  0x0000021d0c39cbf0 JavaThread "Daemon health stats" [_thread_blocked, id=60668, stack(0x0000007609c00000,0x0000007609d00000)]
  0x0000021d0c7b67a0 JavaThread "Incoming local TCP Connector on port 49968" [_thread_in_native, id=16636, stack(0x0000007609d00000,0x0000007609e00000)]
  0x0000021d0c508110 JavaThread "Daemon periodic checks" [_thread_blocked, id=89176, stack(0x0000007609e00000,0x0000007609f00000)]
  0x0000021d0c696450 JavaThread "Daemon" [_thread_blocked, id=82788, stack(0x0000007609f00000,0x000000760a000000)]
  0x0000021d0c6a9270 JavaThread "Handler for socket connection from /127.0.0.1:49968 to /127.0.0.1:49970" [_thread_in_native, id=85296, stack(0x000000760a000000,0x000000760a100000)]
  0x0000021d0c67ea50 JavaThread "Cancel handler" [_thread_blocked, id=66748, stack(0x000000760a100000,0x000000760a200000)]
  0x0000021d0c7542d0 JavaThread "Daemon worker" [_thread_in_vm, id=82884, stack(0x000000760a200000,0x000000760a300000)]
  0x0000021d0c76f890 JavaThread "Asynchronous log dispatcher for DefaultDaemonConnection: socket connection from /127.0.0.1:49968 to /127.0.0.1:49970" [_thread_blocked, id=88320, stack(0x000000760a300000,0x000000760a400000)]
  0x0000021d0c76fde0 JavaThread "Stdin handler" [_thread_blocked, id=74448, stack(0x000000760a400000,0x000000760a500000)]
  0x0000021d0c76e8a0 JavaThread "Daemon client event forwarder" [_thread_blocked, id=73708, stack(0x000000760a500000,0x000000760a600000)]
  0x0000021d0c76e350 JavaThread "Cache worker for journal cache (C:\Users\shon6\.gradle\caches\journal-1)" [_thread_blocked, id=81456, stack(0x000000760a600000,0x000000760a700000)]
  0x0000021d0c76d360 JavaThread "File lock request listener" [_thread_in_native, id=89748, stack(0x000000760a700000,0x000000760a800000)]
  0x0000021d0c770330 JavaThread "Cache worker for file hash cache (C:\Users\shon6\.gradle\caches\7.6\fileHashes)" [_thread_blocked, id=86560, stack(0x000000760a800000,0x000000760a900000)]

Other Threads:
  0x0000021d06954b20 VMThread "VM Thread" [stack: 0x0000007608a00000,0x0000007608b00000] [id=77116]
  0x0000021d0ad45340 WatcherThread "VM Periodic Task Thread" [stack: 0x0000007609600000,0x0000007609700000] [id=9256]
  0x0000021d6609cc90 WorkerThread "GC Thread#0" [stack: 0x0000007608500000,0x0000007608600000] [id=88648]
  0x0000021d0b7ba250 WorkerThread "GC Thread#1" [stack: 0x0000007609800000,0x0000007609900000] [id=50780]
  0x0000021d0b7ba520 WorkerThread "GC Thread#2" [stack: 0x0000007609900000,0x0000007609a00000] [id=89208]
  0x0000021d0b704bb0 WorkerThread "GC Thread#3" [stack: 0x0000007609a00000,0x0000007609b00000] [id=52496]
  0x0000021d0b7059c0 WorkerThread "GC Thread#4" [stack: 0x0000007609b00000,0x0000007609c00000] [id=82184]
  0x0000021d660aecb0 ConcurrentGCThread "G1 Main Marker" [stack: 0x0000007608600000,0x0000007608700000] [id=88440]
  0x0000021d660afd90 WorkerThread "G1 Conc#0" [stack: 0x0000007608700000,0x0000007608800000] [id=56952]
  0x0000021d068085a0 ConcurrentGCThread "G1 Refine#0" [stack: 0x0000007608800000,0x0000007608900000] [id=71056]
  0x0000021d06808ef0 ConcurrentGCThread "G1 Service" [stack: 0x0000007608900000,0x0000007608a00000] [id=84176]

Threads with active compile tasks:
C2 CompilerThread0     2067 2275   !   4       java.lang.ClassLoader::loadClass (121 bytes)
C2 CompilerThread1     2067 2336   !   4       java.security.AccessController::doPrivileged (26 bytes)

VM state: not at safepoint (normal execution)

VM Mutex/Monitor currently owned by a thread: None

Heap address: 0x0000000080000000, size: 2048 MB, Compressed Oops mode: 32-bit

CDS archive(s) mapped at: [0x0000000800000000-0x0000000800c30000-0x0000000800c30000), size 12779520, SharedBaseAddress: 0x0000000800000000, ArchiveRelocationMode: 0.
Compressed class space mapped at: 0x0000000801000000-0x0000000841000000, reserved size: 1073741824
Narrow klass base: 0x0000000800000000, Narrow klass shift: 0, Narrow klass range: 0x100000000

GC Precious Log:
 CardTable entry size: 512
 Card Set container configuration: InlinePtr #cards 5 size 8 Array Of Cards #cards 12 size 40 Howl #buckets 4 coarsen threshold 1843 Howl Bitmap #cards 512 size 80 coarsen threshold 460 Card regions per heap region 1 cards per card region 2048
 CPUs: 8 total, 8 available
 Memory: 14284M
 Large Page Support: Disabled
 NUMA Support: Disabled
 Compressed Oops: Enabled (32-bit)
 Heap Region Size: 1M
 Heap Min Capacity: 8M
 Heap Initial Capacity: 224M
 Heap Max Capacity: 2G
 Pre-touch: Disabled
 Parallel Workers: 8
 Concurrent Workers: 2
 Concurrent Refinement Workers: 8
 Periodic GC: Disabled

Heap:
 garbage-first heap   total 229376K, used 69592K [0x0000000080000000, 0x0000000100000000)
  region size 1024K, 60 young (61440K), 4 survivors (4096K)
 Metaspace       used 15745K, committed 16256K, reserved 1114112K
  class space    used 2208K, committed 2432K, reserved 1048576K

Heap Regions: E=young(eden), S=young(survivor), O=old, HS=humongous(starts), HC=humongous(continues), CS=collection set, F=free, OA=open archive, CA=closed archive, TAMS=top-at-mark-start (previous, next)
|   0|0x0000000080000000, 0x0000000080100000, 0x0000000080100000|100%|HS|  |TAMS 0x0000000080000000, 0x0000000080000000| Complete 
|   1|0x0000000080100000, 0x0000000080200000, 0x0000000080200000|100%|HC|  |TAMS 0x0000000080100000, 0x0000000080100000| Complete 
|   2|0x0000000080200000, 0x0000000080300000, 0x0000000080300000|100%|HC|  |TAMS 0x0000000080200000, 0x0000000080200000| Complete 
|   3|0x0000000080300000, 0x0000000080400000, 0x0000000080400000|100%| O|  |TAMS 0x0000000080300000, 0x0000000080300000| Untracked 
|   4|0x0000000080400000, 0x0000000080500000, 0x0000000080500000|100%| O|  |TAMS 0x0000000080400000, 0x0000000080400000| Untracked 
|   5|0x0000000080500000, 0x0000000080600000, 0x0000000080600000|100%| O|  |TAMS 0x0000000080500000, 0x0000000080500000| Untracked 
|   6|0x0000000080600000, 0x0000000080700000, 0x0000000080700000|100%| O|  |TAMS 0x0000000080600000, 0x0000000080600000| Untracked 
|   7|0x0000000080700000, 0x0000000080700000, 0x0000000080800000|  0%| F|  |TAMS 0x0000000080700000, 0x0000000080700000| Untracked 
|   8|0x0000000080800000, 0x0000000080900000, 0x0000000080900000|100%| O|  |TAMS 0x0000000080800000, 0x0000000080800000| Untracked 
|   9|0x0000000080900000, 0x00000000809f6000, 0x0000000080a00000| 96%| O|  |TAMS 0x0000000080900000, 0x0000000080900000| Untracked 
|  10|0x0000000080a00000, 0x0000000080a00000, 0x0000000080b00000|  0%| F|  |TAMS 0x0000000080a00000, 0x0000000080a00000| Untracked 
|  11|0x0000000080b00000, 0x0000000080b00000, 0x0000000080c00000|  0%| F|  |TAMS 0x0000000080b00000, 0x0000000080b00000| Untracked 
|  12|0x0000000080c00000, 0x0000000080c00000, 0x0000000080d00000|  0%| F|  |TAMS 0x0000000080c00000, 0x0000000080c00000| Untracked 
|  13|0x0000000080d00000, 0x0000000080d00000, 0x0000000080e00000|  0%| F|  |TAMS 0x0000000080d00000, 0x0000000080d00000| Untracked 
|  14|0x0000000080e00000, 0x0000000080e00000, 0x0000000080f00000|  0%| F|  |TAMS 0x0000000080e00000, 0x0000000080e00000| Untracked 
|  15|0x0000000080f00000, 0x0000000080f00000, 0x0000000081000000|  0%| F|  |TAMS 0x0000000080f00000, 0x0000000080f00000| Untracked 
|  16|0x0000000081000000, 0x0000000081000000, 0x0000000081100000|  0%| F|  |TAMS 0x0000000081000000, 0x0000000081000000| Untracked 
|  17|0x0000000081100000, 0x0000000081100000, 0x0000000081200000|  0%| F|  |TAMS 0x0000000081100000, 0x0000000081100000| Untracked 
|  18|0x0000000081200000, 0x0000000081200000, 0x0000000081300000|  0%| F|  |TAMS 0x0000000081200000, 0x0000000081200000| Untracked 
|  19|0x0000000081300000, 0x0000000081300000, 0x0000000081400000|  0%| F|  |TAMS 0x0000000081300000, 0x0000000081300000| Untracked 
|  20|0x0000000081400000, 0x0000000081400000, 0x0000000081500000|  0%| F|  |TAMS 0x0000000081400000, 0x0000000081400000| Untracked 
|  21|0x0000000081500000, 0x0000000081500000, 0x0000000081600000|  0%| F|  |TAMS 0x0000000081500000, 0x0000000081500000| Untracked 
|  22|0x0000000081600000, 0x0000000081600000, 0x0000000081700000|  0%| F|  |TAMS 0x0000000081600000, 0x0000000081600000| Untracked 
|  23|0x0000000081700000, 0x0000000081700000, 0x0000000081800000|  0%| F|  |TAMS 0x0000000081700000, 0x0000000081700000| Untracked 
|  24|0x0000000081800000, 0x0000000081800000, 0x0000000081900000|  0%| F|  |TAMS 0x0000000081800000, 0x0000000081800000| Untracked 
|  25|0x0000000081900000, 0x0000000081900000, 0x0000000081a00000|  0%| F|  |TAMS 0x0000000081900000, 0x0000000081900000| Untracked 
|  26|0x0000000081a00000, 0x0000000081a00000, 0x0000000081b00000|  0%| F|  |TAMS 0x0000000081a00000, 0x0000000081a00000| Untracked 
|  27|0x0000000081b00000, 0x0000000081b00000, 0x0000000081c00000|  0%| F|  |TAMS 0x0000000081b00000, 0x0000000081b00000| Untracked 
|  28|0x0000000081c00000, 0x0000000081c00000, 0x0000000081d00000|  0%| F|  |TAMS 0x0000000081c00000, 0x0000000081c00000| Untracked 
|  29|0x0000000081d00000, 0x0000000081d00000, 0x0000000081e00000|  0%| F|  |TAMS 0x0000000081d00000, 0x0000000081d00000| Untracked 
|  30|0x0000000081e00000, 0x0000000081e00000, 0x0000000081f00000|  0%| F|  |TAMS 0x0000000081e00000, 0x0000000081e00000| Untracked 
|  31|0x0000000081f00000, 0x0000000081f00000, 0x0000000082000000|  0%| F|  |TAMS 0x0000000081f00000, 0x0000000081f00000| Untracked 
|  32|0x0000000082000000, 0x0000000082000000, 0x0000000082100000|  0%| F|  |TAMS 0x0000000082000000, 0x0000000082000000| Untracked 
|  33|0x0000000082100000, 0x0000000082100000, 0x0000000082200000|  0%| F|  |TAMS 0x0000000082100000, 0x0000000082100000| Untracked 
|  34|0x0000000082200000, 0x0000000082200000, 0x0000000082300000|  0%| F|  |TAMS 0x0000000082200000, 0x0000000082200000| Untracked 
|  35|0x0000000082300000, 0x0000000082300000, 0x0000000082400000|  0%| F|  |TAMS 0x0000000082300000, 0x0000000082300000| Untracked 
|  36|0x0000000082400000, 0x0000000082400000, 0x0000000082500000|  0%| F|  |TAMS 0x0000000082400000, 0x0000000082400000| Untracked 
|  37|0x0000000082500000, 0x0000000082500000, 0x0000000082600000|  0%| F|  |TAMS 0x0000000082500000, 0x0000000082500000| Untracked 
|  38|0x0000000082600000, 0x0000000082600000, 0x0000000082700000|  0%| F|  |TAMS 0x0000000082600000, 0x0000000082600000| Untracked 
|  39|0x0000000082700000, 0x0000000082700000, 0x0000000082800000|  0%| F|  |TAMS 0x0000000082700000, 0x0000000082700000| Untracked 
|  40|0x0000000082800000, 0x0000000082800000, 0x0000000082900000|  0%| F|  |TAMS 0x0000000082800000, 0x0000000082800000| Untracked 
|  41|0x0000000082900000, 0x0000000082900000, 0x0000000082a00000|  0%| F|  |TAMS 0x0000000082900000, 0x0000000082900000| Untracked 
|  42|0x0000000082a00000, 0x0000000082a00000, 0x0000000082b00000|  0%| F|  |TAMS 0x0000000082a00000, 0x0000000082a00000| Untracked 
|  43|0x0000000082b00000, 0x0000000082b00000, 0x0000000082c00000|  0%| F|  |TAMS 0x0000000082b00000, 0x0000000082b00000| Untracked 
|  44|0x0000000082c00000, 0x0000000082c00000, 0x0000000082d00000|  0%| F|  |TAMS 0x0000000082c00000, 0x0000000082c00000| Untracked 
|  45|0x0000000082d00000, 0x0000000082d00000, 0x0000000082e00000|  0%| F|  |TAMS 0x0000000082d00000, 0x0000000082d00000| Untracked 
|  46|0x0000000082e00000, 0x0000000082e00000, 0x0000000082f00000|  0%| F|  |TAMS 0x0000000082e00000, 0x0000000082e00000| Untracked 
|  47|0x0000000082f00000, 0x0000000082f00000, 0x0000000083000000|  0%| F|  |TAMS 0x0000000082f00000, 0x0000000082f00000| Untracked 
|  48|0x0000000083000000, 0x0000000083000000, 0x0000000083100000|  0%| F|  |TAMS 0x0000000083000000, 0x0000000083000000| Untracked 
|  49|0x0000000083100000, 0x0000000083100000, 0x0000000083200000|  0%| F|  |TAMS 0x0000000083100000, 0x0000000083100000| Untracked 
|  50|0x0000000083200000, 0x0000000083200000, 0x0000000083300000|  0%| F|  |TAMS 0x0000000083200000, 0x0000000083200000| Untracked 
|  51|0x0000000083300000, 0x0000000083300000, 0x0000000083400000|  0%| F|  |TAMS 0x0000000083300000, 0x0000000083300000| Untracked 
|  52|0x0000000083400000, 0x0000000083400000, 0x0000000083500000|  0%| F|  |TAMS 0x0000000083400000, 0x0000000083400000| Untracked 
|  53|0x0000000083500000, 0x0000000083500000, 0x0000000083600000|  0%| F|  |TAMS 0x0000000083500000, 0x0000000083500000| Untracked 
|  54|0x0000000083600000, 0x0000000083600000, 0x0000000083700000|  0%| F|  |TAMS 0x0000000083600000, 0x0000000083600000| Untracked 
|  55|0x0000000083700000, 0x0000000083700000, 0x0000000083800000|  0%| F|  |TAMS 0x0000000083700000, 0x0000000083700000| Untracked 
|  56|0x0000000083800000, 0x0000000083800000, 0x0000000083900000|  0%| F|  |TAMS 0x0000000083800000, 0x0000000083800000| Untracked 
|  57|0x0000000083900000, 0x0000000083900000, 0x0000000083a00000|  0%| F|  |TAMS 0x0000000083900000, 0x0000000083900000| Untracked 
|  58|0x0000000083a00000, 0x0000000083a00000, 0x0000000083b00000|  0%| F|  |TAMS 0x0000000083a00000, 0x0000000083a00000| Untracked 
|  59|0x0000000083b00000, 0x0000000083b00000, 0x0000000083c00000|  0%| F|  |TAMS 0x0000000083b00000, 0x0000000083b00000| Untracked 
|  60|0x0000000083c00000, 0x0000000083c00000, 0x0000000083d00000|  0%| F|  |TAMS 0x0000000083c00000, 0x0000000083c00000| Untracked 
|  61|0x0000000083d00000, 0x0000000083d00000, 0x0000000083e00000|  0%| F|  |TAMS 0x0000000083d00000, 0x0000000083d00000| Untracked 
|  62|0x0000000083e00000, 0x0000000083e00000, 0x0000000083f00000|  0%| F|  |TAMS 0x0000000083e00000, 0x0000000083e00000| Untracked 
|  63|0x0000000083f00000, 0x0000000083f00000, 0x0000000084000000|  0%| F|  |TAMS 0x0000000083f00000, 0x0000000083f00000| Untracked 
|  64|0x0000000084000000, 0x0000000084000000, 0x0000000084100000|  0%| F|  |TAMS 0x0000000084000000, 0x0000000084000000| Untracked 
|  65|0x0000000084100000, 0x0000000084100000, 0x0000000084200000|  0%| F|  |TAMS 0x0000000084100000, 0x0000000084100000| Untracked 
|  66|0x0000000084200000, 0x0000000084200000, 0x0000000084300000|  0%| F|  |TAMS 0x0000000084200000, 0x0000000084200000| Untracked 
|  67|0x0000000084300000, 0x0000000084300000, 0x0000000084400000|  0%| F|  |TAMS 0x0000000084300000, 0x0000000084300000| Untracked 
|  68|0x0000000084400000, 0x0000000084400000, 0x0000000084500000|  0%| F|  |TAMS 0x0000000084400000, 0x0000000084400000| Untracked 
|  69|0x0000000084500000, 0x0000000084500000, 0x0000000084600000|  0%| F|  |TAMS 0x0000000084500000, 0x0000000084500000| Untracked 
|  70|0x0000000084600000, 0x0000000084600000, 0x0000000084700000|  0%| F|  |TAMS 0x0000000084600000, 0x0000000084600000| Untracked 
|  71|0x0000000084700000, 0x0000000084700000, 0x0000000084800000|  0%| F|  |TAMS 0x0000000084700000, 0x0000000084700000| Untracked 
|  72|0x0000000084800000, 0x0000000084800000, 0x0000000084900000|  0%| F|  |TAMS 0x0000000084800000, 0x0000000084800000| Untracked 
|  73|0x0000000084900000, 0x0000000084900000, 0x0000000084a00000|  0%| F|  |TAMS 0x0000000084900000, 0x0000000084900000| Untracked 
|  74|0x0000000084a00000, 0x0000000084a00000, 0x0000000084b00000|  0%| F|  |TAMS 0x0000000084a00000, 0x0000000084a00000| Untracked 
|  75|0x0000000084b00000, 0x0000000084b00000, 0x0000000084c00000|  0%| F|  |TAMS 0x0000000084b00000, 0x0000000084b00000| Untracked 
|  76|0x0000000084c00000, 0x0000000084c00000, 0x0000000084d00000|  0%| F|  |TAMS 0x0000000084c00000, 0x0000000084c00000| Untracked 
|  77|0x0000000084d00000, 0x0000000084d00000, 0x0000000084e00000|  0%| F|  |TAMS 0x0000000084d00000, 0x0000000084d00000| Untracked 
|  78|0x0000000084e00000, 0x0000000084e00000, 0x0000000084f00000|  0%| F|  |TAMS 0x0000000084e00000, 0x0000000084e00000| Untracked 
|  79|0x0000000084f00000, 0x0000000084f00000, 0x0000000085000000|  0%| F|  |TAMS 0x0000000084f00000, 0x0000000084f00000| Untracked 
|  80|0x0000000085000000, 0x0000000085000000, 0x0000000085100000|  0%| F|  |TAMS 0x0000000085000000, 0x0000000085000000| Untracked 
|  81|0x0000000085100000, 0x0000000085100000, 0x0000000085200000|  0%| F|  |TAMS 0x0000000085100000, 0x0000000085100000| Untracked 
|  82|0x0000000085200000, 0x0000000085200000, 0x0000000085300000|  0%| F|  |TAMS 0x0000000085200000, 0x0000000085200000| Untracked 
|  83|0x0000000085300000, 0x0000000085300000, 0x0000000085400000|  0%| F|  |TAMS 0x0000000085300000, 0x0000000085300000| Untracked 
|  84|0x0000000085400000, 0x0000000085400000, 0x0000000085500000|  0%| F|  |TAMS 0x0000000085400000, 0x0000000085400000| Untracked 
|  85|0x0000000085500000, 0x0000000085500000, 0x0000000085600000|  0%| F|  |TAMS 0x0000000085500000, 0x0000000085500000| Untracked 
|  86|0x0000000085600000, 0x0000000085600000, 0x0000000085700000|  0%| F|  |TAMS 0x0000000085600000, 0x0000000085600000| Untracked 
|  87|0x0000000085700000, 0x0000000085700000, 0x0000000085800000|  0%| F|  |TAMS 0x0000000085700000, 0x0000000085700000| Untracked 
|  88|0x0000000085800000, 0x0000000085800000, 0x0000000085900000|  0%| F|  |TAMS 0x0000000085800000, 0x0000000085800000| Untracked 
|  89|0x0000000085900000, 0x0000000085900000, 0x0000000085a00000|  0%| F|  |TAMS 0x0000000085900000, 0x0000000085900000| Untracked 
|  90|0x0000000085a00000, 0x0000000085a00000, 0x0000000085b00000|  0%| F|  |TAMS 0x0000000085a00000, 0x0000000085a00000| Untracked 
|  91|0x0000000085b00000, 0x0000000085b00000, 0x0000000085c00000|  0%| F|  |TAMS 0x0000000085b00000, 0x0000000085b00000| Untracked 
|  92|0x0000000085c00000, 0x0000000085c00000, 0x0000000085d00000|  0%| F|  |TAMS 0x0000000085c00000, 0x0000000085c00000| Untracked 
|  93|0x0000000085d00000, 0x0000000085d00000, 0x0000000085e00000|  0%| F|  |TAMS 0x0000000085d00000, 0x0000000085d00000| Untracked 
|  94|0x0000000085e00000, 0x0000000085e00000, 0x0000000085f00000|  0%| F|  |TAMS 0x0000000085e00000, 0x0000000085e00000| Untracked 
|  95|0x0000000085f00000, 0x0000000085f00000, 0x0000000086000000|  0%| F|  |TAMS 0x0000000085f00000, 0x0000000085f00000| Untracked 
|  96|0x0000000086000000, 0x0000000086000000, 0x0000000086100000|  0%| F|  |TAMS 0x0000000086000000, 0x0000000086000000| Untracked 
|  97|0x0000000086100000, 0x0000000086100000, 0x0000000086200000|  0%| F|  |TAMS 0x0000000086100000, 0x0000000086100000| Untracked 
|  98|0x0000000086200000, 0x0000000086200000, 0x0000000086300000|  0%| F|  |TAMS 0x0000000086200000, 0x0000000086200000| Untracked 
|  99|0x0000000086300000, 0x0000000086300000, 0x0000000086400000|  0%| F|  |TAMS 0x0000000086300000, 0x0000000086300000| Untracked 
| 100|0x0000000086400000, 0x0000000086400000, 0x0000000086500000|  0%| F|  |TAMS 0x0000000086400000, 0x0000000086400000| Untracked 
| 101|0x0000000086500000, 0x0000000086500000, 0x0000000086600000|  0%| F|  |TAMS 0x0000000086500000, 0x0000000086500000| Untracked 
| 102|0x0000000086600000, 0x0000000086600000, 0x0000000086700000|  0%| F|  |TAMS 0x0000000086600000, 0x0000000086600000| Untracked 
| 103|0x0000000086700000, 0x0000000086700000, 0x0000000086800000|  0%| F|  |TAMS 0x0000000086700000, 0x0000000086700000| Untracked 
| 104|0x0000000086800000, 0x0000000086800000, 0x0000000086900000|  0%| F|  |TAMS 0x0000000086800000, 0x0000000086800000| Untracked 
| 105|0x0000000086900000, 0x0000000086900000, 0x0000000086a00000|  0%| F|  |TAMS 0x0000000086900000, 0x0000000086900000| Untracked 
| 106|0x0000000086a00000, 0x0000000086a00000, 0x0000000086b00000|  0%| F|  |TAMS 0x0000000086a00000, 0x0000000086a00000| Untracked 
| 107|0x0000000086b00000, 0x0000000086b00000, 0x0000000086c00000|  0%| F|  |TAMS 0x0000000086b00000, 0x0000000086b00000| Untracked 
| 108|0x0000000086c00000, 0x0000000086c00000, 0x0000000086d00000|  0%| F|  |TAMS 0x0000000086c00000, 0x0000000086c00000| Untracked 
| 109|0x0000000086d00000, 0x0000000086d00000, 0x0000000086e00000|  0%| F|  |TAMS 0x0000000086d00000, 0x0000000086d00000| Untracked 
| 110|0x0000000086e00000, 0x0000000086e00000, 0x0000000086f00000|  0%| F|  |TAMS 0x0000000086e00000, 0x0000000086e00000| Untracked 
| 111|0x0000000086f00000, 0x0000000086f00000, 0x0000000087000000|  0%| F|  |TAMS 0x0000000086f00000, 0x0000000086f00000| Untracked 
| 112|0x0000000087000000, 0x0000000087000000, 0x0000000087100000|  0%| F|  |TAMS 0x0000000087000000, 0x0000000087000000| Untracked 
| 113|0x0000000087100000, 0x0000000087100000, 0x0000000087200000|  0%| F|  |TAMS 0x0000000087100000, 0x0000000087100000| Untracked 
| 114|0x0000000087200000, 0x0000000087200000, 0x0000000087300000|  0%| F|  |TAMS 0x0000000087200000, 0x0000000087200000| Untracked 
| 115|0x0000000087300000, 0x0000000087300000, 0x0000000087400000|  0%| F|  |TAMS 0x0000000087300000, 0x0000000087300000| Untracked 
| 116|0x0000000087400000, 0x0000000087400000, 0x0000000087500000|  0%| F|  |TAMS 0x0000000087400000, 0x0000000087400000| Untracked 
| 117|0x0000000087500000, 0x0000000087500000, 0x0000000087600000|  0%| F|  |TAMS 0x0000000087500000, 0x0000000087500000| Untracked 
| 118|0x0000000087600000, 0x0000000087600000, 0x0000000087700000|  0%| F|  |TAMS 0x0000000087600000, 0x0000000087600000| Untracked 
| 119|0x0000000087700000, 0x0000000087700000, 0x0000000087800000|  0%| F|  |TAMS 0x0000000087700000, 0x0000000087700000| Untracked 
| 120|0x0000000087800000, 0x0000000087800000, 0x0000000087900000|  0%| F|  |TAMS 0x0000000087800000, 0x0000000087800000| Untracked 
| 121|0x0000000087900000, 0x0000000087900000, 0x0000000087a00000|  0%| F|  |TAMS 0x0000000087900000, 0x0000000087900000| Untracked 
| 122|0x0000000087a00000, 0x0000000087a00000, 0x0000000087b00000|  0%| F|  |TAMS 0x0000000087a00000, 0x0000000087a00000| Untracked 
| 123|0x0000000087b00000, 0x0000000087b00000, 0x0000000087c00000|  0%| F|  |TAMS 0x0000000087b00000, 0x0000000087b00000| Untracked 
| 124|0x0000000087c00000, 0x0000000087c00000, 0x0000000087d00000|  0%| F|  |TAMS 0x0000000087c00000, 0x0000000087c00000| Untracked 
| 125|0x0000000087d00000, 0x0000000087d00000, 0x0000000087e00000|  0%| F|  |TAMS 0x0000000087d00000, 0x0000000087d00000| Untracked 
| 126|0x0000000087e00000, 0x0000000087e00000, 0x0000000087f00000|  0%| F|  |TAMS 0x0000000087e00000, 0x0000000087e00000| Untracked 
| 127|0x0000000087f00000, 0x0000000087f00000, 0x0000000088000000|  0%| F|  |TAMS 0x0000000087f00000, 0x0000000087f00000| Untracked 
| 128|0x0000000088000000, 0x0000000088000000, 0x0000000088100000|  0%| F|  |TAMS 0x0000000088000000, 0x0000000088000000| Untracked 
| 129|0x0000000088100000, 0x0000000088100000, 0x0000000088200000|  0%| F|  |TAMS 0x0000000088100000, 0x0000000088100000| Untracked 
| 130|0x0000000088200000, 0x0000000088200000, 0x0000000088300000|  0%| F|  |TAMS 0x0000000088200000, 0x0000000088200000| Untracked 
| 131|0x0000000088300000, 0x0000000088300000, 0x0000000088400000|  0%| F|  |TAMS 0x0000000088300000, 0x0000000088300000| Untracked 
| 132|0x0000000088400000, 0x0000000088400000, 0x0000000088500000|  0%| F|  |TAMS 0x0000000088400000, 0x0000000088400000| Untracked 
| 133|0x0000000088500000, 0x0000000088500000, 0x0000000088600000|  0%| F|  |TAMS 0x0000000088500000, 0x0000000088500000| Untracked 
| 134|0x0000000088600000, 0x0000000088600000, 0x0000000088700000|  0%| F|  |TAMS 0x0000000088600000, 0x0000000088600000| Untracked 
| 135|0x0000000088700000, 0x0000000088700000, 0x0000000088800000|  0%| F|  |TAMS 0x0000000088700000, 0x0000000088700000| Untracked 
| 136|0x0000000088800000, 0x0000000088800000, 0x0000000088900000|  0%| F|  |TAMS 0x0000000088800000, 0x0000000088800000| Untracked 
| 137|0x0000000088900000, 0x0000000088900000, 0x0000000088a00000|  0%| F|  |TAMS 0x0000000088900000, 0x0000000088900000| Untracked 
| 138|0x0000000088a00000, 0x0000000088a00000, 0x0000000088b00000|  0%| F|  |TAMS 0x0000000088a00000, 0x0000000088a00000| Untracked 
| 139|0x0000000088b00000, 0x0000000088b00000, 0x0000000088c00000|  0%| F|  |TAMS 0x0000000088b00000, 0x0000000088b00000| Untracked 
| 140|0x0000000088c00000, 0x0000000088c00000, 0x0000000088d00000|  0%| F|  |TAMS 0x0000000088c00000, 0x0000000088c00000| Untracked 
| 141|0x0000000088d00000, 0x0000000088d00000, 0x0000000088e00000|  0%| F|  |TAMS 0x0000000088d00000, 0x0000000088d00000| Untracked 
| 142|0x0000000088e00000, 0x0000000088e00000, 0x0000000088f00000|  0%| F|  |TAMS 0x0000000088e00000, 0x0000000088e00000| Untracked 
| 143|0x0000000088f00000, 0x0000000088f00000, 0x0000000089000000|  0%| F|  |TAMS 0x0000000088f00000, 0x0000000088f00000| Untracked 
| 144|0x0000000089000000, 0x0000000089000000, 0x0000000089100000|  0%| F|  |TAMS 0x0000000089000000, 0x0000000089000000| Untracked 
| 145|0x0000000089100000, 0x0000000089100000, 0x0000000089200000|  0%| F|  |TAMS 0x0000000089100000, 0x0000000089100000| Untracked 
| 146|0x0000000089200000, 0x0000000089200000, 0x0000000089300000|  0%| F|  |TAMS 0x0000000089200000, 0x0000000089200000| Untracked 
| 147|0x0000000089300000, 0x0000000089300000, 0x0000000089400000|  0%| F|  |TAMS 0x0000000089300000, 0x0000000089300000| Untracked 
| 148|0x0000000089400000, 0x0000000089400000, 0x0000000089500000|  0%| F|  |TAMS 0x0000000089400000, 0x0000000089400000| Untracked 
| 149|0x0000000089500000, 0x0000000089500000, 0x0000000089600000|  0%| F|  |TAMS 0x0000000089500000, 0x0000000089500000| Untracked 
| 150|0x0000000089600000, 0x0000000089600000, 0x0000000089700000|  0%| F|  |TAMS 0x0000000089600000, 0x0000000089600000| Untracked 
| 151|0x0000000089700000, 0x0000000089700000, 0x0000000089800000|  0%| F|  |TAMS 0x0000000089700000, 0x0000000089700000| Untracked 
| 152|0x0000000089800000, 0x0000000089800000, 0x0000000089900000|  0%| F|  |TAMS 0x0000000089800000, 0x0000000089800000| Untracked 
| 153|0x0000000089900000, 0x0000000089900000, 0x0000000089a00000|  0%| F|  |TAMS 0x0000000089900000, 0x0000000089900000| Untracked 
| 154|0x0000000089a00000, 0x0000000089a00000, 0x0000000089b00000|  0%| F|  |TAMS 0x0000000089a00000, 0x0000000089a00000| Untracked 
| 155|0x0000000089b00000, 0x0000000089b00000, 0x0000000089c00000|  0%| F|  |TAMS 0x0000000089b00000, 0x0000000089b00000| Untracked 
| 156|0x0000000089c00000, 0x0000000089c00000, 0x0000000089d00000|  0%| F|  |TAMS 0x0000000089c00000, 0x0000000089c00000| Untracked 
| 157|0x0000000089d00000, 0x0000000089d00000, 0x0000000089e00000|  0%| F|  |TAMS 0x0000000089d00000, 0x0000000089d00000| Untracked 
| 158|0x0000000089e00000, 0x0000000089e00000, 0x0000000089f00000|  0%| F|  |TAMS 0x0000000089e00000, 0x0000000089e00000| Untracked 
| 159|0x0000000089f00000, 0x0000000089f00000, 0x000000008a000000|  0%| F|  |TAMS 0x0000000089f00000, 0x0000000089f00000| Untracked 
| 160|0x000000008a000000, 0x000000008a000000, 0x000000008a100000|  0%| F|  |TAMS 0x000000008a000000, 0x000000008a000000| Untracked 
| 161|0x000000008a100000, 0x000000008a100000, 0x000000008a200000|  0%| F|  |TAMS 0x000000008a100000, 0x000000008a100000| Untracked 
| 162|0x000000008a200000, 0x000000008a200000, 0x000000008a300000|  0%| F|  |TAMS 0x000000008a200000, 0x000000008a200000| Untracked 
| 163|0x000000008a300000, 0x000000008a380800, 0x000000008a400000| 50%| E|  |TAMS 0x000000008a300000, 0x000000008a300000| Complete 
| 164|0x000000008a400000, 0x000000008a500000, 0x000000008a500000|100%| E|CS|TAMS 0x000000008a400000, 0x000000008a400000| Complete 
| 165|0x000000008a500000, 0x000000008a600000, 0x000000008a600000|100%| E|CS|TAMS 0x000000008a500000, 0x000000008a500000| Complete 
| 166|0x000000008a600000, 0x000000008a700000, 0x000000008a700000|100%| E|CS|TAMS 0x000000008a600000, 0x000000008a600000| Complete 
| 167|0x000000008a700000, 0x000000008a800000, 0x000000008a800000|100%| E|CS|TAMS 0x000000008a700000, 0x000000008a700000| Complete 
| 168|0x000000008a800000, 0x000000008a900000, 0x000000008a900000|100%| E|CS|TAMS 0x000000008a800000, 0x000000008a800000| Complete 
| 169|0x000000008a900000, 0x000000008aa00000, 0x000000008aa00000|100%| E|CS|TAMS 0x000000008a900000, 0x000000008a900000| Complete 
| 170|0x000000008aa00000, 0x000000008ab00000, 0x000000008ab00000|100%| E|CS|TAMS 0x000000008aa00000, 0x000000008aa00000| Complete 
| 171|0x000000008ab00000, 0x000000008ac00000, 0x000000008ac00000|100%| E|CS|TAMS 0x000000008ab00000, 0x000000008ab00000| Complete 
| 172|0x000000008ac00000, 0x000000008ad00000, 0x000000008ad00000|100%| E|CS|TAMS 0x000000008ac00000, 0x000000008ac00000| Complete 
| 173|0x000000008ad00000, 0x000000008ae00000, 0x000000008ae00000|100%| E|CS|TAMS 0x000000008ad00000, 0x000000008ad00000| Complete 
| 174|0x000000008ae00000, 0x000000008af00000, 0x000000008af00000|100%| E|CS|TAMS 0x000000008ae00000, 0x000000008ae00000| Complete 
| 175|0x000000008af00000, 0x000000008b000000, 0x000000008b000000|100%| E|CS|TAMS 0x000000008af00000, 0x000000008af00000| Complete 
| 176|0x000000008b000000, 0x000000008b100000, 0x000000008b100000|100%| E|CS|TAMS 0x000000008b000000, 0x000000008b000000| Complete 
| 177|0x000000008b100000, 0x000000008b200000, 0x000000008b200000|100%| E|CS|TAMS 0x000000008b100000, 0x000000008b100000| Complete 
| 178|0x000000008b200000, 0x000000008b300000, 0x000000008b300000|100%| E|CS|TAMS 0x000000008b200000, 0x000000008b200000| Complete 
| 179|0x000000008b300000, 0x000000008b400000, 0x000000008b400000|100%| E|CS|TAMS 0x000000008b300000, 0x000000008b300000| Complete 
| 180|0x000000008b400000, 0x000000008b500000, 0x000000008b500000|100%| E|CS|TAMS 0x000000008b400000, 0x000000008b400000| Complete 
| 181|0x000000008b500000, 0x000000008b600000, 0x000000008b600000|100%| E|CS|TAMS 0x000000008b500000, 0x000000008b500000| Complete 
| 182|0x000000008b600000, 0x000000008b700000, 0x000000008b700000|100%| E|CS|TAMS 0x000000008b600000, 0x000000008b600000| Complete 
| 183|0x000000008b700000, 0x000000008b800000, 0x000000008b800000|100%| E|CS|TAMS 0x000000008b700000, 0x000000008b700000| Complete 
| 184|0x000000008b800000, 0x000000008b900000, 0x000000008b900000|100%| E|CS|TAMS 0x000000008b800000, 0x000000008b800000| Complete 
| 185|0x000000008b900000, 0x000000008ba00000, 0x000000008ba00000|100%| E|CS|TAMS 0x000000008b900000, 0x000000008b900000| Complete 
| 186|0x000000008ba00000, 0x000000008bb00000, 0x000000008bb00000|100%| E|CS|TAMS 0x000000008ba00000, 0x000000008ba00000| Complete 
| 187|0x000000008bb00000, 0x000000008bc00000, 0x000000008bc00000|100%| E|CS|TAMS 0x000000008bb00000, 0x000000008bb00000| Complete 
| 188|0x000000008bc00000, 0x000000008bd00000, 0x000000008bd00000|100%| S|CS|TAMS 0x000000008bc00000, 0x000000008bc00000| Complete 
| 189|0x000000008bd00000, 0x000000008be00000, 0x000000008be00000|100%| S|CS|TAMS 0x000000008bd00000, 0x000000008bd00000| Complete 
| 190|0x000000008be00000, 0x000000008bf00000, 0x000000008bf00000|100%| S|CS|TAMS 0x000000008be00000, 0x000000008be00000| Complete 
| 191|0x000000008bf00000, 0x000000008c000000, 0x000000008c000000|100%| S|CS|TAMS 0x000000008bf00000, 0x000000008bf00000| Complete 
| 192|0x000000008c000000, 0x000000008c100000, 0x000000008c100000|100%| E|CS|TAMS 0x000000008c000000, 0x000000008c000000| Complete 
| 193|0x000000008c100000, 0x000000008c200000, 0x000000008c200000|100%| E|CS|TAMS 0x000000008c100000, 0x000000008c100000| Complete 
| 194|0x000000008c200000, 0x000000008c300000, 0x000000008c300000|100%| E|CS|TAMS 0x000000008c200000, 0x000000008c200000| Complete 
| 195|0x000000008c300000, 0x000000008c400000, 0x000000008c400000|100%| E|CS|TAMS 0x000000008c300000, 0x000000008c300000| Complete 
| 196|0x000000008c400000, 0x000000008c500000, 0x000000008c500000|100%| E|CS|TAMS 0x000000008c400000, 0x000000008c400000| Complete 
| 197|0x000000008c500000, 0x000000008c600000, 0x000000008c600000|100%| E|CS|TAMS 0x000000008c500000, 0x000000008c500000| Complete 
| 198|0x000000008c600000, 0x000000008c700000, 0x000000008c700000|100%| E|CS|TAMS 0x000000008c600000, 0x000000008c600000| Complete 
| 199|0x000000008c700000, 0x000000008c800000, 0x000000008c800000|100%| E|CS|TAMS 0x000000008c700000, 0x000000008c700000| Complete 
| 200|0x000000008c800000, 0x000000008c900000, 0x000000008c900000|100%| E|CS|TAMS 0x000000008c800000, 0x000000008c800000| Complete 
| 201|0x000000008c900000, 0x000000008ca00000, 0x000000008ca00000|100%| E|CS|TAMS 0x000000008c900000, 0x000000008c900000| Complete 
| 202|0x000000008ca00000, 0x000000008cb00000, 0x000000008cb00000|100%| E|CS|TAMS 0x000000008ca00000, 0x000000008ca00000| Complete 
| 203|0x000000008cb00000, 0x000000008cc00000, 0x000000008cc00000|100%| E|CS|TAMS 0x000000008cb00000, 0x000000008cb00000| Complete 
| 204|0x000000008cc00000, 0x000000008cd00000, 0x000000008cd00000|100%| E|CS|TAMS 0x000000008cc00000, 0x000000008cc00000| Complete 
| 205|0x000000008cd00000, 0x000000008ce00000, 0x000000008ce00000|100%| E|CS|TAMS 0x000000008cd00000, 0x000000008cd00000| Complete 
| 206|0x000000008ce00000, 0x000000008cf00000, 0x000000008cf00000|100%| E|CS|TAMS 0x000000008ce00000, 0x000000008ce00000| Complete 
| 207|0x000000008cf00000, 0x000000008d000000, 0x000000008d000000|100%| E|CS|TAMS 0x000000008cf00000, 0x000000008cf00000| Complete 
| 208|0x000000008d000000, 0x000000008d100000, 0x000000008d100000|100%| E|CS|TAMS 0x000000008d000000, 0x000000008d000000| Complete 
| 209|0x000000008d100000, 0x000000008d200000, 0x000000008d200000|100%| E|CS|TAMS 0x000000008d100000, 0x000000008d100000| Complete 
| 210|0x000000008d200000, 0x000000008d300000, 0x000000008d300000|100%| E|CS|TAMS 0x000000008d200000, 0x000000008d200000| Complete 
| 211|0x000000008d300000, 0x000000008d400000, 0x000000008d400000|100%| E|CS|TAMS 0x000000008d300000, 0x000000008d300000| Complete 
| 212|0x000000008d400000, 0x000000008d500000, 0x000000008d500000|100%| E|CS|TAMS 0x000000008d400000, 0x000000008d400000| Complete 
| 213|0x000000008d500000, 0x000000008d600000, 0x000000008d600000|100%| E|CS|TAMS 0x000000008d500000, 0x000000008d500000| Complete 
| 214|0x000000008d600000, 0x000000008d700000, 0x000000008d700000|100%| E|CS|TAMS 0x000000008d600000, 0x000000008d600000| Complete 
| 215|0x000000008d700000, 0x000000008d800000, 0x000000008d800000|100%| E|CS|TAMS 0x000000008d700000, 0x000000008d700000| Complete 
| 216|0x000000008d800000, 0x000000008d900000, 0x000000008d900000|100%| E|CS|TAMS 0x000000008d800000, 0x000000008d800000| Complete 
| 217|0x000000008d900000, 0x000000008da00000, 0x000000008da00000|100%| E|CS|TAMS 0x000000008d900000, 0x000000008d900000| Complete 
| 218|0x000000008da00000, 0x000000008db00000, 0x000000008db00000|100%| E|CS|TAMS 0x000000008da00000, 0x000000008da00000| Complete 
| 219|0x000000008db00000, 0x000000008dc00000, 0x000000008dc00000|100%| E|CS|TAMS 0x000000008db00000, 0x000000008db00000| Complete 
| 220|0x000000008dc00000, 0x000000008dd00000, 0x000000008dd00000|100%| E|CS|TAMS 0x000000008dc00000, 0x000000008dc00000| Complete 
| 221|0x000000008dd00000, 0x000000008de00000, 0x000000008de00000|100%| E|CS|TAMS 0x000000008dd00000, 0x000000008dd00000| Complete 
| 222|0x000000008de00000, 0x000000008df00000, 0x000000008df00000|100%| E|CS|TAMS 0x000000008de00000, 0x000000008de00000| Complete 
| 223|0x000000008df00000, 0x000000008e000000, 0x000000008e000000|100%| E|CS|TAMS 0x000000008df00000, 0x000000008df00000| Complete 

Card table byte_map: [0x0000021d7f5f0000,0x0000021d7f9f0000] _byte_map_base: 0x0000021d7f1f0000

Marking Bits (Prev, Next): (CMBitMap*) 0x0000021d6609e1e0, (CMBitMap*) 0x0000021d6609e220
 Prev Bits: [0x0000021d00000000, 0x0000021d02000000)
 Next Bits: [0x0000021d02000000, 0x0000021d04000000)

Polling page: 0x0000021d6f750000

Metaspace:

Usage:
  Non-class:     13.26 MB used.
      Class:      2.17 MB used.
       Both:     15.44 MB used.

Virtual space:
  Non-class space:       64.00 MB reserved,      13.56 MB ( 21%) committed,  1 nodes.
      Class space:        1.00 GB reserved,       2.44 MB ( <1%) committed,  1 nodes.
             Both:        1.06 GB reserved,      16.00 MB (  1%) committed. 

Chunk freelists:
   Non-Class:  2.03 MB
       Class:  1.55 MB
        Both:  3.58 MB

MaxMetaspaceSize: unlimited
CompressedClassSpaceSize: 1.00 GB
Initial GC threshold: 21.00 MB
Current GC threshold: 21.00 MB
CDS: on
MetaspaceReclaimPolicy: balanced
 - commit_granule_bytes: 65536.
 - commit_granule_words: 8192.
 - virtual_space_node_default_size: 8388608.
 - enlarge_chunks_in_place: 1.
 - new_chunks_are_fully_committed: 0.
 - uncommit_free_chunks: 1.
 - use_allocation_guard: 0.


Internal statistics:

num_allocs_failed_limit: 0.
num_arena_births: 674.
num_arena_deaths: 0.
num_vsnodes_births: 2.
num_vsnodes_deaths: 0.
num_space_committed: 256.
num_space_uncommitted: 0.
num_chunks_returned_to_freelist: 0.
num_chunks_taken_from_freelist: 1288.
num_chunk_merges: 0.
num_chunk_splits: 822.
num_chunks_enlarged: 517.
num_inconsistent_stats: 0.

CodeHeap 'non-profiled nmethods': size=120000Kb used=1099Kb max_used=1099Kb free=118900Kb
 bounds [0x0000021d77240000, 0x0000021d774b0000, 0x0000021d7e770000]
CodeHeap 'profiled nmethods': size=120000Kb used=4844Kb max_used=4844Kb free=115155Kb
 bounds [0x0000021d6f770000, 0x0000021d6fc30000, 0x0000021d76ca0000]
CodeHeap 'non-nmethods': size=5760Kb used=1320Kb max_used=1342Kb free=4439Kb
 bounds [0x0000021d76ca0000, 0x0000021d76f10000, 0x0000021d77240000]
 total_blobs=2946 nmethods=2400 adapters=456
 compilation: enabled
              stopped_count=0, restarted_count=0
 full_count=0

Compilation events (20 events):
Event: 2.031 Thread 0x0000021d0ac08090 2392       3       org.gradle.internal.service.DefaultServiceRegistry$SingletonService::getAll (23 bytes)
Event: 2.032 Thread 0x0000021d0ac08090 nmethod 2392 0x0000021d6fc1ff10 code [0x0000021d6fc200e0, 0x0000021d6fc20368]
Event: 2.033 Thread 0x0000021d0ac08090 2393       3       java.util.LinkedList::checkPositionIndex (22 bytes)
Event: 2.033 Thread 0x0000021d0ac08090 nmethod 2393 0x0000021d6fc20490 code [0x0000021d6fc20700, 0x0000021d6fc20fc8]
Event: 2.033 Thread 0x0000021d0ac08090 2394       3       java.util.LinkedList::isPositionIndex (18 bytes)
Event: 2.034 Thread 0x0000021d0ac08090 nmethod 2394 0x0000021d6fc21310 code [0x0000021d6fc214a0, 0x0000021d6fc21638]
Event: 2.036 Thread 0x0000021d0ac08090 2395       3       java.lang.Package$VersionInfo::<init> (44 bytes)
Event: 2.036 Thread 0x0000021d0ac08090 nmethod 2395 0x0000021d6fc21710 code [0x0000021d6fc218c0, 0x0000021d6fc21cb8]
Event: 2.036 Thread 0x0000021d0ac08090 2396       3       java.util.LinkedList$ListItr::remove (84 bytes)
Event: 2.037 Thread 0x0000021d0ac08090 nmethod 2396 0x0000021d6fc21d90 code [0x0000021d6fc21f80, 0x0000021d6fc22408]
Event: 2.037 Thread 0x0000021d0ac08090 2397       3       java.util.LinkedList::unlink (91 bytes)
Event: 2.037 Thread 0x0000021d0ac08090 nmethod 2397 0x0000021d6fc22610 code [0x0000021d6fc227e0, 0x0000021d6fc22bb8]
Event: 2.037 Thread 0x0000021d0ac08090 2398       3       org.gradle.internal.service.DefaultServiceMethodFactory::toServiceMethod (11 bytes)
Event: 2.037 Thread 0x0000021d0ac08090 nmethod 2398 0x0000021d6fc22d10 code [0x0000021d6fc22ec0, 0x0000021d6fc23088]
Event: 2.037 Thread 0x0000021d0ac08090 2399   !   3       org.gradle.internal.service.MethodHandleBasedServiceMethodFactory::toServiceMethod (51 bytes)
Event: 2.038 Thread 0x0000021d0ac08090 nmethod 2399 0x0000021d6fc23190 code [0x0000021d6fc234e0, 0x0000021d6fc249b8]
Event: 2.038 Thread 0x0000021d0ac08090 2400       3       java.lang.reflect.Method::getGenericParameterTypes (5 bytes)
Event: 2.039 Thread 0x0000021d0ac08090 nmethod 2400 0x0000021d6fc25010 code [0x0000021d6fc252c0, 0x0000021d6fc26378]
Event: 2.039 Thread 0x0000021d0ac08090 2401       3       java.lang.reflect.Method::hasGenericInformation (13 bytes)
Event: 2.040 Thread 0x0000021d0ac08090 nmethod 2401 0x0000021d6fc26890 code [0x0000021d6fc26a20, 0x0000021d6fc26b98]

GC Heap History (4 events):
Event: 0.734 GC heap before
{Heap before GC invocations=0 (full 0):
 garbage-first heap   total 229376K, used 25600K [0x0000000080000000, 0x0000000100000000)
  region size 1024K, 23 young (23552K), 0 survivors (0K)
 Metaspace       used 3076K, committed 3264K, reserved 1114112K
  class space    used 375K, committed 448K, reserved 1048576K
}
Event: 0.739 GC heap after
{Heap after GC invocations=1 (full 0):
 garbage-first heap   total 229376K, used 9408K [0x0000000080000000, 0x0000000100000000)
  region size 1024K, 3 young (3072K), 3 survivors (3072K)
 Metaspace       used 3076K, committed 3264K, reserved 1114112K
  class space    used 375K, committed 448K, reserved 1048576K
}
Event: 1.071 GC heap before
{Heap before GC invocations=1 (full 0):
 garbage-first heap   total 229376K, used 39104K [0x0000000080000000, 0x0000000100000000)
  region size 1024K, 32 young (32768K), 3 survivors (3072K)
 Metaspace       used 4008K, committed 4224K, reserved 1114112K
  class space    used 469K, committed 576K, reserved 1048576K
}
Event: 1.074 GC heap after
{Heap after GC invocations=2 (full 0):
 garbage-first heap   total 229376K, used 13272K [0x0000000080000000, 0x0000000100000000)
  region size 1024K, 4 young (4096K), 4 survivors (4096K)
 Metaspace       used 4008K, committed 4224K, reserved 1114112K
  class space    used 469K, committed 576K, reserved 1048576K
}

Dll operation events (13 events):
Event: 0.006 Loaded shared library C:\Users\shon6\.jdks\openjdk-19.0.1\bin\java.dll
Event: 0.015 Loaded shared library C:\Users\shon6\.jdks\openjdk-19.0.1\bin\jsvml.dll
Event: 0.068 Loaded shared library C:\Users\shon6\.jdks\openjdk-19.0.1\bin\net.dll
Event: 0.070 Loaded shared library C:\Users\shon6\.jdks\openjdk-19.0.1\bin\nio.dll
Event: 0.077 Loaded shared library C:\Users\shon6\.jdks\openjdk-19.0.1\bin\zip.dll
Event: 0.304 Loaded shared library C:\Users\shon6\.jdks\openjdk-19.0.1\bin\jimage.dll
Event: 0.390 Loaded shared library C:\Users\shon6\.jdks\openjdk-19.0.1\bin\verify.dll
Event: 0.562 Loaded shared library C:\Users\shon6\.gradle\native\68d5fa5c4cc2d200863cafc0d521ce42e7d3e7ee720ec0a83991735586a16f82\windows-amd64\native-platform.dll
Event: 0.566 Loaded shared library C:\Users\shon6\.gradle\native\e376f236ea51e6404a007f0833ffe2c6e607c4080706a723a18a27aeea778392\windows-amd64\native-platform-file-events.dll
Event: 1.226 Loaded shared library C:\Users\shon6\.jdks\openjdk-19.0.1\bin\management.dll
Event: 1.229 Loaded shared library C:\Users\shon6\.jdks\openjdk-19.0.1\bin\management_ext.dll
Event: 1.396 Loaded shared library C:\Users\shon6\.jdks\openjdk-19.0.1\bin\extnet.dll
Event: 1.512 Loaded shared library C:\Users\shon6\.jdks\openjdk-19.0.1\bin\sunmscapi.dll

Deoptimization events (20 events):
Event: 1.737 Thread 0x0000021d0c7542d0 Uncommon trap: trap_request=0xffffff45 fr.pc=0x0000021d7731beb0 relative=0x0000000000000210
Event: 1.737 Thread 0x0000021d0c7542d0 Uncommon trap: reason=unstable_if action=reinterpret pc=0x0000021d7731beb0 method=jdk.internal.org.objectweb.asm.Frame.push(I)V @ 26 c2
Event: 1.737 Thread 0x0000021d0c7542d0 DEOPT PACKING pc=0x0000021d7731beb0 sp=0x000000760a2fc9c0
Event: 1.737 Thread 0x0000021d0c7542d0 DEOPT UNPACKING pc=0x0000021d76d06da3 sp=0x000000760a2fc968 mode 2
Event: 1.739 Thread 0x0000021d0c7542d0 Uncommon trap: trap_request=0xffffff45 fr.pc=0x0000021d77300e7c relative=0x000000000000099c
Event: 1.739 Thread 0x0000021d0c7542d0 Uncommon trap: reason=unstable_if action=reinterpret pc=0x0000021d77300e7c method=jdk.internal.org.objectweb.asm.Frame.execute(IILjdk/internal/org/objectweb/asm/Symbol;Ljdk/internal/org/objectweb/asm/SymbolTable;)V @ 1 c2
Event: 1.739 Thread 0x0000021d0c7542d0 DEOPT PACKING pc=0x0000021d77300e7c sp=0x000000760a2fc7a0
Event: 1.739 Thread 0x0000021d0c7542d0 DEOPT UNPACKING pc=0x0000021d76d06da3 sp=0x000000760a2fc708 mode 2
Event: 1.740 Thread 0x0000021d0c7542d0 Uncommon trap: trap_request=0xffffff45 fr.pc=0x0000021d7732a6a4 relative=0x0000000000000084
Event: 1.740 Thread 0x0000021d0c7542d0 Uncommon trap: reason=unstable_if action=reinterpret pc=0x0000021d7732a6a4 method=java.lang.invoke.LambdaForm$BasicType.basicType(C)Ljava/lang/invoke/LambdaForm$BasicType; @ 1 c2
Event: 1.740 Thread 0x0000021d0c7542d0 DEOPT PACKING pc=0x0000021d7732a6a4 sp=0x000000760a2fc780
Event: 1.740 Thread 0x0000021d0c7542d0 DEOPT UNPACKING pc=0x0000021d76d06da3 sp=0x000000760a2fc718 mode 2
Event: 1.757 Thread 0x0000021d0c7542d0 Uncommon trap: trap_request=0xffffff45 fr.pc=0x0000021d7725b558 relative=0x0000000000000bb8
Event: 1.757 Thread 0x0000021d0c7542d0 Uncommon trap: reason=unstable_if action=reinterpret pc=0x0000021d7725b558 method=java.io.WinNTFileSystem.resolve(Ljava/lang/String;Ljava/lang/String;)Ljava/lang/String; @ 19 c2
Event: 1.757 Thread 0x0000021d0c7542d0 DEOPT PACKING pc=0x0000021d7725b558 sp=0x000000760a2fd1a0
Event: 1.757 Thread 0x0000021d0c7542d0 DEOPT UNPACKING pc=0x0000021d76d06da3 sp=0x000000760a2fd138 mode 2
Event: 1.758 Thread 0x0000021d0c7542d0 Uncommon trap: trap_request=0xffffff45 fr.pc=0x0000021d772aa85c relative=0x000000000000059c
Event: 1.758 Thread 0x0000021d0c7542d0 Uncommon trap: reason=unstable_if action=reinterpret pc=0x0000021d772aa85c method=java.io.File.getName()Ljava/lang/String; @ 16 c2
Event: 1.758 Thread 0x0000021d0c7542d0 DEOPT PACKING pc=0x0000021d772aa85c sp=0x000000760a2fd150
Event: 1.758 Thread 0x0000021d0c7542d0 DEOPT UNPACKING pc=0x0000021d76d06da3 sp=0x000000760a2fd120 mode 2

Classes loaded (20 events):
Event: 1.913 Loading class java/nio/file/attribute/PosixFilePermissions$1
Event: 1.913 Loading class java/nio/file/attribute/PosixFilePermissions$1 done
Event: 1.915 Loading class java/util/concurrent/Semaphore
Event: 1.915 Loading class java/util/concurrent/Semaphore done
Event: 1.916 Loading class java/nio/file/FileVisitOption
Event: 1.916 Loading class java/nio/file/FileVisitOption done
Event: 1.919 Loading class java/util/stream/ReduceOps$1
Event: 1.919 Loading class java/util/stream/ReduceOps$1 done
Event: 1.919 Loading class java/util/stream/ReduceOps$1ReducingSink
Event: 1.919 Loading class java/util/stream/ReduceOps$1ReducingSink done
Event: 1.928 Loading class java/io/ObjectOutputStream
Event: 1.928 Loading class java/io/ObjectOutput
Event: 1.928 Loading class java/io/ObjectOutput done
Event: 1.928 Loading class java/io/ObjectStreamConstants
Event: 1.928 Loading class java/io/ObjectStreamConstants done
Event: 1.928 Loading class java/io/ObjectOutputStream done
Event: 1.929 Loading class java/io/ObjectInputStream
Event: 1.929 Loading class java/io/ObjectInput
Event: 1.929 Loading class java/io/ObjectInput done
Event: 1.929 Loading class java/io/ObjectInputStream done

Classes unloaded (0 events):
No events

Classes redefined (0 events):
No events

Internal exceptions (20 events):
Event: 1.792 Thread 0x0000021d0c7542d0 Exception <a 'java/lang/NoSuchMethodError'{0x000000008b68cb08}: 'java.lang.Object java.lang.invoke.DirectMethodHandle$Holder.invokeStatic(java.lang.Object, java.lang.Object, java.lang.Object, java.lang.Object, java.lang.Object, java.lang.Object, java.lang.Object, java.lang.Object, java.lang.Object, java.lang.Object, java.lang.Object, java.lang.Object, java.lang.Object, java.lang.Object, java.lang.Object, java.lang.Object, java.lang.Object)'> (0x000000008b68cb08) 
thrown [s\open\src\hotspot\share\interprete
Event: 1.794 Thread 0x0000021d0c7542d0 Exception <a 'java/lang/NoSuchMethodError'{0x000000008b6b4090}: 'java.lang.Object java.lang.invoke.DirectMethodHandle$Holder.invokeStatic(java.lang.Object, java.lang.Object, java.lang.Object, java.lang.Object, java.lang.Object, java.lang.Object, java.lang.Object, java.lang.Object, java.lang.Object, java.lang.Object, java.lang.Object, java.lang.Object, java.lang.Object, java.lang.Object, java.lang.Object, java.lang.Object, java.lang.Object, java.lang.Object)'> (0x000000008b6b4090) 
thrown [s\open\src\hotspo
Event: 1.796 Thread 0x0000021d0c7542d0 Exception <a 'java/lang/NoSuchMethodError'{0x000000008b6dc858}: 'java.lang.Object java.lang.invoke.DirectMethodHandle$Holder.invokeStatic(java.lang.Object, java.lang.Object, java.lang.Object, java.lang.Object, java.lang.Object, java.lang.Object, java.lang.Object, java.lang.Object, java.lang.Object, java.lang.Object, java.lang.Object, java.lang.Object, java.lang.Object, java.lang.Object, java.lang.Object, java.lang.Object, java.lang.Object, java.lang.Object, java.lang.Object)'> (0x000000008b6dc858) 
thrown 
Event: 1.798 Thread 0x0000021d0c7542d0 Exception <a 'java/lang/NoSuchMethodError'{0x000000008b506800}: 'java.lang.Object java.lang.invoke.DirectMethodHandle$Holder.invokeStatic(java.lang.Object, java.lang.Object, java.lang.Object, java.lang.Object, java.lang.Object, java.lang.Object, java.lang.Object, java.lang.Object, java.lang.Object, java.lang.Object, java.lang.Object, java.lang.Object, java.lang.Object, java.lang.Object, java.lang.Object, java.lang.Object, java.lang.Object, java.lang.Object, java.lang.Object, java.lang.Object)'> (0x00000000
Event: 1.799 Thread 0x0000021d0c7542d0 Exception <a 'java/lang/NoSuchMethodError'{0x000000008b531300}: 'java.lang.Object java.lang.invoke.DirectMethodHandle$Holder.invokeStatic(java.lang.Object, java.lang.Object, java.lang.Object, java.lang.Object, java.lang.Object, java.lang.Object, java.lang.Object, java.lang.Object, java.lang.Object, java.lang.Object, java.lang.Object, java.lang.Object, java.lang.Object, java.lang.Object, java.lang.Object, java.lang.Object, java.lang.Object, java.lang.Object, java.lang.Object, java.lang.Object, java.lang.Obj
Event: 1.801 Thread 0x0000021d0c7542d0 Exception <a 'java/lang/NoSuchMethodError'{0x000000008b55d068}: 'java.lang.Object java.lang.invoke.DirectMethodHandle$Holder.invokeStatic(java.lang.Object, java.lang.Object, java.lang.Object, java.lang.Object, java.lang.Object, java.lang.Object, java.lang.Object, java.lang.Object, java.lang.Object, java.lang.Object, java.lang.Object, java.lang.Object, java.lang.Object, java.lang.Object, java.lang.Object, java.lang.Object, java.lang.Object, java.lang.Object, java.lang.Object, java.lang.Object, java.lang.Obj
Event: 1.803 Thread 0x0000021d0c7542d0 Exception <a 'java/lang/NoSuchMethodError'{0x000000008b589660}: 'java.lang.Object java.lang.invoke.DirectMethodHandle$Holder.invokeStatic(java.lang.Object, java.lang.Object, java.lang.Object, java.lang.Object, java.lang.Object, java.lang.Object, java.lang.Object, java.lang.Object, java.lang.Object, java.lang.Object, java.lang.Object, java.lang.Object, java.lang.Object, java.lang.Object, java.lang.Object, java.lang.Object, java.lang.Object, java.lang.Object, java.lang.Object, java.lang.Object, java.lang.Obj
Event: 1.804 Thread 0x0000021d0c7542d0 Exception <a 'java/lang/NoSuchMethodError'{0x000000008b5b6398}: 'java.lang.Object java.lang.invoke.DirectMethodHandle$Holder.invokeStatic(java.lang.Object, java.lang.Object, java.lang.Object, java.lang.Object, java.lang.Object, java.lang.Object, java.lang.Object, java.lang.Object, java.lang.Object, java.lang.Object, java.lang.Object, java.lang.Object, java.lang.Object, java.lang.Object, java.lang.Object, java.lang.Object, java.lang.Object, java.lang.Object, java.lang.Object, java.lang.Object, java.lang.Obj
Event: 1.806 Thread 0x0000021d0c7542d0 Exception <a 'java/lang/NoSuchMethodError'{0x000000008b5e4c90}: 'java.lang.Object java.lang.invoke.DirectMethodHandle$Holder.invokeStatic(java.lang.Object, java.lang.Object, java.lang.Object, java.lang.Object, java.lang.Object, java.lang.Object, java.lang.Object, java.lang.Object, java.lang.Object, java.lang.Object, java.lang.Object, java.lang.Object, java.lang.Object, java.lang.Object, java.lang.Object, java.lang.Object, java.lang.Object, java.lang.Object, java.lang.Object, java.lang.Object, java.lang.Obj
Event: 1.877 Thread 0x0000021d0c7542d0 Exception <a 'java/lang/NoSuchMethodError'{0x000000008af032e0}: 'void java.lang.invoke.DirectMethodHandle$Holder.invokeInterface(java.lang.Object, java.lang.Object)'> (0x000000008af032e0) 
thrown [s\open\src\hotspot\share\interpreter\linkResolver.cpp, line 774]
Event: 1.878 Thread 0x0000021d0c7542d0 Exception <a 'java/lang/IncompatibleClassChangeError'{0x000000008af06d28}: Found class java.lang.Object, but interface was expected> (0x000000008af06d28) 
thrown [s\open\src\hotspot\share\interpreter\linkResolver.cpp, line 841]
Event: 1.917 Thread 0x0000021d0c7542d0 Exception <a 'java/lang/NoSuchMethodError'{0x000000008ad643f0}: 'int java.lang.invoke.DirectMethodHandle$Holder.invokeSpecialIFC(java.lang.Object, java.lang.Object, java.lang.Object, java.lang.Object)'> (0x000000008ad643f0) 
thrown [s\open\src\hotspot\share\interpreter\linkResolver.cpp, line 774]
Event: 1.918 Thread 0x0000021d0c7542d0 Exception <a 'java/lang/NoSuchMethodError'{0x000000008ad736e0}: 'java.lang.Object java.lang.invoke.DirectMethodHandle$Holder.invokeInterface(java.lang.Object, java.lang.Object, java.lang.Object)'> (0x000000008ad736e0) 
thrown [s\open\src\hotspot\share\interpreter\linkResolver.cpp, line 774]
Event: 1.918 Thread 0x0000021d0c7542d0 Exception <a 'java/lang/IncompatibleClassChangeError'{0x000000008ad77310}: Found class java.lang.Object, but interface was expected> (0x000000008ad77310) 
thrown [s\open\src\hotspot\share\interpreter\linkResolver.cpp, line 841]
Event: 1.921 Thread 0x0000021d0c7542d0 Exception <a 'java/lang/NoSuchMethodError'{0x000000008ad89670}: 'java.lang.Object java.lang.invoke.DirectMethodHandle$Holder.newInvokeSpecial(java.lang.Object, java.lang.Object, java.lang.Object, java.lang.Object, java.lang.Object, java.lang.Object, java.lang.Object, java.lang.Object, java.lang.Object, java.lang.Object)'> (0x000000008ad89670) 
thrown [s\open\src\hotspot\share\interpreter\linkResolver.cpp, line 774]
Event: 1.967 Thread 0x0000021d0c7542d0 Exception <a 'java/lang/NoSuchMethodError'{0x000000008aa4f7d0}: 'int java.lang.invoke.DirectMethodHandle$Holder.invokeStatic(java.lang.Object, java.lang.Object, java.lang.Object, java.lang.Object)'> (0x000000008aa4f7d0) 
thrown [s\open\src\hotspot\share\interpreter\linkResolver.cpp, line 774]
Event: 1.984 Thread 0x0000021d0c7542d0 Exception <a 'java/lang/NoSuchMethodError'{0x000000008a92f658}: 'java.lang.Object java.lang.invoke.DirectMethodHandle$Holder.invokeVirtual(java.lang.Object, java.lang.Object, java.lang.Object, java.lang.Object, java.lang.Object, java.lang.Object, java.lang.Object, java.lang.Object, java.lang.Object, java.lang.Object, java.lang.Object, java.lang.Object, java.lang.Object, java.lang.Object, java.lang.Object, java.lang.Object, java.lang.Object, java.lang.Object, java.lang.Object, java.lang.Object)'> (0x0000000
Event: 1.984 Thread 0x0000021d0c7542d0 Exception <a 'java/lang/NoSuchMethodError'{0x000000008a935350}: 'java.lang.Object java.lang.invoke.DirectMethodHandle$Holder.invokeSpecial(java.lang.Object, java.lang.Object, java.lang.Object, java.lang.Object, java.lang.Object, java.lang.Object, java.lang.Object, java.lang.Object, java.lang.Object, java.lang.Object, java.lang.Object, java.lang.Object, java.lang.Object, java.lang.Object, java.lang.Object, java.lang.Object, java.lang.Object, java.lang.Object, java.lang.Object, java.lang.Object, java.lang.Ob
Event: 1.984 Thread 0x0000021d0c7542d0 Exception <a 'java/lang/NoSuchMethodError'{0x000000008a93a880}: 'java.lang.Object java.lang.invoke.DelegatingMethodHandle$Holder.reinvoke_L(java.lang.Object, java.lang.Object, java.lang.Object, java.lang.Object, java.lang.Object, java.lang.Object, java.lang.Object, java.lang.Object, java.lang.Object, java.lang.Object, java.lang.Object, java.lang.Object, java.lang.Object, java.lang.Object, java.lang.Object, java.lang.Object, java.lang.Object, java.lang.Object, java.lang.Object, java.lang.Object)'> (0x000000
Event: 1.992 Thread 0x0000021d0c7542d0 Exception <a 'java/lang/NoSuchMethodError'{0x000000008a9dbaa8}: 'java.lang.Object java.lang.invoke.DirectMethodHandle$Holder.invokeInterface(java.lang.Object, java.lang.Object)'> (0x000000008a9dbaa8) 
thrown [s\open\src\hotspot\share\interpreter\linkResolver.cpp, line 774]

VM Operations (20 events):
Event: 1.254 Executing VM operation: HandshakeAllThreads
Event: 1.254 Executing VM operation: HandshakeAllThreads done
Event: 1.297 Executing VM operation: HandshakeAllThreads
Event: 1.297 Executing VM operation: HandshakeAllThreads done
Event: 1.326 Executing VM operation: HandshakeAllThreads
Event: 1.326 Executing VM operation: HandshakeAllThreads done
Event: 1.338 Executing VM operation: HandshakeAllThreads
Event: 1.338 Executing VM operation: HandshakeAllThreads done
Event: 1.384 Executing VM operation: HandshakeAllThreads
Event: 1.384 Executing VM operation: HandshakeAllThreads done
Event: 1.502 Executing VM operation: HandshakeAllThreads
Event: 1.502 Executing VM operation: HandshakeAllThreads done
Event: 1.617 Executing VM operation: ICBufferFull
Event: 1.617 Executing VM operation: ICBufferFull done
Event: 1.654 Executing VM operation: HandshakeAllThreads
Event: 1.654 Executing VM operation: HandshakeAllThreads done
Event: 1.811 Executing VM operation: HandshakeAllThreads
Event: 1.811 Executing VM operation: HandshakeAllThreads done
Event: 1.811 Executing VM operation: HandshakeAllThreads
Event: 1.811 Executing VM operation: HandshakeAllThreads done

Events (20 events):
Event: 0.027 Thread 0x0000021d06973d80 Thread added: 0x0000021d06973d80
Event: 0.028 Thread 0x0000021d06979030 Thread added: 0x0000021d06979030
Event: 0.028 Thread 0x0000021d0ac08090 Thread added: 0x0000021d0ac08090
Event: 0.028 Thread 0x0000021d0ac10de0 Thread added: 0x0000021d0ac10de0
Event: 0.056 Thread 0x0000021d0ad3ea10 Thread added: 0x0000021d0ad3ea10
Event: 0.059 Thread 0x0000021d0ad421c0 Thread added: 0x0000021d0ad421c0
Event: 0.311 Thread 0x0000021d0aeb1530 Thread added: 0x0000021d0aeb1530
Event: 1.255 Thread 0x0000021d0c39cbf0 Thread added: 0x0000021d0c39cbf0
Event: 1.443 Thread 0x0000021d0c7b67a0 Thread added: 0x0000021d0c7b67a0
Event: 1.492 Thread 0x0000021d0c508110 Thread added: 0x0000021d0c508110
Event: 1.525 Thread 0x0000021d0c696450 Thread added: 0x0000021d0c696450
Event: 1.527 Thread 0x0000021d0c6a9270 Thread added: 0x0000021d0c6a9270
Event: 1.545 Thread 0x0000021d0c67ea50 Thread added: 0x0000021d0c67ea50
Event: 1.558 Thread 0x0000021d0c7542d0 Thread added: 0x0000021d0c7542d0
Event: 1.565 Thread 0x0000021d0c76f890 Thread added: 0x0000021d0c76f890
Event: 1.567 Thread 0x0000021d0c76fde0 Thread added: 0x0000021d0c76fde0
Event: 1.572 Thread 0x0000021d0c76e8a0 Thread added: 0x0000021d0c76e8a0
Event: 1.654 Thread 0x0000021d0c76e350 Thread added: 0x0000021d0c76e350
Event: 1.679 Thread 0x0000021d0c76d360 Thread added: 0x0000021d0c76d360
Event: 1.895 Thread 0x0000021d0c770330 Thread added: 0x0000021d0c770330


Dynamic libraries:
0x00007ff7402e0000 - 0x00007ff7402ee000 	C:\Users\shon6\.jdks\openjdk-19.0.1\bin\java.exe
0x00007ffcd8e10000 - 0x00007ffcd9008000 	C:\Windows\SYSTEM32\ntdll.dll
0x00007ffcd8d10000 - 0x00007ffcd8dcf000 	C:\Windows\System32\KERNEL32.DLL
0x00007ffcd64f0000 - 0x00007ffcd67e6000 	C:\Windows\System32\KERNELBASE.dll
0x00007ffcd6ce0000 - 0x00007ffcd6de0000 	C:\Windows\System32\ucrtbase.dll
0x00007ffccf610000 - 0x00007ffccf62b000 	C:\Users\shon6\.jdks\openjdk-19.0.1\bin\VCRUNTIME140.dll
0x00007ffcce100000 - 0x00007ffcce117000 	C:\Users\shon6\.jdks\openjdk-19.0.1\bin\jli.dll
0x00007ffcc3b40000 - 0x00007ffcc3dda000 	C:\Windows\WinSxS\amd64_microsoft.windows.common-controls_6595b64144ccf1df_6.0.19041.1110_none_60b5254171f9507e\COMCTL32.dll
0x00007ffcd7680000 - 0x00007ffcd781d000 	C:\Windows\System32\USER32.dll
0x00007ffcd7570000 - 0x00007ffcd760e000 	C:\Windows\System32\msvcrt.dll
0x00007ffcd6cb0000 - 0x00007ffcd6cd2000 	C:\Windows\System32\win32u.dll
0x00007ffcd7820000 - 0x00007ffcd784c000 	C:\Windows\System32\GDI32.dll
0x00007ffcd6950000 - 0x00007ffcd6a65000 	C:\Windows\System32\gdi32full.dll
0x00007ffcd6ba0000 - 0x00007ffcd6c3d000 	C:\Windows\System32\msvcp_win.dll
0x00007ffcd83e0000 - 0x00007ffcd8410000 	C:\Windows\System32\IMM32.DLL
0x00007ffccf7e0000 - 0x00007ffccf7ec000 	C:\Users\shon6\.jdks\openjdk-19.0.1\bin\vcruntime140_1.dll
0x00007ffcc2ff0000 - 0x00007ffcc307e000 	C:\Users\shon6\.jdks\openjdk-19.0.1\bin\msvcp140.dll
0x00007ffca00b0000 - 0x00007ffca0d70000 	C:\Users\shon6\.jdks\openjdk-19.0.1\bin\server\jvm.dll
0x00007ffcd8410000 - 0x00007ffcd84bf000 	C:\Windows\System32\ADVAPI32.dll
0x00007ffcd8340000 - 0x00007ffcd83dc000 	C:\Windows\System32\sechost.dll
0x00007ffcd7100000 - 0x00007ffcd7226000 	C:\Windows\System32\RPCRT4.dll
0x00007ffcc7ce0000 - 0x00007ffcc7d07000 	C:\Windows\SYSTEM32\WINMM.dll
0x00007ffcd0990000 - 0x00007ffcd0999000 	C:\Windows\SYSTEM32\WSOCK32.dll
0x00007ffccdbc0000 - 0x00007ffccdbca000 	C:\Windows\SYSTEM32\VERSION.dll
0x00007ffcd7500000 - 0x00007ffcd756b000 	C:\Windows\System32\WS2_32.dll
0x00007ffcd43d0000 - 0x00007ffcd43e2000 	C:\Windows\SYSTEM32\kernel.appcore.dll
0x00007ffccf680000 - 0x00007ffccf68a000 	C:\Users\shon6\.jdks\openjdk-19.0.1\bin\jimage.dll
0x00007ffcd0d70000 - 0x00007ffcd0f54000 	C:\Windows\SYSTEM32\DBGHELP.DLL
0x00007ffcd02c0000 - 0x00007ffcd02f4000 	C:\Windows\SYSTEM32\dbgcore.DLL
0x00007ffcd6de0000 - 0x00007ffcd6e62000 	C:\Windows\System32\bcryptPrimitives.dll
0x00007ffcc69c0000 - 0x00007ffcc69e6000 	C:\Users\shon6\.jdks\openjdk-19.0.1\bin\java.dll
0x00007ffcb8fe0000 - 0x00007ffcb90b7000 	C:\Users\shon6\.jdks\openjdk-19.0.1\bin\jsvml.dll
0x00007ffcd7910000 - 0x00007ffcd8054000 	C:\Windows\System32\SHELL32.dll
0x00007ffcd45d0000 - 0x00007ffcd4d63000 	C:\Windows\SYSTEM32\windows.storage.dll
0x00007ffcd84c0000 - 0x00007ffcd8814000 	C:\Windows\System32\combase.dll
0x00007ffcd5e70000 - 0x00007ffcd5e9e000 	C:\Windows\SYSTEM32\Wldp.dll
0x00007ffcd7040000 - 0x00007ffcd70ed000 	C:\Windows\System32\SHCORE.dll
0x00007ffcd78b0000 - 0x00007ffcd7905000 	C:\Windows\System32\shlwapi.dll
0x00007ffcd6430000 - 0x00007ffcd644f000 	C:\Windows\SYSTEM32\profapi.dll
0x00007ffcca0f0000 - 0x00007ffcca103000 	C:\Users\shon6\.jdks\openjdk-19.0.1\bin\net.dll
0x00007ffcd0600000 - 0x00007ffcd070a000 	C:\Windows\SYSTEM32\WINHTTP.dll
0x00007ffcd5bd0000 - 0x00007ffcd5c3a000 	C:\Windows\system32\mswsock.dll
0x00007ffcc8fd0000 - 0x00007ffcc8fe6000 	C:\Users\shon6\.jdks\openjdk-19.0.1\bin\nio.dll
0x00007ffcc5280000 - 0x00007ffcc5298000 	C:\Users\shon6\.jdks\openjdk-19.0.1\bin\zip.dll
0x00007ffccf5a0000 - 0x00007ffccf5b0000 	C:\Users\shon6\.jdks\openjdk-19.0.1\bin\verify.dll
0x00007ffcc6c60000 - 0x00007ffcc6c87000 	C:\Users\shon6\.gradle\native\68d5fa5c4cc2d200863cafc0d521ce42e7d3e7ee720ec0a83991735586a16f82\windows-amd64\native-platform.dll
0x00007ffcb4580000 - 0x00007ffcb46c4000 	C:\Users\shon6\.gradle\native\e376f236ea51e6404a007f0833ffe2c6e607c4080706a723a18a27aeea778392\windows-amd64\native-platform-file-events.dll
0x00007ffccf570000 - 0x00007ffccf57a000 	C:\Users\shon6\.jdks\openjdk-19.0.1\bin\management.dll
0x00007ffccf540000 - 0x00007ffccf54b000 	C:\Users\shon6\.jdks\openjdk-19.0.1\bin\management_ext.dll
0x00007ffcd7410000 - 0x00007ffcd7418000 	C:\Windows\System32\PSAPI.DLL
0x00007ffcd5dd0000 - 0x00007ffcd5de8000 	C:\Windows\SYSTEM32\CRYPTSP.dll
0x00007ffcd54f0000 - 0x00007ffcd5524000 	C:\Windows\system32\rsaenh.dll
0x00007ffcd6b70000 - 0x00007ffcd6b97000 	C:\Windows\System32\bcrypt.dll
0x00007ffcd63f0000 - 0x00007ffcd641e000 	C:\Windows\SYSTEM32\USERENV.dll
0x00007ffcd5dc0000 - 0x00007ffcd5dcc000 	C:\Windows\SYSTEM32\CRYPTBASE.dll
0x00007ffcd58c0000 - 0x00007ffcd58fc000 	C:\Windows\SYSTEM32\IPHLPAPI.DLL
0x00007ffcd70f0000 - 0x00007ffcd70f8000 	C:\Windows\System32\NSI.dll
0x00007ffcd1080000 - 0x00007ffcd1097000 	C:\Windows\SYSTEM32\dhcpcsvc6.DLL
0x00007ffcd0d50000 - 0x00007ffcd0d6d000 	C:\Windows\SYSTEM32\dhcpcsvc.DLL
0x00007ffcd5900000 - 0x00007ffcd59cb000 	C:\Windows\SYSTEM32\DNSAPI.dll
0x00007ffcc69b0000 - 0x00007ffcc69b8000 	C:\Users\shon6\.jdks\openjdk-19.0.1\bin\extnet.dll
0x00007ffcc5270000 - 0x00007ffcc527e000 	C:\Users\shon6\.jdks\openjdk-19.0.1\bin\sunmscapi.dll
0x00007ffcd67f0000 - 0x00007ffcd694e000 	C:\Windows\System32\CRYPT32.dll
0x00007ffcd5ee0000 - 0x00007ffcd5f08000 	C:\Windows\SYSTEM32\ncrypt.dll
0x00007ffcd5ea0000 - 0x00007ffcd5edb000 	C:\Windows\SYSTEM32\NTASN1.dll
0x00007ffcc5260000 - 0x00007ffcc5267000 	C:\Windows\system32\wshunix.dll

dbghelp: loaded successfully - version: 4.0.5 - missing functions: none
symbol engine: initialized successfully - sym options: 0x614 - pdb path: .;C:\Users\shon6\.jdks\openjdk-19.0.1\bin;C:\Windows\SYSTEM32;C:\Windows\WinSxS\amd64_microsoft.windows.common-controls_6595b64144ccf1df_6.0.19041.1110_none_60b5254171f9507e;C:\Users\shon6\.jdks\openjdk-19.0.1\bin\server;C:\Users\shon6\.gradle\native\68d5fa5c4cc2d200863cafc0d521ce42e7d3e7ee720ec0a83991735586a16f82\windows-amd64;C:\Users\shon6\.gradle\native\e376f236ea51e6404a007f0833ffe2c6e607c4080706a723a18a27aeea778392\windows-amd64

VM Arguments:
jvm_args: --add-opens=java.base/java.util=ALL-UNNAMED --add-opens=java.base/java.lang=ALL-UNNAMED --add-opens=java.base/java.lang.invoke=ALL-UNNAMED --add-opens=java.prefs/java.util.prefs=ALL-UNNAMED --add-opens=java.base/java.nio.charset=ALL-UNNAMED --add-opens=java.base/java.net=ALL-UNNAMED --add-opens=java.base/java.util.concurrent.atomic=ALL-UNNAMED -Xmx2048m -Dfile.encoding=UTF-8 -Duser.country=US -Duser.language=en -Duser.variant 
java_command: org.gradle.launcher.daemon.bootstrap.GradleDaemon 7.6
java_class_path (initial): C:\Users\shon6\.gradle\wrapper\dists\gradle-7.6-bin\9l9tetv7ltxvx3i8an4pb86ye\gradle-7.6\lib\gradle-launcher-7.6.jar
Launcher Type: SUN_STANDARD

[Global flags]
     intx CICompilerCount                          = 4                                         {product} {ergonomic}
     uint ConcGCThreads                            = 2                                         {product} {ergonomic}
     uint G1ConcRefinementThreads                  = 8                                         {product} {ergonomic}
   size_t G1HeapRegionSize                         = 1048576                                   {product} {ergonomic}
    uintx GCDrainStackTargetSize                   = 64                                        {product} {ergonomic}
   size_t InitialHeapSize                          = 234881024                                 {product} {ergonomic}
   size_t MarkStackSize                            = 4194304                                   {product} {ergonomic}
   size_t MaxHeapSize                              = 2147483648                                {product} {command line}
   size_t MaxNewSize                               = 1287651328                                {product} {ergonomic}
   size_t MinHeapDeltaBytes                        = 1048576                                   {product} {ergonomic}
   size_t MinHeapSize                              = 8388608                                   {product} {ergonomic}
    uintx NonNMethodCodeHeapSize                   = 5839372                                {pd product} {ergonomic}
    uintx NonProfiledCodeHeapSize                  = 122909434                              {pd product} {ergonomic}
    uintx ProfiledCodeHeapSize                     = 122909434                              {pd product} {ergonomic}
    uintx ReservedCodeCacheSize                    = 251658240                              {pd product} {ergonomic}
     bool SegmentedCodeCache                       = true                                      {product} {ergonomic}
   size_t SoftMaxHeapSize                          = 2147483648                             {manageable} {ergonomic}
     bool UseCompressedClassPointers               = true                           {product lp64_product} {ergonomic}
     bool UseCompressedOops                        = true                           {product lp64_product} {ergonomic}
     bool UseG1GC                                  = true                                      {product} {ergonomic}
     bool UseLargePagesIndividualAllocation        = false                                  {pd product} {ergonomic}

Logging:
Log output configuration:
 #0: stdout all=warning uptime,level,tags foldmultilines=false
 #1: stderr all=off uptime,level,tags foldmultilines=false

Environment Variables:
PATH=C:\Program Files\Common Files\Oracle\Java\javapath;C:\Program Files (x86)\Razer Chroma SDK\bin;C:\Program Files\Razer Chroma SDK\bin;C:\Program Files (x86)\Razer\ChromaBroadcast\bin;C:\Program Files\Razer\ChromaBroadcast\bin;C:\Windows\system32;C:\Windows;C:\Windows\System32\Wbem;C:\Windows\System32\WindowsPowerShell\v1.0\;C:\Windows\System32\OpenSSH\;C:\Windows\system32\config\systemprofile\AppData\Local\Microsoft\WindowsApps;C:\Program Files\dotnet\;C:\Program Files\Java\jdk-20\bin;C:\Users\shon6\AppData\Local\Microsoft\WindowsApps;C:\Users\shon6\AppData\Local\GitHubDesktop\bin
USERNAME=shon6
OS=Windows_NT
PROCESSOR_IDENTIFIER=AMD64 Family 23 Model 24 Stepping 1, AuthenticAMD
TMP=C:\Users\shon6\AppData\Local\Temp
TEMP=C:\Users\shon6\AppData\Local\Temp



---------------  S Y S T E M  ---------------

OS:
 Windows 10 , 64 bit Build 19041 (10.0.19041.2913)
OS uptime: 18 days 18:39 hours

CPU: total 8 (initial active 8) (8 cores per cpu, 2 threads per core) family 23 model 24 stepping 1 microcode 0x0, cx8, cmov, fxsr, ht, mmx, 3dnowpref, sse, sse2, sse3, ssse3, sse4a, sse4.1, sse4.2, popcnt, lzcnt, tsc, tscinvbit, avx, avx2, aes, clmul, bmi1, bmi2, adx, sha, fma, vzeroupper, clflush, clflushopt, rdtscp

Memory: 4k page, system-wide physical 14284M (460M free)
TotalPageFile size 28424M (AvailPageFile size 5M)
current process WorkingSet (physical memory assigned to process): 178M, peak: 178M
current process commit charge ("private bytes"): 383M, peak: 385M

vm_info: OpenJDK 64-Bit Server VM (19.0.1+10-21) for windows-amd64 JRE (19.0.1+10-21), built on 2022-09-14T12:45:06Z by "mach5one" with MS VC++ 17.1 (VS2022)

END.
