#
# There is insufficient memory for the Java Runtime Environment to continue.
# Native memory allocation (malloc) failed to allocate 1139536 bytes for Chunk::new
# Possible reasons:
#   The system is out of physical RAM or swap space
#   The process is running with CompressedOops enabled, and the Java Heap may be blocking the growth of the native heap
# Possible solutions:
#   Reduce memory load on the system
#   Increase physical memory or swap space
#   Check if swap backing store is full
#   Decrease Java heap size (-Xmx/-Xms)
#   Decrease number of Java threads
#   Decrease Java thread stack sizes (-Xss)
#   Set larger code cache with -XX:ReservedCodeCacheSize=
#   JVM is running with Unscaled Compressed Oops mode in which the Java heap is
#     placed in the first 4GB address space. The Java Heap base address is the
#     maximum limit for the native heap growth. Please use -XX:HeapBaseMinAddress
#     to set the Java Heap base and to place the Java Heap above 4GB virtual address.
# This output file may be truncated or incomplete.
#
#  Out of Memory Error (arena.cpp:184), pid=89140, tid=48644
#
# JRE version: OpenJDK Runtime Environment (19.0.1+10) (build 19.0.1+10-21)
# Java VM: OpenJDK 64-Bit Server VM (19.0.1+10-21, mixed mode, sharing, tiered, compressed oops, compressed class ptrs, g1 gc, windows-amd64)
# No core dump will be written. Minidumps are not enabled by default on client versions of Windows
#

---------------  S U M M A R Y ------------

Command Line: --add-opens=java.base/java.util=ALL-UNNAMED --add-opens=java.base/java.lang=ALL-UNNAMED --add-opens=java.base/java.lang.invoke=ALL-UNNAMED --add-opens=java.prefs/java.util.prefs=ALL-UNNAMED --add-opens=java.base/java.nio.charset=ALL-UNNAMED --add-opens=java.base/java.net=ALL-UNNAMED --add-opens=java.base/java.util.concurrent.atomic=ALL-UNNAMED -Xmx2048m -Dfile.encoding=UTF-8 -Duser.country=US -Duser.language=en -Duser.variant org.gradle.launcher.daemon.bootstrap.GradleDaemon 7.6

Host: AMD Ryzen 5 3400G with Radeon Vega Graphics    , 8 cores, 13G,  Windows 10 , 64 bit Build 19041 (10.0.19041.2913)
Time: Thu Jun  1 00:49:24 2023 GTB Daylight Time elapsed time: 27.637558 seconds (0d 0h 0m 27s)

---------------  T H R E A D  ---------------

Current thread (0x0000027c57c1bac0):  JavaThread "C2 CompilerThread0" daemon [_thread_in_native, id=48644, stack(0x00000094d9200000,0x00000094d9300000)]


Current CompileTask:
C2:  27637 10416       4       org.gradle.cache.internal.btree.CachingBlockStore::read (56 bytes)

Stack: [0x00000094d9200000,0x00000094d9300000]
Native frames: (J=compiled Java code, j=interpreted, Vv=VM code, C=native code)
V  [jvm.dll+0x6ee8fa]
V  [jvm.dll+0x857a1e]
V  [jvm.dll+0x85940e]
V  [jvm.dll+0x859ac3]
V  [jvm.dll+0x28291f]
V  [jvm.dll+0xc9b5f]
V  [jvm.dll+0xc9ee5]
V  [jvm.dll+0x3bcb72]
V  [jvm.dll+0x386201]
V  [jvm.dll+0x38567a]
V  [jvm.dll+0x24c2c9]
V  [jvm.dll+0x24b671]
V  [jvm.dll+0x1d6d61]
V  [jvm.dll+0x25b0fa]
V  [jvm.dll+0x259588]
V  [jvm.dll+0x807928]
V  [jvm.dll+0x8015fa]
V  [jvm.dll+0x6ed5eb]
C  [ucrtbase.dll+0x21bb2]
C  [KERNEL32.DLL+0x17614]
C  [ntdll.dll+0x526a1]


---------------  P R O C E S S  ---------------

Threads class SMR info:
_java_thread_list=0x0000027c5d7ce2d0, length=136, elements={
0x0000027c350f9350, 0x0000027c57c11930, 0x0000027c57c12360, 0x0000027c57c13ef0,
0x0000027c57c154d0, 0x0000027c57c17f10, 0x0000027c57c1ae60, 0x0000027c57c1bac0,
0x0000027c57c2be50, 0x0000027c57c2cbd0, 0x0000027c57d60640, 0x0000027c57d6adc0,
0x0000027c58f280d0, 0x0000027c59529780, 0x0000027c59349f20, 0x0000027c59442320,
0x0000027c58720860, 0x0000027c593a4020, 0x0000027c593a4e00, 0x0000027c59283110,
0x0000027c59285640, 0x0000027c59282670, 0x0000027c59282bc0, 0x0000027c59285b90,
0x0000027c59283bb0, 0x0000027c59284100, 0x0000027c59284650, 0x0000027c592850f0,
0x0000027c5b412c60, 0x0000027c5b40d210, 0x0000027c5b413700, 0x0000027c5b40dcb0,
0x0000027c5b40bcd0, 0x0000027c5b40c220, 0x0000027c5b4131b0, 0x0000027c5b40fc90,
0x0000027c5b40ccc0, 0x0000027c5b411c70, 0x0000027c5b4101e0, 0x0000027c5b40e200,
0x0000027c5b40eca0, 0x0000027c5b4121c0, 0x0000027c5b410c80, 0x0000027c5b412710,
0x0000027c5b4111d0, 0x0000027c5b40f740, 0x0000027c592dae90, 0x0000027c592d9400,
0x0000027c592d7ec0, 0x0000027c592d8eb0, 0x0000027c592d9950, 0x0000027c592db3e0,
0x0000027c592d4ef0, 0x0000027c592da940, 0x0000027c592d5ee0, 0x0000027c592db930,
0x0000027c592d9ea0, 0x0000027c592dbe80, 0x0000027c592dc3d0, 0x0000027c592d5440,
0x0000027c592d5990, 0x0000027c592dc920, 0x0000027c592d6430, 0x0000027c592d6980,
0x0000027c592d6ed0, 0x0000027c592da3f0, 0x0000027c592d7420, 0x0000027c592d7970,
0x0000027c592d8410, 0x0000027c592d8960, 0x0000027c590e4590, 0x0000027c590e5030,
0x0000027c590e35a0, 0x0000027c590e8ff0, 0x0000027c590e2060, 0x0000027c590e7ab0,
0x0000027c590e3050, 0x0000027c590e9a90, 0x0000027c590e5ad0, 0x0000027c590e8000,
0x0000027c590e7560, 0x0000027c590e2b00, 0x0000027c590e8550, 0x0000027c590e3af0,
0x0000027c590e6570, 0x0000027c590e9540, 0x0000027c590e4040, 0x0000027c590e8aa0,
0x0000027c590e7010, 0x0000027c590e25b0, 0x0000027c590e4ae0, 0x0000027c590e5580,
0x0000027c590e6020, 0x0000027c590e6ac0, 0x0000027c5bbe4820, 0x0000027c5bbe32e0,
0x0000027c5bbead10, 0x0000027c5bbea270, 0x0000027c5bbe3830, 0x0000027c5bbe9280,
0x0000027c5bbe9d20, 0x0000027c5bbe8d30, 0x0000027c5bbe97d0, 0x0000027c5bbea7c0,
0x0000027c5bbe3d80, 0x0000027c5bbe87e0, 0x0000027c5bbe62b0, 0x0000027c5bbe42d0,
0x0000027c5bbe4d70, 0x0000027c5bbe52c0, 0x0000027c5bbe5810, 0x0000027c5bbe5d60,
0x0000027c5bbe72a0, 0x0000027c5bbe6800, 0x0000027c5bbe6d50, 0x0000027c5bbe77f0,
0x0000027c5bbe7d40, 0x0000027c5bbe8290, 0x0000027c5cd4c3d0, 0x0000027c5cd4ae90,
0x0000027c5cd50390, 0x0000027c5cd4b3e0, 0x0000027c5cd4a940, 0x0000027c5cd4b930,
0x0000027c5cd4e3b0, 0x0000027c5cd49ea0, 0x0000027c5cd4ee50, 0x0000027c5cd4ce70,
0x0000027c5cd4d3c0, 0x0000027c5cd50e30, 0x0000027c5cd4fe40, 0x0000027c5cd4a3f0,
0x0000027c5cd4d910, 0x0000027c5cd4e900, 0x0000027c5cd508e0, 0x0000027c5cd49950
}

Java Threads: ( => current thread )
  0x0000027c350f9350 JavaThread "main" [_thread_blocked, id=89824, stack(0x00000094d8500000,0x00000094d8600000)]
  0x0000027c57c11930 JavaThread "Reference Handler" daemon [_thread_blocked, id=61400, stack(0x00000094d8c00000,0x00000094d8d00000)]
  0x0000027c57c12360 JavaThread "Finalizer" daemon [_thread_blocked, id=61340, stack(0x00000094d8d00000,0x00000094d8e00000)]
  0x0000027c57c13ef0 JavaThread "Signal Dispatcher" daemon [_thread_blocked, id=81084, stack(0x00000094d8e00000,0x00000094d8f00000)]
  0x0000027c57c154d0 JavaThread "Attach Listener" daemon [_thread_blocked, id=88716, stack(0x00000094d8f00000,0x00000094d9000000)]
  0x0000027c57c17f10 JavaThread "Service Thread" daemon [_thread_blocked, id=83644, stack(0x00000094d9000000,0x00000094d9100000)]
  0x0000027c57c1ae60 JavaThread "Monitor Deflation Thread" daemon [_thread_blocked, id=70208, stack(0x00000094d9100000,0x00000094d9200000)]
=>0x0000027c57c1bac0 JavaThread "C2 CompilerThread0" daemon [_thread_in_native, id=48644, stack(0x00000094d9200000,0x00000094d9300000)]
  0x0000027c57c2be50 JavaThread "C1 CompilerThread0" daemon [_thread_blocked, id=89496, stack(0x00000094d9300000,0x00000094d9400000)]
  0x0000027c57c2cbd0 JavaThread "Sweeper thread" daemon [_thread_blocked, id=68720, stack(0x00000094d9400000,0x00000094d9500000)]
  0x0000027c57d60640 JavaThread "Common-Cleaner" daemon [_thread_blocked, id=89964, stack(0x00000094d9500000,0x00000094d9600000)]
  0x0000027c57d6adc0 JavaThread "Notification Thread" daemon [_thread_blocked, id=63836, stack(0x00000094d9600000,0x00000094d9700000)]
  0x0000027c58f280d0 JavaThread "Daemon health stats" [_thread_blocked, id=60204, stack(0x00000094d9d00000,0x00000094d9e00000)]
  0x0000027c59529780 JavaThread "Incoming local TCP Connector on port 49834" [_thread_in_native, id=77396, stack(0x00000094d9e00000,0x00000094d9f00000)]
  0x0000027c59349f20 JavaThread "Daemon periodic checks" [_thread_blocked, id=88912, stack(0x00000094d9f00000,0x00000094da000000)]
  0x0000027c59442320 JavaThread "Daemon" [_thread_blocked, id=88712, stack(0x00000094da000000,0x00000094da100000)]
  0x0000027c58720860 JavaThread "Handler for socket connection from /127.0.0.1:49834 to /127.0.0.1:49835" [_thread_in_native, id=77484, stack(0x00000094da100000,0x00000094da200000)]
  0x0000027c593a4020 JavaThread "Cancel handler" [_thread_blocked, id=73272, stack(0x00000094da200000,0x00000094da300000)]
  0x0000027c593a4e00 JavaThread "Daemon worker" [_thread_blocked, id=59684, stack(0x00000094da300000,0x00000094da400000)]
  0x0000027c59283110 JavaThread "Asynchronous log dispatcher for DefaultDaemonConnection: socket connection from /127.0.0.1:49834 to /127.0.0.1:49835" [_thread_blocked, id=87152, stack(0x00000094da400000,0x00000094da500000)]
  0x0000027c59285640 JavaThread "Stdin handler" [_thread_blocked, id=71424, stack(0x00000094da500000,0x00000094da600000)]
  0x0000027c59282670 JavaThread "Daemon client event forwarder" [_thread_blocked, id=85744, stack(0x00000094da600000,0x00000094da700000)]
  0x0000027c59282bc0 JavaThread "Cache worker for journal cache (C:\Users\shon6\.gradle\caches\journal-1)" [_thread_blocked, id=85360, stack(0x00000094da700000,0x00000094da800000)]
  0x0000027c59285b90 JavaThread "File lock request listener" [_thread_in_native, id=86480, stack(0x00000094da800000,0x00000094da900000)]
  0x0000027c59283bb0 JavaThread "Cache worker for file hash cache (C:\Users\shon6\.gradle\caches\7.6\fileHashes)" [_thread_blocked, id=55444, stack(0x00000094da900000,0x00000094daa00000)]
  0x0000027c59284100 JavaThread "File watcher server" daemon [_thread_in_native, id=74740, stack(0x00000094daa00000,0x00000094dab00000)]
  0x0000027c59284650 JavaThread "File watcher consumer" daemon [_thread_blocked, id=89836, stack(0x00000094dab00000,0x00000094dac00000)]
  0x0000027c592850f0 JavaThread "Cache worker for checksums cache (C:\Users\shon6\OneDrive\Documents\GitHub\StrayDogsDev2\.gradle\7.6\checksums)" [_thread_blocked, id=65548, stack(0x00000094db000000,0x00000094db100000)]
  0x0000027c5b412c60 JavaThread "Cache worker for cache directory md-rule (C:\Users\shon6\.gradle\caches\7.6\md-rule)" [_thread_blocked, id=88116, stack(0x00000094db100000,0x00000094db200000)]
  0x0000027c5b40d210 JavaThread "Cache worker for file content cache (C:\Users\shon6\.gradle\caches\7.6\fileContent)" [_thread_blocked, id=90044, stack(0x00000094db200000,0x00000094db300000)]
  0x0000027c5b413700 JavaThread "Cache worker for file hash cache (C:\Users\shon6\OneDrive\Documents\GitHub\StrayDogsDev2\.gradle\7.6\fileHashes)" [_thread_blocked, id=45076, stack(0x00000094db300000,0x00000094db400000)]
  0x0000027c5b40dcb0 JavaThread "Cache worker for cache directory md-supplier (C:\Users\shon6\.gradle\caches\7.6\md-supplier)" [_thread_blocked, id=84548, stack(0x00000094db400000,0x00000094db500000)]
  0x0000027c5b40bcd0 JavaThread "Cache worker for execution history cache (C:\Users\shon6\.gradle\caches\7.6\executionHistory)" [_thread_blocked, id=62512, stack(0x00000094db500000,0x00000094db600000)]
  0x0000027c5b40c220 JavaThread "jar transforms" [_thread_blocked, id=73732, stack(0x00000094db600000,0x00000094db700000)]
  0x0000027c5b4131b0 JavaThread "jar transforms Thread 2" [_thread_blocked, id=74536, stack(0x00000094db700000,0x00000094db800000)]
  0x0000027c5b40fc90 JavaThread "jar transforms Thread 3" [_thread_blocked, id=61524, stack(0x00000094db800000,0x00000094db900000)]
  0x0000027c5b40ccc0 JavaThread "jar transforms Thread 4" [_thread_blocked, id=84500, stack(0x00000094db900000,0x00000094dba00000)]
  0x0000027c5b411c70 JavaThread "Cache worker for dependencies-accessors (C:\Users\shon6\OneDrive\Documents\GitHub\StrayDogsDev2\.gradle\7.6\dependencies-accessors)" [_thread_blocked, id=66900, stack(0x00000094dba00000,0x00000094dbb00000)]
  0x0000027c5b4101e0 JavaThread "jar transforms Thread 5" [_thread_blocked, id=88224, stack(0x00000094dbb00000,0x00000094dbc00000)]
  0x0000027c5b40e200 JavaThread "Cache worker for Build Output Cleanup Cache (C:\Users\shon6\OneDrive\Documents\GitHub\StrayDogsDev2\.gradle\buildOutputCleanup)" [_thread_blocked, id=75520, stack(0x00000094dbc00000,0x00000094dbd00000)]
  0x0000027c5b40eca0 JavaThread "Unconstrained build operations" [_thread_blocked, id=77204, stack(0x00000094dbe00000,0x00000094dbf00000)]
  0x0000027c5b4121c0 JavaThread "Unconstrained build operations Thread 2" [_thread_blocked, id=69104, stack(0x00000094dbf00000,0x00000094dc000000)]
  0x0000027c5b410c80 JavaThread "Unconstrained build operations Thread 3" [_thread_blocked, id=87648, stack(0x00000094dc000000,0x00000094dc100000)]
  0x0000027c5b412710 JavaThread "Unconstrained build operations Thread 4" [_thread_blocked, id=89728, stack(0x00000094dc100000,0x00000094dc200000)]
  0x0000027c5b4111d0 JavaThread "Unconstrained build operations Thread 5" [_thread_blocked, id=63404, stack(0x00000094dc200000,0x00000094dc300000)]
  0x0000027c5b40f740 JavaThread "Unconstrained build operations Thread 6" [_thread_blocked, id=85988, stack(0x00000094dc300000,0x00000094dc400000)]
  0x0000027c592dae90 JavaThread "Unconstrained build operations Thread 7" [_thread_blocked, id=89100, stack(0x00000094dc400000,0x00000094dc500000)]
  0x0000027c592d9400 JavaThread "Unconstrained build operations Thread 8" [_thread_blocked, id=88452, stack(0x00000094dc500000,0x00000094dc600000)]
  0x0000027c592d7ec0 JavaThread "Unconstrained build operations Thread 9" [_thread_blocked, id=82416, stack(0x00000094dc600000,0x00000094dc700000)]
  0x0000027c592d8eb0 JavaThread "Unconstrained build operations Thread 10" [_thread_blocked, id=82832, stack(0x00000094dc700000,0x00000094dc800000)]
  0x0000027c592d9950 JavaThread "Unconstrained build operations Thread 11" [_thread_blocked, id=89872, stack(0x00000094dc800000,0x00000094dc900000)]
  0x0000027c592db3e0 JavaThread "Unconstrained build operations Thread 12" [_thread_blocked, id=69208, stack(0x00000094dc900000,0x00000094dca00000)]
  0x0000027c592d4ef0 JavaThread "Unconstrained build operations Thread 13" [_thread_blocked, id=56588, stack(0x00000094dca00000,0x00000094dcb00000)]
  0x0000027c592da940 JavaThread "Unconstrained build operations Thread 14" [_thread_blocked, id=82600, stack(0x00000094dcb00000,0x00000094dcc00000)]
  0x0000027c592d5ee0 JavaThread "Unconstrained build operations Thread 15" [_thread_blocked, id=89436, stack(0x00000094dcc00000,0x00000094dcd00000)]
  0x0000027c592db930 JavaThread "Unconstrained build operations Thread 16" [_thread_blocked, id=35844, stack(0x00000094dcd00000,0x00000094dce00000)]
  0x0000027c592d9ea0 JavaThread "Unconstrained build operations Thread 17" [_thread_blocked, id=86304, stack(0x00000094dce00000,0x00000094dcf00000)]
  0x0000027c592dbe80 JavaThread "Unconstrained build operations Thread 18" [_thread_blocked, id=76096, stack(0x00000094dcf00000,0x00000094dd000000)]
  0x0000027c592dc3d0 JavaThread "Unconstrained build operations Thread 19" [_thread_blocked, id=86688, stack(0x00000094dd000000,0x00000094dd100000)]
  0x0000027c592d5440 JavaThread "Unconstrained build operations Thread 20" [_thread_blocked, id=87852, stack(0x00000094dd100000,0x00000094dd200000)]
  0x0000027c592d5990 JavaThread "Unconstrained build operations Thread 21" [_thread_blocked, id=81688, stack(0x00000094dd200000,0x00000094dd300000)]
  0x0000027c592dc920 JavaThread "Unconstrained build operations Thread 22" [_thread_blocked, id=61904, stack(0x00000094dd300000,0x00000094dd400000)]
  0x0000027c592d6430 JavaThread "Unconstrained build operations Thread 23" [_thread_blocked, id=76772, stack(0x00000094dd400000,0x00000094dd500000)]
  0x0000027c592d6980 JavaThread "Unconstrained build operations Thread 24" [_thread_blocked, id=26196, stack(0x00000094dd500000,0x00000094dd600000)]
  0x0000027c592d6ed0 JavaThread "Unconstrained build operations Thread 25" [_thread_blocked, id=89412, stack(0x00000094dd600000,0x00000094dd700000)]
  0x0000027c592da3f0 JavaThread "Unconstrained build operations Thread 26" [_thread_blocked, id=79128, stack(0x00000094dd700000,0x00000094dd800000)]
  0x0000027c592d7420 JavaThread "Unconstrained build operations Thread 27" [_thread_blocked, id=84852, stack(0x00000094dd800000,0x00000094dd900000)]
  0x0000027c592d7970 JavaThread "Unconstrained build operations Thread 28" [_thread_blocked, id=87692, stack(0x00000094dd900000,0x00000094dda00000)]
  0x0000027c592d8410 JavaThread "Unconstrained build operations Thread 29" [_thread_blocked, id=76032, stack(0x00000094dda00000,0x00000094ddb00000)]
  0x0000027c592d8960 JavaThread "Unconstrained build operations Thread 30" [_thread_blocked, id=90012, stack(0x00000094ddb00000,0x00000094ddc00000)]
  0x0000027c590e4590 JavaThread "Unconstrained build operations Thread 31" [_thread_blocked, id=86816, stack(0x00000094ddc00000,0x00000094ddd00000)]
  0x0000027c590e5030 JavaThread "Unconstrained build operations Thread 32" [_thread_blocked, id=79284, stack(0x00000094ddd00000,0x00000094dde00000)]
  0x0000027c590e35a0 JavaThread "Unconstrained build operations Thread 33" [_thread_blocked, id=71780, stack(0x00000094dde00000,0x00000094ddf00000)]
  0x0000027c590e8ff0 JavaThread "Unconstrained build operations Thread 34" [_thread_blocked, id=85476, stack(0x00000094ddf00000,0x00000094de000000)]
  0x0000027c590e2060 JavaThread "Unconstrained build operations Thread 35" [_thread_blocked, id=63028, stack(0x00000094de000000,0x00000094de100000)]
  0x0000027c590e7ab0 JavaThread "Unconstrained build operations Thread 36" [_thread_blocked, id=68408, stack(0x00000094de100000,0x00000094de200000)]
  0x0000027c590e3050 JavaThread "Unconstrained build operations Thread 37" [_thread_blocked, id=83800, stack(0x00000094de200000,0x00000094de300000)]
  0x0000027c590e9a90 JavaThread "Unconstrained build operations Thread 38" [_thread_blocked, id=84596, stack(0x00000094de300000,0x00000094de400000)]
  0x0000027c590e5ad0 JavaThread "Unconstrained build operations Thread 39" [_thread_blocked, id=76620, stack(0x00000094de400000,0x00000094de500000)]
  0x0000027c590e8000 JavaThread "Unconstrained build operations Thread 40" [_thread_blocked, id=87176, stack(0x00000094de500000,0x00000094de600000)]
  0x0000027c590e7560 JavaThread "Unconstrained build operations Thread 41" [_thread_blocked, id=66156, stack(0x00000094de600000,0x00000094de700000)]
  0x0000027c590e2b00 JavaThread "Unconstrained build operations Thread 42" [_thread_blocked, id=82436, stack(0x00000094de700000,0x00000094de800000)]
  0x0000027c590e8550 JavaThread "Unconstrained build operations Thread 43" [_thread_blocked, id=69040, stack(0x00000094de800000,0x00000094de900000)]
  0x0000027c590e3af0 JavaThread "Unconstrained build operations Thread 44" [_thread_blocked, id=72508, stack(0x00000094de900000,0x00000094dea00000)]
  0x0000027c590e6570 JavaThread "Unconstrained build operations Thread 45" [_thread_blocked, id=67336, stack(0x00000094dea00000,0x00000094deb00000)]
  0x0000027c590e9540 JavaThread "Unconstrained build operations Thread 46" [_thread_blocked, id=67244, stack(0x00000094deb00000,0x00000094dec00000)]
  0x0000027c590e4040 JavaThread "Unconstrained build operations Thread 47" [_thread_blocked, id=89528, stack(0x00000094dec00000,0x00000094ded00000)]
  0x0000027c590e8aa0 JavaThread "Unconstrained build operations Thread 48" [_thread_blocked, id=73460, stack(0x00000094ded00000,0x00000094dee00000)]
  0x0000027c590e7010 JavaThread "Unconstrained build operations Thread 49" [_thread_blocked, id=36820, stack(0x00000094dee00000,0x00000094def00000)]
  0x0000027c590e25b0 JavaThread "Unconstrained build operations Thread 50" [_thread_blocked, id=86756, stack(0x00000094def00000,0x00000094df000000)]
  0x0000027c590e4ae0 JavaThread "Unconstrained build operations Thread 51" [_thread_blocked, id=89472, stack(0x00000094df000000,0x00000094df100000)]
  0x0000027c590e5580 JavaThread "Unconstrained build operations Thread 52" [_thread_blocked, id=84572, stack(0x00000094df100000,0x00000094df200000)]
  0x0000027c590e6020 JavaThread "Unconstrained build operations Thread 53" [_thread_blocked, id=85536, stack(0x00000094df200000,0x00000094df300000)]
  0x0000027c590e6ac0 JavaThread "Unconstrained build operations Thread 54" [_thread_blocked, id=86952, stack(0x00000094df300000,0x00000094df400000)]
  0x0000027c5bbe4820 JavaThread "Unconstrained build operations Thread 55" [_thread_blocked, id=87676, stack(0x00000094df400000,0x00000094df500000)]
  0x0000027c5bbe32e0 JavaThread "Unconstrained build operations Thread 56" [_thread_blocked, id=76196, stack(0x00000094df500000,0x00000094df600000)]
  0x0000027c5bbead10 JavaThread "Unconstrained build operations Thread 57" [_thread_blocked, id=29972, stack(0x00000094df600000,0x00000094df700000)]
  0x0000027c5bbea270 JavaThread "Unconstrained build operations Thread 58" [_thread_blocked, id=84040, stack(0x00000094df700000,0x00000094df800000)]
  0x0000027c5bbe3830 JavaThread "Unconstrained build operations Thread 59" [_thread_blocked, id=66668, stack(0x00000094df800000,0x00000094df900000)]
  0x0000027c5bbe9280 JavaThread "Unconstrained build operations Thread 60" [_thread_blocked, id=84380, stack(0x00000094df900000,0x00000094dfa00000)]
  0x0000027c5bbe9d20 JavaThread "Unconstrained build operations Thread 61" [_thread_blocked, id=78692, stack(0x00000094dfa00000,0x00000094dfb00000)]
  0x0000027c5bbe8d30 JavaThread "Unconstrained build operations Thread 62" [_thread_blocked, id=86788, stack(0x00000094dfb00000,0x00000094dfc00000)]
  0x0000027c5bbe97d0 JavaThread "Unconstrained build operations Thread 63" [_thread_blocked, id=84708, stack(0x00000094dfc00000,0x00000094dfd00000)]
  0x0000027c5bbea7c0 JavaThread "Unconstrained build operations Thread 64" [_thread_blocked, id=80560, stack(0x00000094dfd00000,0x00000094dfe00000)]
  0x0000027c5bbe3d80 JavaThread "Unconstrained build operations Thread 65" [_thread_blocked, id=84524, stack(0x00000094dfe00000,0x00000094dff00000)]
  0x0000027c5bbe87e0 JavaThread "Unconstrained build operations Thread 66" [_thread_blocked, id=81672, stack(0x00000094dff00000,0x00000094e0000000)]
  0x0000027c5bbe62b0 JavaThread "Unconstrained build operations Thread 67" [_thread_blocked, id=86112, stack(0x00000094e0000000,0x00000094e0100000)]
  0x0000027c5bbe42d0 JavaThread "Unconstrained build operations Thread 68" [_thread_blocked, id=83312, stack(0x00000094e0100000,0x00000094e0200000)]
  0x0000027c5bbe4d70 JavaThread "Unconstrained build operations Thread 69" [_thread_blocked, id=20692, stack(0x00000094e0200000,0x00000094e0300000)]
  0x0000027c5bbe52c0 JavaThread "Unconstrained build operations Thread 70" [_thread_blocked, id=89936, stack(0x00000094e0300000,0x00000094e0400000)]
  0x0000027c5bbe5810 JavaThread "Unconstrained build operations Thread 71" [_thread_blocked, id=61572, stack(0x00000094e0400000,0x00000094e0500000)]
  0x0000027c5bbe5d60 JavaThread "Unconstrained build operations Thread 72" [_thread_blocked, id=56396, stack(0x00000094e0500000,0x00000094e0600000)]
  0x0000027c5bbe72a0 JavaThread "Unconstrained build operations Thread 73" [_thread_blocked, id=63668, stack(0x00000094e0600000,0x00000094e0700000)]
  0x0000027c5bbe6800 JavaThread "Unconstrained build operations Thread 74" [_thread_blocked, id=62016, stack(0x00000094e0700000,0x00000094e0800000)]
  0x0000027c5bbe6d50 JavaThread "Unconstrained build operations Thread 75" [_thread_blocked, id=76120, stack(0x00000094e0800000,0x00000094e0900000)]
  0x0000027c5bbe77f0 JavaThread "Unconstrained build operations Thread 76" [_thread_blocked, id=85912, stack(0x00000094e0900000,0x00000094e0a00000)]
  0x0000027c5bbe7d40 JavaThread "Unconstrained build operations Thread 77" [_thread_blocked, id=63236, stack(0x00000094e0a00000,0x00000094e0b00000)]
  0x0000027c5bbe8290 JavaThread "Unconstrained build operations Thread 78" [_thread_blocked, id=75856, stack(0x00000094e0b00000,0x00000094e0c00000)]
  0x0000027c5cd4c3d0 JavaThread "Unconstrained build operations Thread 79" [_thread_blocked, id=88892, stack(0x00000094e0c00000,0x00000094e0d00000)]
  0x0000027c5cd4ae90 JavaThread "Unconstrained build operations Thread 80" [_thread_blocked, id=74236, stack(0x00000094e0d00000,0x00000094e0e00000)]
  0x0000027c5cd50390 JavaThread "jar transforms Thread 6" [_thread_blocked, id=80112, stack(0x00000094e0e00000,0x00000094e0f00000)]
  0x0000027c5cd4b3e0 JavaThread "jar transforms Thread 7" [_thread_blocked, id=86684, stack(0x00000094e0f00000,0x00000094e1000000)]
  0x0000027c5cd4a940 JavaThread "jar transforms Thread 8" [_thread_blocked, id=88304, stack(0x00000094e1000000,0x00000094e1100000)]
  0x0000027c5cd4b930 JavaThread "build event listener" [_thread_blocked, id=84012, stack(0x00000094e1100000,0x00000094e1200000)]
  0x0000027c5cd4e3b0 JavaThread "Memory manager" [_thread_blocked, id=88148, stack(0x00000094e1200000,0x00000094e1300000)]
  0x0000027c5cd49ea0 JavaThread "pool-3-thread-1" [_thread_blocked, id=83720, stack(0x00000094e1300000,0x00000094e1400000)]
  0x0000027c5cd4ee50 JavaThread "build event listener" [_thread_blocked, id=63656, stack(0x00000094e1400000,0x00000094e1500000)]
  0x0000027c5cd4ce70 JavaThread "included builds" [_thread_blocked, id=75788, stack(0x00000094e1500000,0x00000094e1600000)]
  0x0000027c5cd4d3c0 JavaThread "Execution worker" [_thread_blocked, id=57424, stack(0x00000094e1600000,0x00000094e1700000)]
  0x0000027c5cd50e30 JavaThread "Execution worker Thread 2" [_thread_blocked, id=60184, stack(0x00000094e1700000,0x00000094e1800000)]
  0x0000027c5cd4fe40 JavaThread "Execution worker Thread 3" [_thread_blocked, id=89716, stack(0x00000094e1800000,0x00000094e1900000)]
  0x0000027c5cd4a3f0 JavaThread "Execution worker Thread 4" [_thread_blocked, id=74996, stack(0x00000094e1900000,0x00000094e1a00000)]
  0x0000027c5cd4d910 JavaThread "Execution worker Thread 5" [_thread_blocked, id=74044, stack(0x00000094e1a00000,0x00000094e1b00000)]
  0x0000027c5cd4e900 JavaThread "Execution worker Thread 6" [_thread_blocked, id=87596, stack(0x00000094e1b00000,0x00000094e1c00000)]
  0x0000027c5cd508e0 JavaThread "Execution worker Thread 7" [_thread_blocked, id=88388, stack(0x00000094e1c00000,0x00000094e1d00000)]
  0x0000027c5cd49950 JavaThread "Cache worker for execution history cache (C:\Users\shon6\OneDrive\Documents\GitHub\StrayDogsDev2\.gradle\7.6\executionHistory)" [_thread_blocked, id=89280, stack(0x00000094e1d00000,0x00000094e1e00000)]

Other Threads:
  0x0000027c53a083a0 VMThread "VM Thread" [stack: 0x00000094d8b00000,0x00000094d8c00000] [id=89096]
  0x0000027c57d6fb40 WatcherThread "VM Periodic Task Thread" [stack: 0x00000094d9700000,0x00000094d9800000] [id=71376]
  0x0000027c3515b600 WorkerThread "GC Thread#0" [stack: 0x00000094d8600000,0x00000094d8700000] [id=75008]
  0x0000027c585a99f0 WorkerThread "GC Thread#1" [stack: 0x00000094d9900000,0x00000094d9a00000] [id=73292]
  0x0000027c585a9f90 WorkerThread "GC Thread#2" [stack: 0x00000094d9a00000,0x00000094d9b00000] [id=89228]
  0x0000027c585aada0 WorkerThread "GC Thread#3" [stack: 0x00000094d9b00000,0x00000094d9c00000] [id=74484]
  0x0000027c585a9180 WorkerThread "GC Thread#4" [stack: 0x00000094d9c00000,0x00000094d9d00000] [id=67908]
  0x0000027c596ed1b0 WorkerThread "GC Thread#5" [stack: 0x00000094dac00000,0x00000094dad00000] [id=79780]
  0x0000027c596eda20 WorkerThread "GC Thread#6" [stack: 0x00000094dad00000,0x00000094dae00000] [id=25976]
  0x0000027c596ead20 WorkerThread "GC Thread#7" [stack: 0x00000094dae00000,0x00000094daf00000] [id=86488]
  0x0000027c3516c700 ConcurrentGCThread "G1 Main Marker" [stack: 0x00000094d8700000,0x00000094d8800000] [id=81848]
  0x0000027c3516d8d0 WorkerThread "G1 Conc#0" [stack: 0x00000094d8800000,0x00000094d8900000] [id=58404]
  0x0000027c596eb2c0 WorkerThread "G1 Conc#1" [stack: 0x00000094daf00000,0x00000094db000000] [id=67280]
  0x0000027c538bfa40 ConcurrentGCThread "G1 Refine#0" [stack: 0x00000094d8900000,0x00000094d8a00000] [id=38248]
  0x0000027c538c0190 ConcurrentGCThread "G1 Service" [stack: 0x00000094d8a00000,0x00000094d8b00000] [id=83372]

Threads with active compile tasks:
C2 CompilerThread0    27683 10416       4       org.gradle.cache.internal.btree.CachingBlockStore::read (56 bytes)

VM state: not at safepoint (normal execution)

VM Mutex/Monitor currently owned by a thread: None

Heap address: 0x0000000080000000, size: 2048 MB, Compressed Oops mode: 32-bit

CDS archive(s) mapped at: [0x0000000800000000-0x0000000800c30000-0x0000000800c30000), size 12779520, SharedBaseAddress: 0x0000000800000000, ArchiveRelocationMode: 0.
Compressed class space mapped at: 0x0000000801000000-0x0000000841000000, reserved size: 1073741824
Narrow klass base: 0x0000000800000000, Narrow klass shift: 0, Narrow klass range: 0x100000000

GC Precious Log:
 CardTable entry size: 512
 Card Set container configuration: InlinePtr #cards 5 size 8 Array Of Cards #cards 12 size 40 Howl #buckets 4 coarsen threshold 1843 Howl Bitmap #cards 512 size 80 coarsen threshold 460 Card regions per heap region 1 cards per card region 2048
 CPUs: 8 total, 8 available
 Memory: 14284M
 Large Page Support: Disabled
 NUMA Support: Disabled
 Compressed Oops: Enabled (32-bit)
 Heap Region Size: 1M
 Heap Min Capacity: 8M
 Heap Initial Capacity: 224M
 Heap Max Capacity: 2G
 Pre-touch: Disabled
 Parallel Workers: 8
 Concurrent Workers: 2
 Concurrent Refinement Workers: 8
 Periodic GC: Disabled

Heap:
 garbage-first heap   total 178176K, used 129761K [0x0000000080000000, 0x0000000100000000)
  region size 1024K, 48 young (49152K), 2 survivors (2048K)
 Metaspace       used 84341K, committed 86336K, reserved 1179648K
  class space    used 11386K, committed 12416K, reserved 1048576K

Heap Regions: E=young(eden), S=young(survivor), O=old, HS=humongous(starts), HC=humongous(continues), CS=collection set, F=free, OA=open archive, CA=closed archive, TAMS=top-at-mark-start (previous, next)
|   0|0x0000000080000000, 0x0000000080100000, 0x0000000080100000|100%|HS|  |TAMS 0x0000000080100000, 0x0000000080000000| Complete 
|   1|0x0000000080100000, 0x0000000080200000, 0x0000000080200000|100%|HC|  |TAMS 0x0000000080200000, 0x0000000080100000| Complete 
|   2|0x0000000080200000, 0x0000000080300000, 0x0000000080300000|100%|HC|  |TAMS 0x0000000080300000, 0x0000000080200000| Complete 
|   3|0x0000000080300000, 0x0000000080400000, 0x0000000080400000|100%| O|  |TAMS 0x0000000080400000, 0x0000000080300000| Untracked 
|   4|0x0000000080400000, 0x0000000080500000, 0x0000000080500000|100%| O|  |TAMS 0x0000000080500000, 0x0000000080400000| Untracked 
|   5|0x0000000080500000, 0x0000000080600000, 0x0000000080600000|100%| O|  |TAMS 0x0000000080600000, 0x0000000080500000| Untracked 
|   6|0x0000000080600000, 0x0000000080700000, 0x0000000080700000|100%| O|  |TAMS 0x0000000080700000, 0x0000000080600000| Untracked 
|   7|0x0000000080700000, 0x0000000080800000, 0x0000000080800000|100%| O|  |TAMS 0x0000000080800000, 0x0000000080700000| Untracked 
|   8|0x0000000080800000, 0x0000000080900000, 0x0000000080900000|100%| O|  |TAMS 0x0000000080900000, 0x0000000080800000| Untracked 
|   9|0x0000000080900000, 0x0000000080a00000, 0x0000000080a00000|100%| O|  |TAMS 0x0000000080a00000, 0x0000000080900000| Untracked 
|  10|0x0000000080a00000, 0x0000000080b00000, 0x0000000080b00000|100%| O|  |TAMS 0x0000000080b00000, 0x0000000080a00000| Untracked 
|  11|0x0000000080b00000, 0x0000000080c00000, 0x0000000080c00000|100%| O|  |TAMS 0x0000000080c00000, 0x0000000080b00000| Untracked 
|  12|0x0000000080c00000, 0x0000000080d00000, 0x0000000080d00000|100%| O|  |TAMS 0x0000000080d00000, 0x0000000080c00000| Untracked 
|  13|0x0000000080d00000, 0x0000000080e00000, 0x0000000080e00000|100%| O|  |TAMS 0x0000000080e00000, 0x0000000080d00000| Untracked 
|  14|0x0000000080e00000, 0x0000000080f00000, 0x0000000080f00000|100%| O|  |TAMS 0x0000000080f00000, 0x0000000080e00000| Untracked 
|  15|0x0000000080f00000, 0x0000000081000000, 0x0000000081000000|100%| O|  |TAMS 0x0000000081000000, 0x0000000080f00000| Untracked 
|  16|0x0000000081000000, 0x0000000081100000, 0x0000000081100000|100%| O|  |TAMS 0x0000000081100000, 0x0000000081000000| Untracked 
|  17|0x0000000081100000, 0x0000000081200000, 0x0000000081200000|100%| O|  |TAMS 0x0000000081200000, 0x0000000081100000| Untracked 
|  18|0x0000000081200000, 0x0000000081300000, 0x0000000081300000|100%| O|  |TAMS 0x0000000081300000, 0x0000000081200000| Untracked 
|  19|0x0000000081300000, 0x0000000081400000, 0x0000000081400000|100%| O|  |TAMS 0x0000000081400000, 0x0000000081300000| Untracked 
|  20|0x0000000081400000, 0x0000000081500000, 0x0000000081500000|100%| O|  |TAMS 0x0000000081500000, 0x0000000081400000| Untracked 
|  21|0x0000000081500000, 0x0000000081600000, 0x0000000081600000|100%| O|  |TAMS 0x0000000081600000, 0x0000000081500000| Untracked 
|  22|0x0000000081600000, 0x0000000081700000, 0x0000000081700000|100%| O|  |TAMS 0x0000000081700000, 0x0000000081600000| Untracked 
|  23|0x0000000081700000, 0x0000000081800000, 0x0000000081800000|100%| O|  |TAMS 0x0000000081800000, 0x0000000081700000| Untracked 
|  24|0x0000000081800000, 0x0000000081900000, 0x0000000081900000|100%| O|  |TAMS 0x0000000081900000, 0x0000000081800000| Untracked 
|  25|0x0000000081900000, 0x0000000081a00000, 0x0000000081a00000|100%| O|  |TAMS 0x0000000081a00000, 0x0000000081900000| Untracked 
|  26|0x0000000081a00000, 0x0000000081b00000, 0x0000000081b00000|100%| O|  |TAMS 0x0000000081b00000, 0x0000000081a00000| Untracked 
|  27|0x0000000081b00000, 0x0000000081c00000, 0x0000000081c00000|100%| O|  |TAMS 0x0000000081c00000, 0x0000000081b00000| Untracked 
|  28|0x0000000081c00000, 0x0000000081d00000, 0x0000000081d00000|100%| O|  |TAMS 0x0000000081d00000, 0x0000000081c00000| Untracked 
|  29|0x0000000081d00000, 0x0000000081e00000, 0x0000000081e00000|100%| O|  |TAMS 0x0000000081e00000, 0x0000000081d00000| Untracked 
|  30|0x0000000081e00000, 0x0000000081f00000, 0x0000000081f00000|100%| O|  |TAMS 0x0000000081f00000, 0x0000000081e00000| Untracked 
|  31|0x0000000081f00000, 0x0000000082000000, 0x0000000082000000|100%| O|  |TAMS 0x0000000082000000, 0x0000000081f00000| Untracked 
|  32|0x0000000082000000, 0x0000000082100000, 0x0000000082100000|100%| O|  |TAMS 0x0000000082100000, 0x0000000082000000| Untracked 
|  33|0x0000000082100000, 0x0000000082200000, 0x0000000082200000|100%| O|  |TAMS 0x0000000082200000, 0x0000000082100000| Untracked 
|  34|0x0000000082200000, 0x0000000082300000, 0x0000000082300000|100%|HS|  |TAMS 0x0000000082300000, 0x0000000082200000| Complete 
|  35|0x0000000082300000, 0x0000000082400000, 0x0000000082400000|100%|HS|  |TAMS 0x0000000082400000, 0x0000000082300000| Complete 
|  36|0x0000000082400000, 0x0000000082500000, 0x0000000082500000|100%| O|  |TAMS 0x0000000082500000, 0x0000000082400000| Untracked 
|  37|0x0000000082500000, 0x0000000082600000, 0x0000000082600000|100%| O|  |TAMS 0x0000000082600000, 0x0000000082500000| Untracked 
|  38|0x0000000082600000, 0x0000000082700000, 0x0000000082700000|100%| O|  |TAMS 0x0000000082700000, 0x0000000082600000| Untracked 
|  39|0x0000000082700000, 0x0000000082700000, 0x0000000082800000|  0%| F|  |TAMS 0x0000000082700000, 0x0000000082700000| Untracked 
|  40|0x0000000082800000, 0x0000000082900000, 0x0000000082900000|100%| O|  |TAMS 0x0000000082900000, 0x0000000082800000| Untracked 
|  41|0x0000000082900000, 0x0000000082a00000, 0x0000000082a00000|100%| O|  |TAMS 0x0000000082a00000, 0x0000000082900000| Untracked 
|  42|0x0000000082a00000, 0x0000000082b00000, 0x0000000082b00000|100%| O|  |TAMS 0x0000000082b00000, 0x0000000082a00000| Untracked 
|  43|0x0000000082b00000, 0x0000000082c00000, 0x0000000082c00000|100%| O|  |TAMS 0x0000000082c00000, 0x0000000082b00000| Untracked 
|  44|0x0000000082c00000, 0x0000000082d00000, 0x0000000082d00000|100%| O|  |TAMS 0x0000000082d00000, 0x0000000082c00000| Untracked 
|  45|0x0000000082d00000, 0x0000000082e00000, 0x0000000082e00000|100%| O|  |TAMS 0x0000000082e00000, 0x0000000082d00000| Untracked 
|  46|0x0000000082e00000, 0x0000000082f00000, 0x0000000082f00000|100%| O|  |TAMS 0x0000000082f00000, 0x0000000082e00000| Untracked 
|  47|0x0000000082f00000, 0x0000000083000000, 0x0000000083000000|100%| O|  |TAMS 0x0000000083000000, 0x0000000082f00000| Untracked 
|  48|0x0000000083000000, 0x0000000083100000, 0x0000000083100000|100%| O|  |TAMS 0x0000000083100000, 0x0000000083000000| Untracked 
|  49|0x0000000083100000, 0x0000000083200000, 0x0000000083200000|100%| O|  |TAMS 0x0000000083200000, 0x0000000083100000| Untracked 
|  50|0x0000000083200000, 0x0000000083300000, 0x0000000083300000|100%| O|  |TAMS 0x0000000083300000, 0x0000000083200000| Untracked 
|  51|0x0000000083300000, 0x0000000083400000, 0x0000000083400000|100%| O|  |TAMS 0x0000000083400000, 0x0000000083300000| Untracked 
|  52|0x0000000083400000, 0x0000000083500000, 0x0000000083500000|100%| O|  |TAMS 0x0000000083500000, 0x0000000083400000| Untracked 
|  53|0x0000000083500000, 0x0000000083600000, 0x0000000083600000|100%| O|  |TAMS 0x0000000083600000, 0x0000000083500000| Untracked 
|  54|0x0000000083600000, 0x0000000083700000, 0x0000000083700000|100%| O|  |TAMS 0x0000000083604000, 0x0000000083600000| Untracked 
|  55|0x0000000083700000, 0x0000000083800000, 0x0000000083800000|100%| O|  |TAMS 0x0000000083800000, 0x0000000083700000| Untracked 
|  56|0x0000000083800000, 0x0000000083900000, 0x0000000083900000|100%| O|  |TAMS 0x0000000083800000, 0x0000000083800000| Untracked 
|  57|0x0000000083900000, 0x0000000083a00000, 0x0000000083a00000|100%| O|  |TAMS 0x0000000083900000, 0x0000000083900000| Untracked 
|  58|0x0000000083a00000, 0x0000000083b00000, 0x0000000083b00000|100%| O|  |TAMS 0x0000000083a00000, 0x0000000083a00000| Untracked 
|  59|0x0000000083b00000, 0x0000000083c00000, 0x0000000083c00000|100%| O|  |TAMS 0x0000000083b00000, 0x0000000083b00000| Untracked 
|  60|0x0000000083c00000, 0x0000000083d00000, 0x0000000083d00000|100%| O|  |TAMS 0x0000000083c00000, 0x0000000083c00000| Untracked 
|  61|0x0000000083d00000, 0x0000000083e00000, 0x0000000083e00000|100%| O|  |TAMS 0x0000000083d00000, 0x0000000083d00000| Untracked 
|  62|0x0000000083e00000, 0x0000000083f00000, 0x0000000083f00000|100%| O|  |TAMS 0x0000000083e00000, 0x0000000083e00000| Untracked 
|  63|0x0000000083f00000, 0x0000000084000000, 0x0000000084000000|100%| O|  |TAMS 0x0000000083f00000, 0x0000000083f00000| Untracked 
|  64|0x0000000084000000, 0x0000000084100000, 0x0000000084100000|100%| O|  |TAMS 0x0000000084000000, 0x0000000084000000| Untracked 
|  65|0x0000000084100000, 0x0000000084200000, 0x0000000084200000|100%| O|  |TAMS 0x0000000084100000, 0x0000000084100000| Untracked 
|  66|0x0000000084200000, 0x0000000084300000, 0x0000000084300000|100%| O|  |TAMS 0x0000000084200000, 0x0000000084200000| Untracked 
|  67|0x0000000084300000, 0x0000000084400000, 0x0000000084400000|100%| O|  |TAMS 0x0000000084300000, 0x0000000084300000| Untracked 
|  68|0x0000000084400000, 0x0000000084500000, 0x0000000084500000|100%| O|  |TAMS 0x0000000084400000, 0x0000000084400000| Untracked 
|  69|0x0000000084500000, 0x0000000084600000, 0x0000000084600000|100%| O|  |TAMS 0x0000000084500000, 0x0000000084500000| Untracked 
|  70|0x0000000084600000, 0x0000000084700000, 0x0000000084700000|100%| O|  |TAMS 0x0000000084600000, 0x0000000084600000| Untracked 
|  71|0x0000000084700000, 0x0000000084800000, 0x0000000084800000|100%| O|  |TAMS 0x0000000084700000, 0x0000000084700000| Untracked 
|  72|0x0000000084800000, 0x0000000084900000, 0x0000000084900000|100%| O|  |TAMS 0x0000000084800000, 0x0000000084800000| Untracked 
|  73|0x0000000084900000, 0x0000000084a00000, 0x0000000084a00000|100%| O|  |TAMS 0x0000000084900000, 0x0000000084900000| Untracked 
|  74|0x0000000084a00000, 0x0000000084b00000, 0x0000000084b00000|100%| O|  |TAMS 0x0000000084a00000, 0x0000000084a00000| Untracked 
|  75|0x0000000084b00000, 0x0000000084c00000, 0x0000000084c00000|100%| O|  |TAMS 0x0000000084b00000, 0x0000000084b00000| Untracked 
|  76|0x0000000084c00000, 0x0000000084d00000, 0x0000000084d00000|100%| O|  |TAMS 0x0000000084c00000, 0x0000000084c00000| Untracked 
|  77|0x0000000084d00000, 0x0000000084e00000, 0x0000000084e00000|100%| O|  |TAMS 0x0000000084d00000, 0x0000000084d00000| Untracked 
|  78|0x0000000084e00000, 0x0000000084f00000, 0x0000000084f00000|100%| O|  |TAMS 0x0000000084e00000, 0x0000000084e00000| Untracked 
|  79|0x0000000084f00000, 0x0000000085000000, 0x0000000085000000|100%| O|  |TAMS 0x0000000084f00000, 0x0000000084f00000| Untracked 
|  80|0x0000000085000000, 0x0000000085100000, 0x0000000085100000|100%| O|  |TAMS 0x0000000085000000, 0x0000000085000000| Untracked 
|  81|0x0000000085100000, 0x0000000085200000, 0x0000000085200000|100%| O|  |TAMS 0x0000000085100000, 0x0000000085100000| Untracked 
|  82|0x0000000085200000, 0x0000000085284c00, 0x0000000085300000| 51%| O|  |TAMS 0x0000000085200000, 0x0000000085200000| Untracked 
|  83|0x0000000085300000, 0x0000000085300000, 0x0000000085400000|  0%| F|  |TAMS 0x0000000085300000, 0x0000000085300000| Untracked 
|  84|0x0000000085400000, 0x0000000085400000, 0x0000000085500000|  0%| F|  |TAMS 0x0000000085400000, 0x0000000085400000| Untracked 
|  85|0x0000000085500000, 0x0000000085500000, 0x0000000085600000|  0%| F|  |TAMS 0x0000000085500000, 0x0000000085500000| Untracked 
|  86|0x0000000085600000, 0x0000000085600000, 0x0000000085700000|  0%| F|  |TAMS 0x0000000085600000, 0x0000000085600000| Untracked 
|  87|0x0000000085700000, 0x0000000085700000, 0x0000000085800000|  0%| F|  |TAMS 0x0000000085700000, 0x0000000085700000| Untracked 
|  88|0x0000000085800000, 0x0000000085800000, 0x0000000085900000|  0%| F|  |TAMS 0x0000000085800000, 0x0000000085800000| Untracked 
|  89|0x0000000085900000, 0x0000000085900000, 0x0000000085a00000|  0%| F|  |TAMS 0x0000000085900000, 0x0000000085900000| Untracked 
|  90|0x0000000085a00000, 0x0000000085a00000, 0x0000000085b00000|  0%| F|  |TAMS 0x0000000085a00000, 0x0000000085a00000| Untracked 
|  91|0x0000000085b00000, 0x0000000085b00000, 0x0000000085c00000|  0%| F|  |TAMS 0x0000000085b00000, 0x0000000085b00000| Untracked 
|  92|0x0000000085c00000, 0x0000000085c00000, 0x0000000085d00000|  0%| F|  |TAMS 0x0000000085c00000, 0x0000000085c00000| Untracked 
|  93|0x0000000085d00000, 0x0000000085d00000, 0x0000000085e00000|  0%| F|  |TAMS 0x0000000085d00000, 0x0000000085d00000| Untracked 
|  94|0x0000000085e00000, 0x0000000085e00000, 0x0000000085f00000|  0%| F|  |TAMS 0x0000000085e00000, 0x0000000085e00000| Untracked 
|  95|0x0000000085f00000, 0x0000000085f00000, 0x0000000086000000|  0%| F|  |TAMS 0x0000000085f00000, 0x0000000085f00000| Untracked 
|  96|0x0000000086000000, 0x0000000086000000, 0x0000000086100000|  0%| F|  |TAMS 0x0000000086000000, 0x0000000086000000| Untracked 
|  97|0x0000000086100000, 0x0000000086100000, 0x0000000086200000|  0%| F|  |TAMS 0x0000000086100000, 0x0000000086100000| Untracked 
|  98|0x0000000086200000, 0x0000000086200000, 0x0000000086300000|  0%| F|  |TAMS 0x0000000086200000, 0x0000000086200000| Untracked 
|  99|0x0000000086300000, 0x0000000086300000, 0x0000000086400000|  0%| F|  |TAMS 0x0000000086300000, 0x0000000086300000| Untracked 
| 100|0x0000000086400000, 0x0000000086400000, 0x0000000086500000|  0%| F|  |TAMS 0x0000000086400000, 0x0000000086400000| Untracked 
| 101|0x0000000086500000, 0x0000000086500000, 0x0000000086600000|  0%| F|  |TAMS 0x0000000086500000, 0x0000000086500000| Untracked 
| 102|0x0000000086600000, 0x0000000086600000, 0x0000000086700000|  0%| F|  |TAMS 0x0000000086600000, 0x0000000086600000| Untracked 
| 103|0x0000000086700000, 0x0000000086700000, 0x0000000086800000|  0%| F|  |TAMS 0x0000000086700000, 0x0000000086700000| Untracked 
| 104|0x0000000086800000, 0x0000000086800000, 0x0000000086900000|  0%| F|  |TAMS 0x0000000086800000, 0x0000000086800000| Untracked 
| 105|0x0000000086900000, 0x0000000086900000, 0x0000000086a00000|  0%| F|  |TAMS 0x0000000086900000, 0x0000000086900000| Untracked 
| 106|0x0000000086a00000, 0x0000000086a00000, 0x0000000086b00000|  0%| F|  |TAMS 0x0000000086a00000, 0x0000000086a00000| Untracked 
| 107|0x0000000086b00000, 0x0000000086b00000, 0x0000000086c00000|  0%| F|  |TAMS 0x0000000086b00000, 0x0000000086b00000| Untracked 
| 108|0x0000000086c00000, 0x0000000086c00000, 0x0000000086d00000|  0%| F|  |TAMS 0x0000000086c00000, 0x0000000086c00000| Untracked 
| 109|0x0000000086d00000, 0x0000000086d00000, 0x0000000086e00000|  0%| F|  |TAMS 0x0000000086d00000, 0x0000000086d00000| Untracked 
| 110|0x0000000086e00000, 0x0000000086e00000, 0x0000000086f00000|  0%| F|  |TAMS 0x0000000086e00000, 0x0000000086e00000| Untracked 
| 111|0x0000000086f00000, 0x0000000086f00000, 0x0000000087000000|  0%| F|  |TAMS 0x0000000086f00000, 0x0000000086f00000| Untracked 
| 112|0x0000000087000000, 0x0000000087000000, 0x0000000087100000|  0%| F|  |TAMS 0x0000000087000000, 0x0000000087000000| Untracked 
| 113|0x0000000087100000, 0x0000000087100000, 0x0000000087200000|  0%| F|  |TAMS 0x0000000087100000, 0x0000000087100000| Untracked 
| 114|0x0000000087200000, 0x0000000087200000, 0x0000000087300000|  0%| F|  |TAMS 0x0000000087200000, 0x0000000087200000| Untracked 
| 115|0x0000000087300000, 0x0000000087300000, 0x0000000087400000|  0%| F|  |TAMS 0x0000000087300000, 0x0000000087300000| Untracked 
| 116|0x0000000087400000, 0x0000000087400000, 0x0000000087500000|  0%| F|  |TAMS 0x0000000087400000, 0x0000000087400000| Untracked 
| 117|0x0000000087500000, 0x0000000087500000, 0x0000000087600000|  0%| F|  |TAMS 0x0000000087500000, 0x0000000087500000| Untracked 
| 118|0x0000000087600000, 0x0000000087600000, 0x0000000087700000|  0%| F|  |TAMS 0x0000000087600000, 0x0000000087600000| Untracked 
| 119|0x0000000087700000, 0x0000000087700000, 0x0000000087800000|  0%| F|  |TAMS 0x0000000087700000, 0x0000000087700000| Untracked 
| 120|0x0000000087800000, 0x0000000087800000, 0x0000000087900000|  0%| F|  |TAMS 0x0000000087800000, 0x0000000087800000| Untracked 
| 121|0x0000000087900000, 0x0000000087900000, 0x0000000087a00000|  0%| F|  |TAMS 0x0000000087900000, 0x0000000087900000| Untracked 
| 122|0x0000000087a00000, 0x0000000087a00000, 0x0000000087b00000|  0%| F|  |TAMS 0x0000000087a00000, 0x0000000087a00000| Untracked 
| 123|0x0000000087b00000, 0x0000000087b00000, 0x0000000087c00000|  0%| F|  |TAMS 0x0000000087b00000, 0x0000000087b00000| Untracked 
| 124|0x0000000087c00000, 0x0000000087c00000, 0x0000000087d00000|  0%| F|  |TAMS 0x0000000087c00000, 0x0000000087c00000| Untracked 
| 125|0x0000000087d00000, 0x0000000087d00000, 0x0000000087e00000|  0%| F|  |TAMS 0x0000000087d00000, 0x0000000087d00000| Untracked 
| 126|0x0000000087e00000, 0x0000000087eecf40, 0x0000000087f00000| 92%| E|  |TAMS 0x0000000087e00000, 0x0000000087e00000| Complete 
| 127|0x0000000087f00000, 0x0000000088000000, 0x0000000088000000|100%| E|CS|TAMS 0x0000000087f00000, 0x0000000087f00000| Complete 
| 128|0x0000000088000000, 0x0000000088100000, 0x0000000088100000|100%| E|  |TAMS 0x0000000088000000, 0x0000000088000000| Complete 
| 129|0x0000000088100000, 0x0000000088200000, 0x0000000088200000|100%| E|CS|TAMS 0x0000000088100000, 0x0000000088100000| Complete 
| 130|0x0000000088200000, 0x0000000088300000, 0x0000000088300000|100%| E|CS|TAMS 0x0000000088200000, 0x0000000088200000| Complete 
| 131|0x0000000088300000, 0x0000000088400000, 0x0000000088400000|100%| E|CS|TAMS 0x0000000088300000, 0x0000000088300000| Complete 
| 132|0x0000000088400000, 0x0000000088500000, 0x0000000088500000|100%| E|CS|TAMS 0x0000000088400000, 0x0000000088400000| Complete 
| 133|0x0000000088500000, 0x0000000088600000, 0x0000000088600000|100%| E|CS|TAMS 0x0000000088500000, 0x0000000088500000| Complete 
| 134|0x0000000088600000, 0x0000000088700000, 0x0000000088700000|100%| E|CS|TAMS 0x0000000088600000, 0x0000000088600000| Complete 
| 135|0x0000000088700000, 0x0000000088800000, 0x0000000088800000|100%| E|CS|TAMS 0x0000000088700000, 0x0000000088700000| Complete 
| 136|0x0000000088800000, 0x0000000088900000, 0x0000000088900000|100%| E|CS|TAMS 0x0000000088800000, 0x0000000088800000| Complete 
| 137|0x0000000088900000, 0x0000000088a00000, 0x0000000088a00000|100%| E|CS|TAMS 0x0000000088900000, 0x0000000088900000| Complete 
| 138|0x0000000088a00000, 0x0000000088b00000, 0x0000000088b00000|100%| E|CS|TAMS 0x0000000088a00000, 0x0000000088a00000| Complete 
| 139|0x0000000088b00000, 0x0000000088c00000, 0x0000000088c00000|100%| E|CS|TAMS 0x0000000088b00000, 0x0000000088b00000| Complete 
| 140|0x0000000088c00000, 0x0000000088d00000, 0x0000000088d00000|100%| E|CS|TAMS 0x0000000088c00000, 0x0000000088c00000| Complete 
| 141|0x0000000088d00000, 0x0000000088e00000, 0x0000000088e00000|100%| E|CS|TAMS 0x0000000088d00000, 0x0000000088d00000| Complete 
| 142|0x0000000088e00000, 0x0000000088f00000, 0x0000000088f00000|100%| E|CS|TAMS 0x0000000088e00000, 0x0000000088e00000| Complete 
| 143|0x0000000088f00000, 0x0000000089000000, 0x0000000089000000|100%| E|CS|TAMS 0x0000000088f00000, 0x0000000088f00000| Complete 
| 144|0x0000000089000000, 0x0000000089100000, 0x0000000089100000|100%| E|CS|TAMS 0x0000000089000000, 0x0000000089000000| Complete 
| 145|0x0000000089100000, 0x0000000089200000, 0x0000000089200000|100%| E|CS|TAMS 0x0000000089100000, 0x0000000089100000| Complete 
| 146|0x0000000089200000, 0x0000000089300000, 0x0000000089300000|100%| E|CS|TAMS 0x0000000089200000, 0x0000000089200000| Complete 
| 147|0x0000000089300000, 0x0000000089400000, 0x0000000089400000|100%| E|CS|TAMS 0x0000000089300000, 0x0000000089300000| Complete 
| 148|0x0000000089400000, 0x0000000089500000, 0x0000000089500000|100%| E|CS|TAMS 0x0000000089400000, 0x0000000089400000| Complete 
| 149|0x0000000089500000, 0x0000000089600000, 0x0000000089600000|100%| E|CS|TAMS 0x0000000089500000, 0x0000000089500000| Complete 
| 150|0x0000000089600000, 0x0000000089700000, 0x0000000089700000|100%| E|CS|TAMS 0x0000000089600000, 0x0000000089600000| Complete 
| 151|0x0000000089700000, 0x0000000089800000, 0x0000000089800000|100%| E|CS|TAMS 0x0000000089700000, 0x0000000089700000| Complete 
| 152|0x0000000089800000, 0x0000000089900000, 0x0000000089900000|100%| E|CS|TAMS 0x0000000089800000, 0x0000000089800000| Complete 
| 153|0x0000000089900000, 0x0000000089a00000, 0x0000000089a00000|100%| E|CS|TAMS 0x0000000089900000, 0x0000000089900000| Complete 
| 154|0x0000000089a00000, 0x0000000089b00000, 0x0000000089b00000|100%| E|CS|TAMS 0x0000000089a00000, 0x0000000089a00000| Complete 
| 155|0x0000000089b00000, 0x0000000089c00000, 0x0000000089c00000|100%| E|CS|TAMS 0x0000000089b00000, 0x0000000089b00000| Complete 
| 156|0x0000000089c00000, 0x0000000089d00000, 0x0000000089d00000|100%| E|CS|TAMS 0x0000000089c00000, 0x0000000089c00000| Complete 
| 157|0x0000000089d00000, 0x0000000089e00000, 0x0000000089e00000|100%| E|CS|TAMS 0x0000000089d00000, 0x0000000089d00000| Complete 
| 158|0x0000000089e00000, 0x0000000089f00000, 0x0000000089f00000|100%| E|CS|TAMS 0x0000000089e00000, 0x0000000089e00000| Complete 
| 159|0x0000000089f00000, 0x000000008a000000, 0x000000008a000000|100%| E|CS|TAMS 0x0000000089f00000, 0x0000000089f00000| Complete 
| 160|0x000000008a000000, 0x000000008a100000, 0x000000008a100000|100%| E|CS|TAMS 0x000000008a000000, 0x000000008a000000| Complete 
| 161|0x000000008a100000, 0x000000008a200000, 0x000000008a200000|100%| E|CS|TAMS 0x000000008a100000, 0x000000008a100000| Complete 
| 162|0x000000008a200000, 0x000000008a300000, 0x000000008a300000|100%| E|CS|TAMS 0x000000008a200000, 0x000000008a200000| Complete 
| 163|0x000000008a300000, 0x000000008a400000, 0x000000008a400000|100%| E|CS|TAMS 0x000000008a300000, 0x000000008a300000| Complete 
| 164|0x000000008a400000, 0x000000008a500000, 0x000000008a500000|100%| E|CS|TAMS 0x000000008a400000, 0x000000008a400000| Complete 
| 165|0x000000008a500000, 0x000000008a600000, 0x000000008a600000|100%| E|CS|TAMS 0x000000008a500000, 0x000000008a500000| Complete 
| 166|0x000000008a600000, 0x000000008a700000, 0x000000008a700000|100%| E|CS|TAMS 0x000000008a600000, 0x000000008a600000| Complete 
| 167|0x000000008a700000, 0x000000008a800000, 0x000000008a800000|100%| E|CS|TAMS 0x000000008a700000, 0x000000008a700000| Complete 
| 168|0x000000008a800000, 0x000000008a900000, 0x000000008a900000|100%| E|CS|TAMS 0x000000008a800000, 0x000000008a800000| Complete 
| 169|0x000000008a900000, 0x000000008aa00000, 0x000000008aa00000|100%| E|CS|TAMS 0x000000008a900000, 0x000000008a900000| Complete 
| 170|0x000000008aa00000, 0x000000008ab00000, 0x000000008ab00000|100%| E|CS|TAMS 0x000000008aa00000, 0x000000008aa00000| Complete 
| 171|0x000000008ab00000, 0x000000008ab33938, 0x000000008ac00000| 20%| S|CS|TAMS 0x000000008ab00000, 0x000000008ab00000| Complete 
| 222|0x000000008de00000, 0x000000008df00000, 0x000000008df00000|100%| S|CS|TAMS 0x000000008de00000, 0x000000008de00000| Complete 
| 223|0x000000008df00000, 0x000000008e000000, 0x000000008e000000|100%| E|CS|TAMS 0x000000008df00000, 0x000000008df00000| Complete 

Card table byte_map: [0x0000027c4c790000,0x0000027c4cb90000] _byte_map_base: 0x0000027c4c390000

Marking Bits (Prev, Next): (CMBitMap*) 0x0000027c3515bc30, (CMBitMap*) 0x0000027c3515bc70
 Prev Bits: [0x0000027c4cf90000, 0x0000027c4ef90000)
 Next Bits: [0x0000027c4ef90000, 0x0000027c50f90000)

Polling page: 0x0000027c33110000

Metaspace:

Usage:
  Non-class:     71.24 MB used.
      Class:     11.12 MB used.
       Both:     82.36 MB used.

Virtual space:
  Non-class space:      128.00 MB reserved,      72.19 MB ( 56%) committed,  2 nodes.
      Class space:        1.00 GB reserved,      12.12 MB (  1%) committed,  1 nodes.
             Both:        1.12 GB reserved,      84.31 MB (  7%) committed. 

Chunk freelists:
   Non-Class:  3.55 MB
       Class:  3.73 MB
        Both:  7.28 MB

MaxMetaspaceSize: unlimited
CompressedClassSpaceSize: 1.00 GB
Initial GC threshold: 21.00 MB
Current GC threshold: 132.44 MB
CDS: on
MetaspaceReclaimPolicy: balanced
 - commit_granule_bytes: 65536.
 - commit_granule_words: 8192.
 - virtual_space_node_default_size: 8388608.
 - enlarge_chunks_in_place: 1.
 - new_chunks_are_fully_committed: 0.
 - uncommit_free_chunks: 1.
 - use_allocation_guard: 0.


Internal statistics:

num_allocs_failed_limit: 6.
num_arena_births: 3440.
num_arena_deaths: 0.
num_vsnodes_births: 3.
num_vsnodes_deaths: 0.
num_space_committed: 1349.
num_space_uncommitted: 0.
num_chunks_returned_to_freelist: 6.
num_chunks_taken_from_freelist: 7168.
num_chunk_merges: 6.
num_chunk_splits: 4613.
num_chunks_enlarged: 2796.
num_inconsistent_stats: 0.

CodeHeap 'non-profiled nmethods': size=120000Kb used=4883Kb max_used=5023Kb free=115116Kb
 bounds [0x0000027c44b30000, 0x0000027c45020000, 0x0000027c4c060000]
CodeHeap 'profiled nmethods': size=120000Kb used=17153Kb max_used=17470Kb free=102846Kb
 bounds [0x0000027c3d060000, 0x0000027c3e170000, 0x0000027c44590000]
CodeHeap 'non-nmethods': size=5760Kb used=2512Kb max_used=2583Kb free=3247Kb
 bounds [0x0000027c44590000, 0x0000027c44820000, 0x0000027c44b30000]
 total_blobs=9896 nmethods=8935 adapters=869
 compilation: enabled
              stopped_count=0, restarted_count=0
 full_count=0

Compilation events (20 events):
Event: 27.626 Thread 0x0000027c57c2be50 10464   !   3       sun.nio.fs.WindowsDirectoryStream::close (59 bytes)
Event: 27.627 Thread 0x0000027c57c2be50 nmethod 10464 0x0000027c3dd57310 code [0x0000027c3dd57500, 0x0000027c3dd57988]
Event: 27.627 Thread 0x0000027c57c2be50 10466       3       sun.nio.fs.WindowsDirectoryStream$WindowsDirectoryIterator::<init> (73 bytes)
Event: 27.627 Thread 0x0000027c57c2be50 nmethod 10466 0x0000027c3dd56490 code [0x0000027c3dd566c0, 0x0000027c3dd56fc8]
Event: 27.628 Thread 0x0000027c57c2be50 10465       3       sun.nio.fs.WindowsPath::needsSlashWhenResolving (37 bytes)
Event: 27.628 Thread 0x0000027c57c2be50 nmethod 10465 0x0000027c3dd55910 code [0x0000027c3dd55b20, 0x0000027c3dd561a8]
Event: 27.628 Thread 0x0000027c57c2be50 10468       3       org.gradle.internal.snapshot.MerkleDirectorySnapshotBuilder$Directory::<init> (43 bytes)
Event: 27.628 Thread 0x0000027c57c2be50 nmethod 10468 0x0000027c3dd54f90 code [0x0000027c3dd55180, 0x0000027c3dd55758]
Event: 27.628 Thread 0x0000027c57c2be50 10467       3       org.gradle.internal.snapshot.impl.DirectorySnapshotter$PathVisitor::shouldVisitDirectory (26 bytes)
Event: 27.629 Thread 0x0000027c57c2be50 nmethod 10467 0x0000027c3dd54910 code [0x0000027c3dd54ae0, 0x0000027c3dd54e18]
Event: 27.629 Thread 0x0000027c57c2be50 10469       3       org.gradle.internal.snapshot.impl.DirectorySnapshotter$PathVisitor::doPreVisitDirectory (82 bytes)
Event: 27.629 Thread 0x0000027c57c2be50 nmethod 10469 0x0000027c3d439090 code [0x0000027c3d439380, 0x0000027c3d43a658]
Event: 27.630 Thread 0x0000027c57c2be50 10470       3       java.util.ArrayDeque::getLast (33 bytes)
Event: 27.630 Thread 0x0000027c57c2be50 nmethod 10470 0x0000027c3d438a10 code [0x0000027c3d438be0, 0x0000027c3d438f28]
Event: 27.630 Thread 0x0000027c57c2be50 10471       3       org.gradle.internal.snapshot.impl.DirectorySnapshotter$PathVisitor::doPostVisitDirectory (85 bytes)
Event: 27.631 Thread 0x0000027c57c2be50 nmethod 10471 0x0000027c3d436b10 code [0x0000027c3d436e20, 0x0000027c3d438328]
Event: 27.631 Thread 0x0000027c57c2be50 10473       3       org.gradle.internal.snapshot.MerkleDirectorySnapshotBuilder::leaveDirectory (27 bytes)
Event: 27.631 Thread 0x0000027c57c2be50 nmethod 10473 0x0000027c3d436490 code [0x0000027c3d436660, 0x0000027c3d4369e8]
Event: 27.631 Thread 0x0000027c57c2be50 10472       3       org.gradle.internal.snapshot.impl.FilteredTrackingMerkleDirectorySnapshotBuilder::isCurrentLevelUnfiltered (16 bytes)
Event: 27.632 Thread 0x0000027c57c2be50 nmethod 10472 0x0000027c3d435f10 code [0x0000027c3d4360c0, 0x0000027c3d4363a8]

GC Heap History (20 events):
Event: 21.601 GC heap before
{Heap before GC invocations=21 (full 0):
 garbage-first heap   total 87040K, used 51909K [0x0000000080000000, 0x0000000100000000)
  region size 1024K, 4 young (4096K), 2 survivors (2048K)
 Metaspace       used 58056K, committed 59584K, reserved 1114112K
  class space    used 7684K, committed 8448K, reserved 1048576K
}
Event: 21.604 GC heap after
{Heap after GC invocations=22 (full 0):
 garbage-first heap   total 87040K, used 49448K [0x0000000080000000, 0x0000000100000000)
  region size 1024K, 1 young (1024K), 1 survivors (1024K)
 Metaspace       used 58056K, committed 59584K, reserved 1114112K
  class space    used 7684K, committed 8448K, reserved 1048576K
}
Event: 21.941 GC heap before
{Heap before GC invocations=22 (full 0):
 garbage-first heap   total 87040K, used 64808K [0x0000000080000000, 0x0000000100000000)
  region size 1024K, 18 young (18432K), 1 survivors (1024K)
 Metaspace       used 60918K, committed 62592K, reserved 1114112K
  class space    used 8051K, committed 8896K, reserved 1048576K
}
Event: 21.944 GC heap after
{Heap after GC invocations=23 (full 0):
 garbage-first heap   total 87040K, used 51395K [0x0000000080000000, 0x0000000100000000)
  region size 1024K, 3 young (3072K), 3 survivors (3072K)
 Metaspace       used 60918K, committed 62592K, reserved 1114112K
  class space    used 8051K, committed 8896K, reserved 1048576K
}
Event: 22.090 GC heap before
{Heap before GC invocations=24 (full 0):
 garbage-first heap   total 119808K, used 74947K [0x0000000080000000, 0x0000000100000000)
  region size 1024K, 20 young (20480K), 3 survivors (3072K)
 Metaspace       used 61640K, committed 63296K, reserved 1114112K
  class space    used 8154K, committed 8960K, reserved 1048576K
}
Event: 22.093 GC heap after
{Heap after GC invocations=25 (full 0):
 garbage-first heap   total 119808K, used 53336K [0x0000000080000000, 0x0000000100000000)
  region size 1024K, 3 young (3072K), 3 survivors (3072K)
 Metaspace       used 61640K, committed 63296K, reserved 1114112K
  class space    used 8154K, committed 8960K, reserved 1048576K
}
Event: 22.127 GC heap before
{Heap before GC invocations=25 (full 0):
 garbage-first heap   total 119808K, used 55384K [0x0000000080000000, 0x0000000100000000)
  region size 1024K, 5 young (5120K), 3 survivors (3072K)
 Metaspace       used 61933K, committed 63552K, reserved 1114112K
  class space    used 8180K, committed 9024K, reserved 1048576K
}
Event: 22.129 GC heap after
{Heap after GC invocations=26 (full 0):
 garbage-first heap   total 119808K, used 53624K [0x0000000080000000, 0x0000000100000000)
  region size 1024K, 1 young (1024K), 1 survivors (1024K)
 Metaspace       used 61933K, committed 63552K, reserved 1114112K
  class space    used 8180K, committed 9024K, reserved 1048576K
}
Event: 22.565 GC heap before
{Heap before GC invocations=26 (full 0):
 garbage-first heap   total 119808K, used 85368K [0x0000000080000000, 0x0000000100000000)
  region size 1024K, 32 young (32768K), 1 survivors (1024K)
 Metaspace       used 64472K, committed 66112K, reserved 1114112K
  class space    used 8466K, committed 9280K, reserved 1048576K
}
Event: 22.568 GC heap after
{Heap after GC invocations=27 (full 0):
 garbage-first heap   total 178176K, used 56192K [0x0000000080000000, 0x0000000100000000)
  region size 1024K, 4 young (4096K), 4 survivors (4096K)
 Metaspace       used 64472K, committed 66112K, reserved 1114112K
  class space    used 8466K, committed 9280K, reserved 1048576K
}
Event: 23.346 GC heap before
{Heap before GC invocations=27 (full 0):
 garbage-first heap   total 178176K, used 119680K [0x0000000080000000, 0x0000000100000000)
  region size 1024K, 66 young (67584K), 4 survivors (4096K)
 Metaspace       used 67487K, committed 69184K, reserved 1114112K
  class space    used 8886K, committed 9728K, reserved 1048576K
}
Event: 23.352 GC heap after
{Heap after GC invocations=28 (full 0):
 garbage-first heap   total 178176K, used 60626K [0x0000000080000000, 0x0000000100000000)
  region size 1024K, 8 young (8192K), 8 survivors (8192K)
 Metaspace       used 67487K, committed 69184K, reserved 1114112K
  class space    used 8886K, committed 9728K, reserved 1048576K
}
Event: 24.285 GC heap before
{Heap before GC invocations=28 (full 0):
 garbage-first heap   total 178176K, used 125138K [0x0000000080000000, 0x0000000100000000)
  region size 1024K, 71 young (72704K), 8 survivors (8192K)
 Metaspace       used 72628K, committed 74496K, reserved 1114112K
  class space    used 9772K, committed 10752K, reserved 1048576K
}
Event: 24.293 GC heap after
{Heap after GC invocations=29 (full 0):
 garbage-first heap   total 178176K, used 65552K [0x0000000080000000, 0x0000000100000000)
  region size 1024K, 9 young (9216K), 9 survivors (9216K)
 Metaspace       used 72628K, committed 74496K, reserved 1114112K
  class space    used 9772K, committed 10752K, reserved 1048576K
}
Event: 25.578 GC heap before
{Heap before GC invocations=29 (full 0):
 garbage-first heap   total 178176K, used 129040K [0x0000000080000000, 0x0000000100000000)
  region size 1024K, 71 young (72704K), 9 survivors (9216K)
 Metaspace       used 79271K, committed 81088K, reserved 1179648K
  class space    used 10696K, committed 11648K, reserved 1048576K
}
Event: 25.587 GC heap after
{Heap after GC invocations=30 (full 0):
 garbage-first heap   total 178176K, used 71651K [0x0000000080000000, 0x0000000100000000)
  region size 1024K, 6 young (6144K), 6 survivors (6144K)
 Metaspace       used 79271K, committed 81088K, reserved 1179648K
  class space    used 10696K, committed 11648K, reserved 1048576K
}
Event: 26.179 GC heap before
{Heap before GC invocations=31 (full 0):
 garbage-first heap   total 178176K, used 133091K [0x0000000080000000, 0x0000000100000000)
  region size 1024K, 66 young (67584K), 6 survivors (6144K)
 Metaspace       used 81718K, committed 83584K, reserved 1179648K
  class space    used 10921K, committed 11904K, reserved 1048576K
}
Event: 26.188 GC heap after
{Heap after GC invocations=32 (full 0):
 garbage-first heap   total 178176K, used 82850K [0x0000000080000000, 0x0000000100000000)
  region size 1024K, 9 young (9216K), 9 survivors (9216K)
 Metaspace       used 81718K, committed 83584K, reserved 1179648K
  class space    used 10921K, committed 11904K, reserved 1048576K
}
Event: 26.199 GC heap before
{Heap before GC invocations=32 (full 0):
 garbage-first heap   total 178176K, used 83874K [0x0000000080000000, 0x0000000100000000)
  region size 1024K, 10 young (10240K), 9 survivors (9216K)
 Metaspace       used 81760K, committed 83648K, reserved 1179648K
  class space    used 10931K, committed 11904K, reserved 1048576K
}
Event: 26.205 GC heap after
{Heap after GC invocations=33 (full 0):
 garbage-first heap   total 178176K, used 84705K [0x0000000080000000, 0x0000000100000000)
  region size 1024K, 2 young (2048K), 2 survivors (2048K)
 Metaspace       used 81760K, committed 83648K, reserved 1179648K
  class space    used 10931K, committed 11904K, reserved 1048576K
}

Dll operation events (13 events):
Event: 0.007 Loaded shared library C:\Users\shon6\.jdks\openjdk-19.0.1\bin\java.dll
Event: 0.018 Loaded shared library C:\Users\shon6\.jdks\openjdk-19.0.1\bin\jsvml.dll
Event: 0.124 Loaded shared library C:\Users\shon6\.jdks\openjdk-19.0.1\bin\net.dll
Event: 0.128 Loaded shared library C:\Users\shon6\.jdks\openjdk-19.0.1\bin\nio.dll
Event: 0.154 Loaded shared library C:\Users\shon6\.jdks\openjdk-19.0.1\bin\zip.dll
Event: 2.853 Loaded shared library C:\Users\shon6\.jdks\openjdk-19.0.1\bin\jimage.dll
Event: 3.825 Loaded shared library C:\Users\shon6\.jdks\openjdk-19.0.1\bin\verify.dll
Event: 6.041 Loaded shared library C:\Users\shon6\.gradle\native\68d5fa5c4cc2d200863cafc0d521ce42e7d3e7ee720ec0a83991735586a16f82\windows-amd64\native-platform.dll
Event: 6.134 Loaded shared library C:\Users\shon6\.gradle\native\e376f236ea51e6404a007f0833ffe2c6e607c4080706a723a18a27aeea778392\windows-amd64\native-platform-file-events.dll
Event: 11.027 Loaded shared library C:\Users\shon6\.jdks\openjdk-19.0.1\bin\management.dll
Event: 11.033 Loaded shared library C:\Users\shon6\.jdks\openjdk-19.0.1\bin\management_ext.dll
Event: 11.289 Loaded shared library C:\Users\shon6\.jdks\openjdk-19.0.1\bin\extnet.dll
Event: 11.451 Loaded shared library C:\Users\shon6\.jdks\openjdk-19.0.1\bin\sunmscapi.dll

Deoptimization events (20 events):
Event: 27.437 Thread 0x0000027c5b412710 Uncommon trap: trap_request=0xffffff45 fr.pc=0x0000027c44cc0b60 relative=0x0000000000000240
Event: 27.437 Thread 0x0000027c5b412710 Uncommon trap: reason=unstable_if action=reinterpret pc=0x0000027c44cc0b60 method=java.util.concurrent.ConcurrentHashMap.get(Ljava/lang/Object;)Ljava/lang/Object; @ 86 c2
Event: 27.437 Thread 0x0000027c5b412710 DEOPT PACKING pc=0x0000027c44cc0b60 sp=0x00000094dc1fe050
Event: 27.437 Thread 0x0000027c5b412710 DEOPT UNPACKING pc=0x0000027c445f6da3 sp=0x00000094dc1fdfc8 mode 2
Event: 27.487 Thread 0x0000027c592dae90 Uncommon trap: trap_request=0xffffff45 fr.pc=0x0000027c44fdb104 relative=0x0000000000000164
Event: 27.487 Thread 0x0000027c592dae90 Uncommon trap: reason=unstable_if action=reinterpret pc=0x0000027c44fdb104 method=java.util.concurrent.locks.ReentrantLock$Sync.tryLock()Z @ 34 c2
Event: 27.487 Thread 0x0000027c592dae90 DEOPT PACKING pc=0x0000027c44fdb104 sp=0x00000094dc4fe7f0
Event: 27.487 Thread 0x0000027c592dae90 DEOPT UNPACKING pc=0x0000027c445f6da3 sp=0x00000094dc4fe7a0 mode 2
Event: 27.579 Thread 0x0000027c590e8aa0 Uncommon trap: trap_request=0xffffffd6 fr.pc=0x0000027c44baebf8 relative=0x00000000000007b8
Event: 27.579 Thread 0x0000027c590e8aa0 Uncommon trap: reason=array_check action=maybe_recompile pc=0x0000027c44baebf8 method=java.util.TimSort.binarySort([Ljava/lang/Object;IIILjava/util/Comparator;)V @ 215 c2
Event: 27.579 Thread 0x0000027c590e8aa0 DEOPT PACKING pc=0x0000027c44baebf8 sp=0x00000094dedfde60
Event: 27.579 Thread 0x0000027c590e8aa0 DEOPT UNPACKING pc=0x0000027c445f6da3 sp=0x00000094dedfddf8 mode 2
Event: 27.582 Thread 0x0000027c5b40bcd0 Uncommon trap: trap_request=0xffffff45 fr.pc=0x0000027c44dda03c relative=0x00000000000001fc
Event: 27.582 Thread 0x0000027c5b40bcd0 Uncommon trap: reason=unstable_if action=reinterpret pc=0x0000027c44dda03c method=com.esotericsoftware.kryo.io.Input.readVarInt(Z)I @ 42 c2
Event: 27.582 Thread 0x0000027c5b40bcd0 DEOPT PACKING pc=0x0000027c44dda03c sp=0x00000094db5fe660
Event: 27.582 Thread 0x0000027c5b40bcd0 DEOPT UNPACKING pc=0x0000027c445f6da3 sp=0x00000094db5fe550 mode 2
Event: 27.586 Thread 0x0000027c590e8aa0 Uncommon trap: trap_request=0xffffffd6 fr.pc=0x0000027c44baebf8 relative=0x00000000000007b8
Event: 27.586 Thread 0x0000027c590e8aa0 Uncommon trap: reason=array_check action=maybe_recompile pc=0x0000027c44baebf8 method=java.util.TimSort.binarySort([Ljava/lang/Object;IIILjava/util/Comparator;)V @ 215 c2
Event: 27.586 Thread 0x0000027c590e8aa0 DEOPT PACKING pc=0x0000027c44baebf8 sp=0x00000094dedfe100
Event: 27.586 Thread 0x0000027c590e8aa0 DEOPT UNPACKING pc=0x0000027c445f6da3 sp=0x00000094dedfe098 mode 2

Classes loaded (20 events):
Event: 26.167 Loading class sun/nio/ch/ChannelOutputStream
Event: 26.167 Loading class sun/nio/ch/ChannelOutputStream done
Event: 26.168 Loading class java/util/concurrent/ConcurrentLinkedQueue$Itr
Event: 26.169 Loading class java/util/concurrent/ConcurrentLinkedQueue$Itr done
Event: 26.263 Loading class java/util/TreeMap$KeySpliterator
Event: 26.264 Loading class java/util/TreeMap$TreeMapSpliterator
Event: 26.264 Loading class java/util/TreeMap$TreeMapSpliterator done
Event: 26.264 Loading class java/util/TreeMap$KeySpliterator done
Event: 26.386 Loading class java/io/ObjectStreamClass$ExceptionInfo
Event: 26.386 Loading class java/io/ObjectStreamClass$ExceptionInfo done
Event: 26.433 Loading class java/util/stream/ReferencePipeline$4
Event: 26.434 Loading class java/util/stream/ReferencePipeline$4 done
Event: 26.434 Loading class java/util/function/IntBinaryOperator
Event: 26.434 Loading class java/util/function/IntBinaryOperator done
Event: 26.435 Loading class java/util/stream/ReduceOps$6
Event: 26.435 Loading class java/util/stream/ReduceOps$6 done
Event: 26.435 Loading class java/util/stream/ReduceOps$5ReducingSink
Event: 26.436 Loading class java/util/stream/ReduceOps$5ReducingSink done
Event: 26.436 Loading class java/util/stream/ReferencePipeline$4$1
Event: 26.436 Loading class java/util/stream/ReferencePipeline$4$1 done

Classes unloaded (0 events):
No events

Classes redefined (0 events):
No events

Internal exceptions (20 events):
Event: 26.281 Thread 0x0000027c5cd4ce70 Exception <a 'java/lang/IncompatibleClassChangeError'{0x000000008a7e1ab0}: Found class java.lang.Object, but interface was expected> (0x000000008a7e1ab0) 
thrown [s\open\src\hotspot\share\interpreter\linkResolver.cpp, line 841]
Event: 26.318 Thread 0x0000027c5cd4ce70 Exception <a 'java/lang/IncompatibleClassChangeError'{0x000000008a6d8ea8}: Found class java.lang.Object, but interface was expected> (0x000000008a6d8ea8) 
thrown [s\open\src\hotspot\share\interpreter\linkResolver.cpp, line 841]
Event: 26.337 Thread 0x0000027c5cd4ce70 Exception <a 'java/lang/NoSuchMethodError'{0x000000008a428dd8}: 'int java.lang.invoke.DirectMethodHandle$Holder.invokeStaticInit(java.lang.Object, java.lang.Object, java.lang.Object, java.lang.Object, java.lang.Object)'> (0x000000008a428dd8) 
thrown [s\open\src\hotspot\share\interpreter\linkResolver.cpp, line 774]
Event: 26.352 Thread 0x0000027c59282670 Exception <a 'java/lang/NoSuchMethodError'{0x000000008a300430}: static Lorg/gradle/internal/build/event/types/DefaultTaskFinishedProgressEvent;.<clinit>()V> (0x000000008a300430) 
thrown [s\open\src\hotspot\share\prims\jni.cpp, line 1107]
Event: 26.354 Thread 0x0000027c59282670 Exception <a 'java/lang/NoSuchMethodError'{0x000000008a346040}: static Lorg/gradle/internal/build/event/types/DefaultTaskSuccessResult;.<clinit>()V> (0x000000008a346040) 
thrown [s\open\src\hotspot\share\prims\jni.cpp, line 1107]
Event: 26.354 Thread 0x0000027c59282670 Exception <a 'java/lang/NoSuchMethodError'{0x000000008a347758}: static Lorg/gradle/internal/build/event/types/AbstractTaskResult;.<clinit>()V> (0x000000008a347758) 
thrown [s\open\src\hotspot\share\prims\jni.cpp, line 1107]
Event: 26.376 Thread 0x0000027c5cd4b930 Exception <a 'java/lang/NoSuchMethodError'{0x000000008a243610}: static Lcom/android/ide/common/attribution/AndroidGradlePluginAttributionData$BuildInfo;.<clinit>()V> (0x000000008a243610) 
thrown [s\open\src\hotspot\share\prims\jni.cpp, line 1107]
Event: 26.379 Thread 0x0000027c5cd4b930 Exception <a 'java/lang/NoSuchMethodError'{0x000000008a2712e0}: static Lcom/android/ide/common/attribution/AndroidGradlePluginAttributionData$JavaInfo;.<clinit>()V> (0x000000008a2712e0) 
thrown [s\open\src\hotspot\share\prims\jni.cpp, line 1107]
Event: 26.386 Thread 0x0000027c5cd4b930 Exception <a 'java/lang/NoSuchMethodError'{0x000000008a2ccb58}: static [Ljava/lang/String;.<clinit>()V> (0x000000008a2ccb58) 
thrown [s\open\src\hotspot\share\prims\jni.cpp, line 1107]
Event: 26.396 Thread 0x0000027c59282670 Exception <a 'java/lang/NoSuchMethodError'{0x000000008a149648}: static Lorg/gradle/internal/build/event/types/DefaultTaskSkippedResult;.<clinit>()V> (0x000000008a149648) 
thrown [s\open\src\hotspot\share\prims\jni.cpp, line 1107]
Event: 26.414 Thread 0x0000027c5cd4ce70 Exception <a 'java/lang/NoSuchMethodError'{0x000000008a1be3a8}: 'int java.lang.invoke.DirectMethodHandle$Holder.invokeSpecial(java.lang.Object, java.lang.Object, java.lang.Object, java.lang.Object, java.lang.Object)'> (0x000000008a1be3a8) 
thrown [s\open\src\hotspot\share\interpreter\linkResolver.cpp, line 774]
Event: 27.382 Thread 0x0000027c5cd4e900 Exception <a 'java/lang/NoSuchMethodError'{0x00000000897057b0}: 'void java.lang.invoke.DirectMethodHandle$Holder.invokeStatic(java.lang.Object, java.lang.Object, java.lang.Object, java.lang.Object, int, java.lang.Object, java.lang.Object)'> (0x00000000897057b0) 
thrown [s\open\src\hotspot\share\interpreter\linkResolver.cpp, line 774]
Event: 27.392 Thread 0x0000027c5b4111d0 Implicit null exception at 0x0000027c44b78bea to 0x0000027c44b795e4
Event: 27.407 Thread 0x0000027c5b40eca0 Exception <a 'java/lang/NoSuchMethodError'{0x00000000895ef580}: 'java.lang.Object java.lang.invoke.DirectMethodHandle$Holder.invokeSpecialIFC(java.lang.Object, java.lang.Object, java.lang.Object)'> (0x00000000895ef580) 
thrown [s\open\src\hotspot\share\interpreter\linkResolver.cpp, line 774]
Event: 27.407 Thread 0x0000027c5b412710 Exception <a 'java/lang/NoSuchMethodError'{0x00000000895e29b0}: 'java.lang.Object java.lang.invoke.DirectMethodHandle$Holder.invokeSpecialIFC(java.lang.Object, java.lang.Object, java.lang.Object)'> (0x00000000895e29b0) 
thrown [s\open\src\hotspot\share\interpreter\linkResolver.cpp, line 774]
Event: 27.407 Thread 0x0000027c590e8aa0 Exception <a 'java/lang/NoSuchMethodError'{0x00000000895ee870}: 'java.lang.Object java.lang.invoke.DirectMethodHandle$Holder.invokeSpecialIFC(java.lang.Object, java.lang.Object, java.lang.Object)'> (0x00000000895ee870) 
thrown [s\open\src\hotspot\share\interpreter\linkResolver.cpp, line 774]
Event: 27.407 Thread 0x0000027c5b4111d0 Exception <a 'java/lang/NoSuchMethodError'{0x00000000895f31f0}: 'java.lang.Object java.lang.invoke.DirectMethodHandle$Holder.invokeSpecialIFC(java.lang.Object, java.lang.Object, java.lang.Object)'> (0x00000000895f31f0) 
thrown [s\open\src\hotspot\share\interpreter\linkResolver.cpp, line 774]
Event: 27.407 Thread 0x0000027c592d9950 Exception <a 'java/lang/NoSuchMethodError'{0x00000000895ddb40}: 'java.lang.Object java.lang.invoke.DirectMethodHandle$Holder.invokeSpecialIFC(java.lang.Object, java.lang.Object, java.lang.Object)'> (0x00000000895ddb40) 
thrown [s\open\src\hotspot\share\interpreter\linkResolver.cpp, line 774]
Event: 27.407 Thread 0x0000027c5b4121c0 Exception <a 'java/lang/NoSuchMethodError'{0x00000000895ec9f0}: 'java.lang.Object java.lang.invoke.DirectMethodHandle$Holder.invokeSpecialIFC(java.lang.Object, java.lang.Object, java.lang.Object)'> (0x00000000895ec9f0) 
thrown [s\open\src\hotspot\share\interpreter\linkResolver.cpp, line 774]
Event: 27.407 Thread 0x0000027c5cd4e900 Exception <a 'java/lang/NoSuchMethodError'{0x000000008954f530}: 'java.lang.Object java.lang.invoke.DirectMethodHandle$Holder.invokeSpecialIFC(java.lang.Object, java.lang.Object, java.lang.Object)'> (0x000000008954f530) 
thrown [s\open\src\hotspot\share\interpreter\linkResolver.cpp, line 774]

VM Operations (20 events):
Event: 26.251 Executing VM operation: HandshakeAllThreads
Event: 26.251 Executing VM operation: HandshakeAllThreads done
Event: 26.252 Executing VM operation: HandshakeAllThreads
Event: 26.253 Executing VM operation: HandshakeAllThreads done
Event: 26.325 Executing VM operation: HandshakeAllThreads
Event: 26.325 Executing VM operation: HandshakeAllThreads done
Event: 26.351 Executing VM operation: HandshakeAllThreads
Event: 26.351 Executing VM operation: HandshakeAllThreads done
Event: 26.378 Executing VM operation: HandshakeAllThreads
Event: 26.378 Executing VM operation: HandshakeAllThreads done
Event: 26.419 Executing VM operation: HandshakeAllThreads
Event: 26.419 Executing VM operation: HandshakeAllThreads done
Event: 26.558 Executing VM operation: HandshakeAllThreads
Event: 26.558 Executing VM operation: HandshakeAllThreads done
Event: 26.746 Executing VM operation: ICBufferFull
Event: 26.746 Executing VM operation: ICBufferFull done
Event: 27.370 Executing VM operation: HandshakeAllThreads
Event: 27.370 Executing VM operation: HandshakeAllThreads done
Event: 27.377 Executing VM operation: ICBufferFull
Event: 27.377 Executing VM operation: ICBufferFull done

Events (20 events):
Event: 26.125 Thread 0x0000027c57c2cbd0 flushing nmethod 0x0000027c3e035810
Event: 26.125 Thread 0x0000027c57c2cbd0 flushing nmethod 0x0000027c3e035e10
Event: 26.125 Thread 0x0000027c57c2cbd0 flushing nmethod 0x0000027c3e098390
Event: 26.126 Thread 0x0000027c57c2cbd0 flushing nmethod 0x0000027c3e0b8090
Event: 26.126 Thread 0x0000027c57c2cbd0 flushing nmethod 0x0000027c3e0bad90
Event: 26.126 Thread 0x0000027c57c2cbd0 flushing nmethod 0x0000027c3e0e7710
Event: 26.126 Thread 0x0000027c57c2cbd0 flushing nmethod 0x0000027c3e130710
Event: 26.126 Thread 0x0000027c57c2cbd0 flushing nmethod 0x0000027c3e130f10
Event: 26.168 Thread 0x0000027c5cd49ea0 Thread added: 0x0000027c5cd49ea0
Event: 26.169 Thread 0x0000027c5cd4ee50 Thread added: 0x0000027c5cd4ee50
Event: 26.198 Thread 0x0000027c5cd4ce70 Thread added: 0x0000027c5cd4ce70
Event: 26.211 Thread 0x0000027c5cd4d3c0 Thread added: 0x0000027c5cd4d3c0
Event: 26.211 Thread 0x0000027c5cd50e30 Thread added: 0x0000027c5cd50e30
Event: 26.211 Thread 0x0000027c5cd4fe40 Thread added: 0x0000027c5cd4fe40
Event: 26.211 Thread 0x0000027c5cd4a3f0 Thread added: 0x0000027c5cd4a3f0
Event: 26.212 Thread 0x0000027c5cd4d910 Thread added: 0x0000027c5cd4d910
Event: 26.212 Thread 0x0000027c5cd4e900 Thread added: 0x0000027c5cd4e900
Event: 26.212 Thread 0x0000027c5cd508e0 Thread added: 0x0000027c5cd508e0
Event: 26.230 Thread 0x0000027c5cd49950 Thread added: 0x0000027c5cd49950
Event: 26.569 Thread 0x0000027c58a70950 Thread exited: 0x0000027c58a70950


Dynamic libraries:
0x00007ff7402e0000 - 0x00007ff7402ee000 	C:\Users\shon6\.jdks\openjdk-19.0.1\bin\java.exe
0x00007ffcd8e10000 - 0x00007ffcd9008000 	C:\Windows\SYSTEM32\ntdll.dll
0x00007ffcd8d10000 - 0x00007ffcd8dcf000 	C:\Windows\System32\KERNEL32.DLL
0x00007ffcd64f0000 - 0x00007ffcd67e6000 	C:\Windows\System32\KERNELBASE.dll
0x00007ffcd6ce0000 - 0x00007ffcd6de0000 	C:\Windows\System32\ucrtbase.dll
0x00007ffcc1a20000 - 0x00007ffcc1a3b000 	C:\Users\shon6\.jdks\openjdk-19.0.1\bin\VCRUNTIME140.dll
0x00007ffcbf9b0000 - 0x00007ffcbf9c7000 	C:\Users\shon6\.jdks\openjdk-19.0.1\bin\jli.dll
0x00007ffcd7680000 - 0x00007ffcd781d000 	C:\Windows\System32\USER32.dll
0x00007ffcd6cb0000 - 0x00007ffcd6cd2000 	C:\Windows\System32\win32u.dll
0x00007ffcc3b40000 - 0x00007ffcc3dda000 	C:\Windows\WinSxS\amd64_microsoft.windows.common-controls_6595b64144ccf1df_6.0.19041.1110_none_60b5254171f9507e\COMCTL32.dll
0x00007ffcd7570000 - 0x00007ffcd760e000 	C:\Windows\System32\msvcrt.dll
0x00007ffcd7820000 - 0x00007ffcd784c000 	C:\Windows\System32\GDI32.dll
0x00007ffcd6950000 - 0x00007ffcd6a65000 	C:\Windows\System32\gdi32full.dll
0x00007ffcd6ba0000 - 0x00007ffcd6c3d000 	C:\Windows\System32\msvcp_win.dll
0x00007ffcd83e0000 - 0x00007ffcd8410000 	C:\Windows\System32\IMM32.DLL
0x00007ffcc4470000 - 0x00007ffcc447c000 	C:\Users\shon6\.jdks\openjdk-19.0.1\bin\vcruntime140_1.dll
0x00007ffcb1720000 - 0x00007ffcb17ae000 	C:\Users\shon6\.jdks\openjdk-19.0.1\bin\msvcp140.dll
0x00007ffc9be50000 - 0x00007ffc9cb10000 	C:\Users\shon6\.jdks\openjdk-19.0.1\bin\server\jvm.dll
0x00007ffcd8410000 - 0x00007ffcd84bf000 	C:\Windows\System32\ADVAPI32.dll
0x00007ffcd8340000 - 0x00007ffcd83dc000 	C:\Windows\System32\sechost.dll
0x00007ffcd7100000 - 0x00007ffcd7226000 	C:\Windows\System32\RPCRT4.dll
0x00007ffcd0990000 - 0x00007ffcd0999000 	C:\Windows\SYSTEM32\WSOCK32.dll
0x00007ffcc7ce0000 - 0x00007ffcc7d07000 	C:\Windows\SYSTEM32\WINMM.dll
0x00007ffcd7500000 - 0x00007ffcd756b000 	C:\Windows\System32\WS2_32.dll
0x00007ffccdbc0000 - 0x00007ffccdbca000 	C:\Windows\SYSTEM32\VERSION.dll
0x00007ffcd43d0000 - 0x00007ffcd43e2000 	C:\Windows\SYSTEM32\kernel.appcore.dll
0x00007ffcc4270000 - 0x00007ffcc427a000 	C:\Users\shon6\.jdks\openjdk-19.0.1\bin\jimage.dll
0x00007ffcd0d70000 - 0x00007ffcd0f54000 	C:\Windows\SYSTEM32\DBGHELP.DLL
0x00007ffcd02c0000 - 0x00007ffcd02f4000 	C:\Windows\SYSTEM32\dbgcore.DLL
0x00007ffcd6de0000 - 0x00007ffcd6e62000 	C:\Windows\System32\bcryptPrimitives.dll
0x00007ffcbc570000 - 0x00007ffcbc596000 	C:\Users\shon6\.jdks\openjdk-19.0.1\bin\java.dll
0x00007ffcaee20000 - 0x00007ffcaeef7000 	C:\Users\shon6\.jdks\openjdk-19.0.1\bin\jsvml.dll
0x00007ffcd7910000 - 0x00007ffcd8054000 	C:\Windows\System32\SHELL32.dll
0x00007ffcd45d0000 - 0x00007ffcd4d63000 	C:\Windows\SYSTEM32\windows.storage.dll
0x00007ffcd84c0000 - 0x00007ffcd8814000 	C:\Windows\System32\combase.dll
0x00007ffcd5e70000 - 0x00007ffcd5e9e000 	C:\Windows\SYSTEM32\Wldp.dll
0x00007ffcd7040000 - 0x00007ffcd70ed000 	C:\Windows\System32\SHCORE.dll
0x00007ffcd78b0000 - 0x00007ffcd7905000 	C:\Windows\System32\shlwapi.dll
0x00007ffcd6430000 - 0x00007ffcd644f000 	C:\Windows\SYSTEM32\profapi.dll
0x00007ffcbf180000 - 0x00007ffcbf193000 	C:\Users\shon6\.jdks\openjdk-19.0.1\bin\net.dll
0x00007ffcd0600000 - 0x00007ffcd070a000 	C:\Windows\SYSTEM32\WINHTTP.dll
0x00007ffcd5bd0000 - 0x00007ffcd5c3a000 	C:\Windows\system32\mswsock.dll
0x00007ffcbe7f0000 - 0x00007ffcbe806000 	C:\Users\shon6\.jdks\openjdk-19.0.1\bin\nio.dll
0x00007ffcbc4c0000 - 0x00007ffcbc4d8000 	C:\Users\shon6\.jdks\openjdk-19.0.1\bin\zip.dll
0x00007ffccf7e0000 - 0x00007ffccf7f0000 	C:\Users\shon6\.jdks\openjdk-19.0.1\bin\verify.dll
0x00007ffcc6c60000 - 0x00007ffcc6c87000 	C:\Users\shon6\.gradle\native\68d5fa5c4cc2d200863cafc0d521ce42e7d3e7ee720ec0a83991735586a16f82\windows-amd64\native-platform.dll
0x00007ffcb4580000 - 0x00007ffcb46c4000 	C:\Users\shon6\.gradle\native\e376f236ea51e6404a007f0833ffe2c6e607c4080706a723a18a27aeea778392\windows-amd64\native-platform-file-events.dll
0x00007ffccf680000 - 0x00007ffccf68a000 	C:\Users\shon6\.jdks\openjdk-19.0.1\bin\management.dll
0x00007ffccf620000 - 0x00007ffccf62b000 	C:\Users\shon6\.jdks\openjdk-19.0.1\bin\management_ext.dll
0x00007ffcd7410000 - 0x00007ffcd7418000 	C:\Windows\System32\PSAPI.DLL
0x00007ffcd5dd0000 - 0x00007ffcd5de8000 	C:\Windows\SYSTEM32\CRYPTSP.dll
0x00007ffcd54f0000 - 0x00007ffcd5524000 	C:\Windows\system32\rsaenh.dll
0x00007ffcd6b70000 - 0x00007ffcd6b97000 	C:\Windows\System32\bcrypt.dll
0x00007ffcd63f0000 - 0x00007ffcd641e000 	C:\Windows\SYSTEM32\USERENV.dll
0x00007ffcd5dc0000 - 0x00007ffcd5dcc000 	C:\Windows\SYSTEM32\CRYPTBASE.dll
0x00007ffcd58c0000 - 0x00007ffcd58fc000 	C:\Windows\SYSTEM32\IPHLPAPI.DLL
0x00007ffcd70f0000 - 0x00007ffcd70f8000 	C:\Windows\System32\NSI.dll
0x00007ffcd1080000 - 0x00007ffcd1097000 	C:\Windows\SYSTEM32\dhcpcsvc6.DLL
0x00007ffcd0d50000 - 0x00007ffcd0d6d000 	C:\Windows\SYSTEM32\dhcpcsvc.DLL
0x00007ffcd5900000 - 0x00007ffcd59cb000 	C:\Windows\SYSTEM32\DNSAPI.dll
0x00007ffccf610000 - 0x00007ffccf618000 	C:\Users\shon6\.jdks\openjdk-19.0.1\bin\extnet.dll
0x00007ffccf5a0000 - 0x00007ffccf5ae000 	C:\Users\shon6\.jdks\openjdk-19.0.1\bin\sunmscapi.dll
0x00007ffcd67f0000 - 0x00007ffcd694e000 	C:\Windows\System32\CRYPT32.dll
0x00007ffcd5ee0000 - 0x00007ffcd5f08000 	C:\Windows\SYSTEM32\ncrypt.dll
0x00007ffcd5ea0000 - 0x00007ffcd5edb000 	C:\Windows\SYSTEM32\NTASN1.dll
0x00007ffccf570000 - 0x00007ffccf577000 	C:\Windows\system32\wshunix.dll
0x00007ffcd0270000 - 0x00007ffcd027a000 	C:\Windows\System32\rasadhlp.dll
0x00007ffccf920000 - 0x00007ffccf9a2000 	C:\Windows\System32\fwpuclnt.dll

dbghelp: loaded successfully - version: 4.0.5 - missing functions: none
symbol engine: initialized successfully - sym options: 0x614 - pdb path: .;C:\Users\shon6\.jdks\openjdk-19.0.1\bin;C:\Windows\SYSTEM32;C:\Windows\WinSxS\amd64_microsoft.windows.common-controls_6595b64144ccf1df_6.0.19041.1110_none_60b5254171f9507e;C:\Users\shon6\.jdks\openjdk-19.0.1\bin\server;C:\Users\shon6\.gradle\native\68d5fa5c4cc2d200863cafc0d521ce42e7d3e7ee720ec0a83991735586a16f82\windows-amd64;C:\Users\shon6\.gradle\native\e376f236ea51e6404a007f0833ffe2c6e607c4080706a723a18a27aeea778392\windows-amd64

VM Arguments:
jvm_args: --add-opens=java.base/java.util=ALL-UNNAMED --add-opens=java.base/java.lang=ALL-UNNAMED --add-opens=java.base/java.lang.invoke=ALL-UNNAMED --add-opens=java.prefs/java.util.prefs=ALL-UNNAMED --add-opens=java.base/java.nio.charset=ALL-UNNAMED --add-opens=java.base/java.net=ALL-UNNAMED --add-opens=java.base/java.util.concurrent.atomic=ALL-UNNAMED -Xmx2048m -Dfile.encoding=UTF-8 -Duser.country=US -Duser.language=en -Duser.variant 
java_command: org.gradle.launcher.daemon.bootstrap.GradleDaemon 7.6
java_class_path (initial): C:\Users\shon6\.gradle\wrapper\dists\gradle-7.6-bin\9l9tetv7ltxvx3i8an4pb86ye\gradle-7.6\lib\gradle-launcher-7.6.jar
Launcher Type: SUN_STANDARD

[Global flags]
     intx CICompilerCount                          = 4                                         {product} {ergonomic}
     uint ConcGCThreads                            = 2                                         {product} {ergonomic}
     uint G1ConcRefinementThreads                  = 8                                         {product} {ergonomic}
   size_t G1HeapRegionSize                         = 1048576                                   {product} {ergonomic}
    uintx GCDrainStackTargetSize                   = 64                                        {product} {ergonomic}
   size_t InitialHeapSize                          = 234881024                                 {product} {ergonomic}
   size_t MarkStackSize                            = 4194304                                   {product} {ergonomic}
   size_t MaxHeapSize                              = 2147483648                                {product} {command line}
   size_t MaxNewSize                               = 1287651328                                {product} {ergonomic}
   size_t MinHeapDeltaBytes                        = 1048576                                   {product} {ergonomic}
   size_t MinHeapSize                              = 8388608                                   {product} {ergonomic}
    uintx NonNMethodCodeHeapSize                   = 5839372                                {pd product} {ergonomic}
    uintx NonProfiledCodeHeapSize                  = 122909434                              {pd product} {ergonomic}
    uintx ProfiledCodeHeapSize                     = 122909434                              {pd product} {ergonomic}
    uintx ReservedCodeCacheSize                    = 251658240                              {pd product} {ergonomic}
     bool SegmentedCodeCache                       = true                                      {product} {ergonomic}
   size_t SoftMaxHeapSize                          = 2147483648                             {manageable} {ergonomic}
     bool UseCompressedClassPointers               = true                           {product lp64_product} {ergonomic}
     bool UseCompressedOops                        = true                           {product lp64_product} {ergonomic}
     bool UseG1GC                                  = true                                      {product} {ergonomic}
     bool UseLargePagesIndividualAllocation        = false                                  {pd product} {ergonomic}

Logging:
Log output configuration:
 #0: stdout all=warning uptime,level,tags foldmultilines=false
 #1: stderr all=off uptime,level,tags foldmultilines=false

Environment Variables:
PATH=C:\Program Files\Common Files\Oracle\Java\javapath;C:\Program Files (x86)\Razer Chroma SDK\bin;C:\Program Files\Razer Chroma SDK\bin;C:\Program Files (x86)\Razer\ChromaBroadcast\bin;C:\Program Files\Razer\ChromaBroadcast\bin;C:\Windows\system32;C:\Windows;C:\Windows\System32\Wbem;C:\Windows\System32\WindowsPowerShell\v1.0\;C:\Windows\System32\OpenSSH\;C:\Windows\system32\config\systemprofile\AppData\Local\Microsoft\WindowsApps;C:\Program Files\dotnet\;C:\Program Files\Java\jdk-20\bin;C:\Users\shon6\AppData\Local\Microsoft\WindowsApps;C:\Users\shon6\AppData\Local\GitHubDesktop\bin
USERNAME=shon6
OS=Windows_NT
PROCESSOR_IDENTIFIER=AMD64 Family 23 Model 24 Stepping 1, AuthenticAMD
TMP=C:\Users\shon6\AppData\Local\Temp
TEMP=C:\Users\shon6\AppData\Local\Temp



---------------  S Y S T E M  ---------------

OS:
 Windows 10 , 64 bit Build 19041 (10.0.19041.2913)
OS uptime: 18 days 18:37 hours

CPU: total 8 (initial active 8) (8 cores per cpu, 2 threads per core) family 23 model 24 stepping 1 microcode 0x0, cx8, cmov, fxsr, ht, mmx, 3dnowpref, sse, sse2, sse3, ssse3, sse4a, sse4.1, sse4.2, popcnt, lzcnt, tsc, tscinvbit, avx, avx2, aes, clmul, bmi1, bmi2, adx, sha, fma, vzeroupper, clflush, clflushopt, rdtscp

Memory: 4k page, system-wide physical 14284M (360M free)
TotalPageFile size 28424M (AvailPageFile size 0M)
current process WorkingSet (physical memory assigned to process): 405M, peak: 405M
current process commit charge ("private bytes"): 452M, peak: 460M

vm_info: OpenJDK 64-Bit Server VM (19.0.1+10-21) for windows-amd64 JRE (19.0.1+10-21), built on 2022-09-14T12:45:06Z by "mach5one" with MS VC++ 17.1 (VS2022)

END.
